[2024.12.16 23:31:50 - info ] Trading sessions loaded
[2024.12.16 23:31:50 - warning] No session configured for CFFEX.TL
[2024.12.16 23:31:50 - warning] No session configured for CZCE.PK
[2024.12.16 23:31:50 - warning] No session configured for CZCE.PR
[2024.12.16 23:31:50 - warning] No session configured for CZCE.PX
[2024.12.16 23:31:50 - warning] No session configured for CZCE.SH
[2024.12.16 23:31:50 - warning] No session configured for GFEX.lc
[2024.12.16 23:31:50 - warning] No session configured for GFEX.si
[2024.12.16 23:31:50 - warning] No session configured for INE.ec
[2024.12.16 23:31:50 - warning] No session configured for SHFE.ao
[2024.12.16 23:31:50 - warning] No session configured for SHFE.br
[2024.12.16 23:31:50 - info ] Commodities configuration file ../common/commodities.json loaded
[2024.12.16 23:31:50 - warning] No session configured for CFFEX.IM
[2024.12.16 23:31:50 - warning] Commodity CFFEX.IM not found, contract IM2412 skipped
[2024.12.16 23:31:50 - warning] Commodity CFFEX.IM not found, contract IM2501 skipped
[2024.12.16 23:31:50 - warning] Commodity CFFEX.IM not found, contract IM2503 skipped
[2024.12.16 23:31:50 - warning] Commodity CFFEX.IM not found, contract IM2506 skipped
[2024.12.16 23:31:50 - warning] Commodity CFFEX.TL not found, contract TL2503 skipped
[2024.12.16 23:31:50 - warning] Commodity CFFEX.TL not found, contract TL2506 skipped
[2024.12.16 23:31:50 - warning] Commodity CFFEX.TL not found, contract TL2509 skipped
[2024.12.16 23:31:50 - warning] Commodity CZCE.PK not found, contract PK501 skipped
[2024.12.16 23:31:50 - warning] Commodity CZCE.PK not found, contract PK503 skipped
[2024.12.16 23:31:50 - warning] Commodity CZCE.PK not found, contract PK504 skipped
[2024.12.16 23:31:50 - warning] Commodity CZCE.PK not found, contract PK505 skipped
[2024.12.16 23:31:50 - warning] Commodity CZCE.PK not found, contract PK510 skipped
[2024.12.16 23:31:50 - warning] Commodity CZCE.PK not found, contract PK511 skipped
[2024.12.16 23:31:50 - warning] Commodity CZCE.PK not found, contract PK512 skipped
[2024.12.16 23:31:50 - warning] Commodity CZCE.PR not found, contract PR503 skipped
[2024.12.16 23:31:50 - warning] Commodity CZCE.PR not found, contract PR504 skipped
[2024.12.16 23:31:50 - warning] Commodity CZCE.PR not found, contract PR505 skipped
[2024.12.16 23:31:50 - warning] Commodity CZCE.PR not found, contract PR506 skipped
[2024.12.16 23:31:50 - warning] Commodity CZCE.PR not found, contract PR507 skipped
[2024.12.16 23:31:50 - warning] Commodity CZCE.PR not found, contract PR508 skipped
[2024.12.16 23:31:50 - warning] Commodity CZCE.PR not found, contract PR509 skipped
[2024.12.16 23:31:50 - warning] Commodity CZCE.PR not found, contract PR510 skipped
[2024.12.16 23:31:50 - warning] Commodity CZCE.PR not found, contract PR511 skipped
[2024.12.16 23:31:50 - warning] Commodity CZCE.PR not found, contract PR512 skipped
[2024.12.16 23:31:50 - warning] Commodity CZCE.PX not found, contract PX501 skipped
[2024.12.16 23:31:50 - warning] Commodity CZCE.PX not found, contract PX502 skipped
[2024.12.16 23:31:50 - warning] Commodity CZCE.PX not found, contract PX503 skipped
[2024.12.16 23:31:50 - warning] Commodity CZCE.PX not found, contract PX504 skipped
[2024.12.16 23:31:50 - warning] Commodity CZCE.PX not found, contract PX505 skipped
[2024.12.16 23:31:50 - warning] Commodity CZCE.PX not found, contract PX506 skipped
[2024.12.16 23:31:50 - warning] Commodity CZCE.PX not found, contract PX507 skipped
[2024.12.16 23:31:50 - warning] Commodity CZCE.PX not found, contract PX508 skipped
[2024.12.16 23:31:50 - warning] Commodity CZCE.PX not found, contract PX509 skipped
[2024.12.16 23:31:50 - warning] Commodity CZCE.PX not found, contract PX510 skipped
[2024.12.16 23:31:50 - warning] Commodity CZCE.PX not found, contract PX511 skipped
[2024.12.16 23:31:50 - warning] Commodity CZCE.PX not found, contract PX512 skipped
[2024.12.16 23:31:50 - warning] Commodity CZCE.SH not found, contract SH501 skipped
[2024.12.16 23:31:50 - warning] Commodity CZCE.SH not found, contract SH502 skipped
[2024.12.16 23:31:50 - warning] Commodity CZCE.SH not found, contract SH503 skipped
[2024.12.16 23:31:50 - warning] Commodity CZCE.SH not found, contract SH505 skipped
[2024.12.16 23:31:50 - warning] Commodity CZCE.SH not found, contract SH506 skipped
[2024.12.16 23:31:50 - warning] Commodity CZCE.SH not found, contract SH507 skipped
[2024.12.16 23:31:50 - warning] Commodity CZCE.SH not found, contract SH508 skipped
[2024.12.16 23:31:50 - warning] Commodity CZCE.SH not found, contract SH509 skipped
[2024.12.16 23:31:50 - warning] Commodity CZCE.SH not found, contract SH510 skipped
[2024.12.16 23:31:50 - warning] Commodity CZCE.SH not found, contract SH511 skipped
[2024.12.16 23:31:50 - warning] Commodity CZCE.SH not found, contract SH512 skipped
[2024.12.16 23:31:50 - warning] Commodity CZCE.SH not found, contract SH504 skipped
[2024.12.16 23:31:50 - warning] Commodity GFEX.lc not found, contract lc2501 skipped
[2024.12.16 23:31:50 - warning] Commodity GFEX.lc not found, contract lc2502 skipped
[2024.12.16 23:31:50 - warning] Commodity GFEX.lc not found, contract lc2503 skipped
[2024.12.16 23:31:50 - warning] Commodity GFEX.lc not found, contract lc2504 skipped
[2024.12.16 23:31:50 - warning] Commodity GFEX.lc not found, contract lc2505 skipped
[2024.12.16 23:31:50 - warning] Commodity GFEX.lc not found, contract lc2506 skipped
[2024.12.16 23:31:50 - warning] Commodity GFEX.lc not found, contract lc2507 skipped
[2024.12.16 23:31:50 - warning] Commodity GFEX.lc not found, contract lc2508 skipped
[2024.12.16 23:31:50 - warning] Commodity GFEX.lc not found, contract lc2509 skipped
[2024.12.16 23:31:50 - warning] Commodity GFEX.lc not found, contract lc2510 skipped
[2024.12.16 23:31:50 - warning] Commodity GFEX.lc not found, contract lc2511 skipped
[2024.12.16 23:31:50 - warning] Commodity GFEX.lc not found, contract lc2512 skipped
[2024.12.16 23:31:50 - warning] Commodity GFEX.si not found, contract si2501 skipped
[2024.12.16 23:31:50 - warning] Commodity GFEX.si not found, contract si2502 skipped
[2024.12.16 23:31:50 - warning] Commodity GFEX.si not found, contract si2503 skipped
[2024.12.16 23:31:50 - warning] Commodity GFEX.si not found, contract si2504 skipped
[2024.12.16 23:31:50 - warning] Commodity GFEX.si not found, contract si2505 skipped
[2024.12.16 23:31:50 - warning] Commodity GFEX.si not found, contract si2506 skipped
[2024.12.16 23:31:50 - warning] Commodity GFEX.si not found, contract si2507 skipped
[2024.12.16 23:31:50 - warning] Commodity GFEX.si not found, contract si2508 skipped
[2024.12.16 23:31:50 - warning] Commodity GFEX.si not found, contract si2509 skipped
[2024.12.16 23:31:50 - warning] Commodity GFEX.si not found, contract si2510 skipped
[2024.12.16 23:31:50 - warning] Commodity GFEX.si not found, contract si2511 skipped
[2024.12.16 23:31:50 - warning] Commodity GFEX.si not found, contract si2512 skipped
[2024.12.16 23:31:50 - warning] Commodity INE.ec not found, contract ec2412 skipped
[2024.12.16 23:31:50 - warning] Commodity INE.ec not found, contract ec2502 skipped
[2024.12.16 23:31:50 - warning] Commodity INE.ec not found, contract ec2504 skipped
[2024.12.16 23:31:50 - warning] Commodity INE.ec not found, contract ec2506 skipped
[2024.12.16 23:31:50 - warning] Commodity INE.ec not found, contract ec2508 skipped
[2024.12.16 23:31:50 - warning] Commodity INE.ec not found, contract ec2510 skipped
[2024.12.16 23:31:50 - warning] Commodity SHFE.ao not found, contract ao2501 skipped
[2024.12.16 23:31:50 - warning] Commodity SHFE.ao not found, contract ao2502 skipped
[2024.12.16 23:31:50 - warning] Commodity SHFE.ao not found, contract ao2503 skipped
[2024.12.16 23:31:50 - warning] Commodity SHFE.ao not found, contract ao2504 skipped
[2024.12.16 23:31:50 - warning] Commodity SHFE.ao not found, contract ao2505 skipped
[2024.12.16 23:31:50 - warning] Commodity SHFE.ao not found, contract ao2506 skipped
[2024.12.16 23:31:50 - warning] Commodity SHFE.ao not found, contract ao2507 skipped
[2024.12.16 23:31:50 - warning] Commodity SHFE.ao not found, contract ao2508 skipped
[2024.12.16 23:31:50 - warning] Commodity SHFE.ao not found, contract ao2509 skipped
[2024.12.16 23:31:50 - warning] Commodity SHFE.ao not found, contract ao2510 skipped
[2024.12.16 23:31:50 - warning] Commodity SHFE.ao not found, contract ao2511 skipped
[2024.12.16 23:31:50 - warning] Commodity SHFE.ao not found, contract ao2512 skipped
[2024.12.16 23:31:50 - warning] Commodity SHFE.br not found, contract br2501 skipped
[2024.12.16 23:31:50 - warning] Commodity SHFE.br not found, contract br2502 skipped
[2024.12.16 23:31:50 - warning] Commodity SHFE.br not found, contract br2503 skipped
[2024.12.16 23:31:50 - warning] Commodity SHFE.br not found, contract br2504 skipped
[2024.12.16 23:31:50 - warning] Commodity SHFE.br not found, contract br2505 skipped
[2024.12.16 23:31:50 - warning] Commodity SHFE.br not found, contract br2506 skipped
[2024.12.16 23:31:50 - warning] Commodity SHFE.br not found, contract br2507 skipped
[2024.12.16 23:31:50 - warning] Commodity SHFE.br not found, contract br2508 skipped
[2024.12.16 23:31:50 - warning] Commodity SHFE.br not found, contract br2509 skipped
[2024.12.16 23:31:50 - warning] Commodity SHFE.br not found, contract br2510 skipped
[2024.12.16 23:31:50 - warning] Commodity SHFE.br not found, contract br2511 skipped
[2024.12.16 23:31:50 - warning] Commodity SHFE.br not found, contract br2512 skipped
[2024.12.16 23:31:50 - info ] Contracts configuration file ../common/contracts.json loaded, 5 exchanges
[2024.12.16 23:31:50 - info ] Holidays loaded
[2024.12.16 23:31:50 - info ] Data storage module /home/yun/wondertrader_demos/QuateFactory_ubuntu/libWtDataStorage.so loaded
[2024.12.16 23:31:50 - info ] WtDataWriter initialized, root dir: ../FUT_Data/, save_csv_tick: false, async_mode: true, log_group_size: 100, disable_history: false, disable_tick: false, disable_min1: false, disable_min5: false, disable_day: false, disable_trans: false, disable_ordque: false, disable_orders: false, min_price_mode: 0
[2024.12.16 23:31:50 - info ] Reading parser config from mdparsers.yaml...
[2024.12.16 23:31:50 - info ] [parser] Parser module /home/yun/wondertrader_demos/QuateFactory_ubuntu/parsers/libParserCTP.so loaded
[2024.12.16 23:31:50 - info ] 1 market data parsers loaded in total
[2024.12.16 23:31:50 - info ] 1 parsers started
[2024.12.16 23:31:50 - info ] Trading session 期货白盘0900[FD0900] stopped receiving data
[2024.12.16 23:31:50 - info ] Trading session 期货白盘0915[FD0915] stopped receiving data
[2024.12.16 23:31:50 - info ] Trading session 期货夜盘0100[FN0100] started receiving data
[2024.12.16 23:31:50 - info ] Trading session 期货夜盘0230[FN0230] started receiving data
[2024.12.16 23:31:50 - info ] Trading session 期货夜盘2300[FN2300] paused receiving data
[2024.12.16 23:31:50 - info ] No corresponding instrument of trading session 期货夜盘2330[FN2330], changed into holiday state
[2024.12.16 23:31:50 - info ] All instruments of trading session 期货夜盘2330[FN2330] are in holiday, changed into holiday state
[2024.12.16 23:31:50 - info ] Trading session 股票白盘0930[SD0930] stopped receiving data
[2024.12.16 23:31:51 - info ] [ParserCTP] Market data server connected
[2024.12.16 23:31:51 - info ] [ParserCTP] Market data server logined, 20241217
[2024.12.16 23:31:51 - info ] [ParserCTP] Market data of 671 contracts subscribed totally
[2024.12.16 23:31:51 - info ] First tick of new tradingday 20241217,INE.sc2501,549.6,17484,9590175500,18474,-699
[2024.12.16 23:31:51 - info ] Data file ../FUT_Data/rt/ticks/INE/sc2501.dmb not exists, initializing...
[2024.12.16 23:31:51 - info ] Data file ../FUT_Data/rt/min1/INE/sc2501.dmb not exists, initializing...
[2024.12.16 23:31:51 - info ] Data file ../FUT_Data/rt/min5/INE/sc2501.dmb not exists, initializing...
[2024.12.16 23:31:51 - info ] First tick of new tradingday 20241217,INE.sc2502,547.5,22262,12167844600,30179,1965
[2024.12.16 23:31:51 - info ] Data file ../FUT_Data/rt/ticks/INE/sc2502.dmb not exists, initializing...
[2024.12.16 23:31:51 - info ] Data file ../FUT_Data/rt/min1/INE/sc2502.dmb not exists, initializing...
[2024.12.16 23:31:51 - info ] Data file ../FUT_Data/rt/min5/INE/sc2502.dmb not exists, initializing...
[2024.12.16 23:31:51 - info ] First tick of new tradingday 20241217,INE.sc2503,544.4,2017,1095806500,5575,-80
[2024.12.16 23:31:51 - info ] Data file ../FUT_Data/rt/ticks/INE/sc2503.dmb not exists, initializing...
[2024.12.16 23:31:51 - info ] Data file ../FUT_Data/rt/min1/INE/sc2503.dmb not exists, initializing...
[2024.12.16 23:31:51 - info ] Data file ../FUT_Data/rt/min5/INE/sc2503.dmb not exists, initializing...
[2024.12.16 23:31:51 - info ] First tick of new tradingday 20241217,INE.sc2504,541.4,42,22672300,376,1
[2024.12.16 23:31:51 - info ] Data file ../FUT_Data/rt/ticks/INE/sc2504.dmb not exists, initializing...
[2024.12.16 23:31:51 - info ] Data file ../FUT_Data/rt/min1/INE/sc2504.dmb not exists, initializing...
[2024.12.16 23:31:51 - info ] Data file ../FUT_Data/rt/min5/INE/sc2504.dmb not exists, initializing...
[2024.12.16 23:31:51 - info ] First tick of new tradingday 20241217,INE.sc2505,538,50,26845200,202,9
[2024.12.16 23:31:51 - info ] Data file ../FUT_Data/rt/ticks/INE/sc2505.dmb not exists, initializing...
[2024.12.16 23:31:51 - info ] Data file ../FUT_Data/rt/min1/INE/sc2505.dmb not exists, initializing...
[2024.12.16 23:31:51 - info ] Data file ../FUT_Data/rt/min5/INE/sc2505.dmb not exists, initializing...
[2024.12.16 23:31:51 - info ] First tick of new tradingday 20241217,INE.sc2506,534.9,18,9613500,416,7
[2024.12.16 23:31:51 - info ] Data file ../FUT_Data/rt/ticks/INE/sc2506.dmb not exists, initializing...
[2024.12.16 23:31:51 - info ] Data file ../FUT_Data/rt/min1/INE/sc2506.dmb not exists, initializing...
[2024.12.16 23:31:51 - info ] Data file ../FUT_Data/rt/min5/INE/sc2506.dmb not exists, initializing...
[2024.12.16 23:31:51 - info ] First tick of new tradingday 20241217,INE.sc2507,532.3,1,532300,18,18
[2024.12.16 23:31:51 - info ] Data file ../FUT_Data/rt/ticks/INE/sc2507.dmb not exists, initializing...
[2024.12.16 23:31:51 - info ] Data file ../FUT_Data/rt/min1/INE/sc2507.dmb not exists, initializing...
[2024.12.16 23:31:51 - info ] Data file ../FUT_Data/rt/min5/INE/sc2507.dmb not exists, initializing...
[2024.12.16 23:31:51 - info ] First tick of new tradingday 20241217,INE.sc2508,531.3,0,0,16,0
[2024.12.16 23:31:51 - info ] Data file ../FUT_Data/rt/ticks/INE/sc2508.dmb not exists, initializing...
[2024.12.16 23:31:51 - info ] Data file ../FUT_Data/rt/min1/INE/sc2508.dmb not exists, initializing...
[2024.12.16 23:31:51 - info ] Data file ../FUT_Data/rt/min5/INE/sc2508.dmb not exists, initializing...
[2024.12.16 23:31:51 - info ] First tick of new tradingday 20241217,INE.sc2509,530.7,3,1590900,49,49
[2024.12.16 23:31:51 - info ] Data file ../FUT_Data/rt/ticks/INE/sc2509.dmb not exists, initializing...
[2024.12.16 23:31:51 - info ] Data file ../FUT_Data/rt/min1/INE/sc2509.dmb not exists, initializing...
[2024.12.16 23:31:51 - info ] Data file ../FUT_Data/rt/min5/INE/sc2509.dmb not exists, initializing...
[2024.12.16 23:31:51 - info ] First tick of new tradingday 20241217,INE.sc2510,526.7,3,1581900,8,2
[2024.12.16 23:31:51 - info ] Data file ../FUT_Data/rt/ticks/INE/sc2510.dmb not exists, initializing...
[2024.12.16 23:31:51 - info ] Data file ../FUT_Data/rt/min1/INE/sc2510.dmb not exists, initializing...
[2024.12.16 23:31:51 - info ] Data file ../FUT_Data/rt/min5/INE/sc2510.dmb not exists, initializing...
[2024.12.16 23:31:51 - info ] First tick of new tradingday 20241217,INE.sc2511,519.4,0,0,3,3
[2024.12.16 23:31:51 - info ] Data file ../FUT_Data/rt/ticks/INE/sc2511.dmb not exists, initializing...
[2024.12.16 23:31:51 - info ] Data file ../FUT_Data/rt/min1/INE/sc2511.dmb not exists, initializing...
[2024.12.16 23:31:51 - info ] Data file ../FUT_Data/rt/min5/INE/sc2511.dmb not exists, initializing...
[2024.12.16 23:31:51 - info ] First tick of new tradingday 20241217,INE.sc2512,524.3,9,4714900,44,44
[2024.12.16 23:31:51 - info ] Data file ../FUT_Data/rt/ticks/INE/sc2512.dmb not exists, initializing...
[2024.12.16 23:31:51 - info ] Data file ../FUT_Data/rt/min1/INE/sc2512.dmb not exists, initializing...
[2024.12.16 23:31:51 - info ] Data file ../FUT_Data/rt/min5/INE/sc2512.dmb not exists, initializing...
[2024.12.16 23:31:51 - info ] First tick of new tradingday 20241217,SHFE.cu2501,74640,15462,5773660350,137334,-2889
[2024.12.16 23:31:51 - info ] Data file ../FUT_Data/rt/ticks/SHFE/cu2501.dmb not exists, initializing...
[2024.12.16 23:31:51 - info ] Data file ../FUT_Data/rt/min1/SHFE/cu2501.dmb not exists, initializing...
[2024.12.16 23:31:51 - info ] Data file ../FUT_Data/rt/min5/SHFE/cu2501.dmb not exists, initializing...
[2024.12.16 23:31:51 - info ] First tick of new tradingday 20241217,SHFE.cu2502,74680,7431,2775728450,117178,37
[2024.12.16 23:31:51 - info ] Data file ../FUT_Data/rt/ticks/SHFE/cu2502.dmb not exists, initializing...
[2024.12.16 23:31:51 - info ] Data file ../FUT_Data/rt/min1/SHFE/cu2502.dmb not exists, initializing...
[2024.12.16 23:31:51 - info ] Data file ../FUT_Data/rt/min5/SHFE/cu2502.dmb not exists, initializing...
[2024.12.16 23:31:51 - info ] First tick of new tradingday 20241217,SHFE.cu2503,74750,6066,2268824200,63836,213
[2024.12.16 23:31:51 - info ] Data file ../FUT_Data/rt/ticks/SHFE/cu2503.dmb not exists, initializing...
[2024.12.16 23:31:51 - info ] Data file ../FUT_Data/rt/min1/SHFE/cu2503.dmb not exists, initializing...
[2024.12.16 23:31:51 - info ] Data file ../FUT_Data/rt/min5/SHFE/cu2503.dmb not exists, initializing...
[2024.12.16 23:31:51 - info ] First tick of new tradingday 20241217,SHFE.cu2504,74860,707,264714050,22997,186
[2024.12.16 23:31:51 - info ] Data file ../FUT_Data/rt/ticks/SHFE/cu2504.dmb not exists, initializing...
[2024.12.16 23:31:51 - info ] Data file ../FUT_Data/rt/min1/SHFE/cu2504.dmb not exists, initializing...
[2024.12.16 23:31:51 - info ] Data file ../FUT_Data/rt/min5/SHFE/cu2504.dmb not exists, initializing...
[2024.12.16 23:31:51 - info ] First tick of new tradingday 20241217,SHFE.cu2505,74890,868,325213600,12907,281
[2024.12.16 23:31:51 - info ] Data file ../FUT_Data/rt/ticks/SHFE/cu2505.dmb not exists, initializing...
[2024.12.16 23:31:51 - info ] Data file ../FUT_Data/rt/min1/SHFE/cu2505.dmb not exists, initializing...
[2024.12.16 23:31:51 - info ] Data file ../FUT_Data/rt/min5/SHFE/cu2505.dmb not exists, initializing...
[2024.12.16 23:31:51 - info ] First tick of new tradingday 20241217,SHFE.cu2506,74910,120,44973400,6573,-20
[2024.12.16 23:31:51 - info ] Data file ../FUT_Data/rt/ticks/SHFE/cu2506.dmb not exists, initializing...
[2024.12.16 23:31:51 - info ] Data file ../FUT_Data/rt/min1/SHFE/cu2506.dmb not exists, initializing...
[2024.12.16 23:31:51 - info ] Data file ../FUT_Data/rt/min5/SHFE/cu2506.dmb not exists, initializing...
[2024.12.16 23:31:51 - info ] First tick of new tradingday 20241217,SHFE.cu2507,74990,20,7497700,2742,3
[2024.12.16 23:31:51 - info ] Data file ../FUT_Data/rt/ticks/SHFE/cu2507.dmb not exists, initializing...
[2024.12.16 23:31:51 - info ] Data file ../FUT_Data/rt/min1/SHFE/cu2507.dmb not exists, initializing...
[2024.12.16 23:31:51 - info ] Data file ../FUT_Data/rt/min5/SHFE/cu2507.dmb not exists, initializing...
[2024.12.16 23:31:51 - info ] First tick of new tradingday 20241217,SHFE.cu2508,74930,27,10136150,1413,2
[2024.12.16 23:31:51 - info ] Data file ../FUT_Data/rt/ticks/SHFE/cu2508.dmb not exists, initializing...
[2024.12.16 23:31:51 - info ] Data file ../FUT_Data/rt/min1/SHFE/cu2508.dmb not exists, initializing...
[2024.12.16 23:31:51 - info ] Data file ../FUT_Data/rt/min5/SHFE/cu2508.dmb not exists, initializing...
[2024.12.16 23:31:51 - info ] First tick of new tradingday 20241217,SHFE.cu2509,74980,19,7126500,1571,-1
[2024.12.16 23:31:51 - info ] Data file ../FUT_Data/rt/ticks/SHFE/cu2509.dmb not exists, initializing...
[2024.12.16 23:31:51 - info ] Data file ../FUT_Data/rt/min1/SHFE/cu2509.dmb not exists, initializing...
[2024.12.16 23:31:51 - info ] Data file ../FUT_Data/rt/min5/SHFE/cu2509.dmb not exists, initializing...
[2024.12.16 23:31:51 - info ] First tick of new tradingday 20241217,SHFE.al2501,20115,9396,946377175,92322,-879
[2024.12.16 23:31:51 - info ] Data file ../FUT_Data/rt/ticks/SHFE/al2501.dmb not exists, initializing...
[2024.12.16 23:31:51 - info ] Data file ../FUT_Data/rt/min1/SHFE/al2501.dmb not exists, initializing...
[2024.12.16 23:31:51 - info ] Data file ../FUT_Data/rt/min5/SHFE/al2501.dmb not exists, initializing...
[2024.12.16 23:31:51 - info ] First tick of new tradingday 20241217,SHFE.al2502,20140,37186,3749284050,190008,4154
[2024.12.16 23:31:51 - info ] Data file ../FUT_Data/rt/ticks/SHFE/al2502.dmb not exists, initializing...
[2024.12.16 23:31:51 - info ] Data file ../FUT_Data/rt/min1/SHFE/al2502.dmb not exists, initializing...
[2024.12.16 23:31:51 - info ] Data file ../FUT_Data/rt/min5/SHFE/al2502.dmb not exists, initializing...
[2024.12.16 23:31:51 - info ] First tick of new tradingday 20241217,SHFE.al2503,20175,9123,921860550,82512,3214
[2024.12.16 23:31:51 - info ] Data file ../FUT_Data/rt/ticks/SHFE/al2503.dmb not exists, initializing...
[2024.12.16 23:31:51 - info ] Data file ../FUT_Data/rt/min1/SHFE/al2503.dmb not exists, initializing...
[2024.12.16 23:31:51 - info ] Data file ../FUT_Data/rt/min5/SHFE/al2503.dmb not exists, initializing...
[2024.12.16 23:31:51 - info ] First tick of new tradingday 20241217,SHFE.al2504,20205,2366,239402700,23270,869
[2024.12.16 23:31:51 - info ] Data file ../FUT_Data/rt/ticks/SHFE/al2504.dmb not exists, initializing...
[2024.12.16 23:31:51 - info ] Data file ../FUT_Data/rt/min1/SHFE/al2504.dmb not exists, initializing...
[2024.12.16 23:31:51 - info ] Data file ../FUT_Data/rt/min5/SHFE/al2504.dmb not exists, initializing...
[2024.12.16 23:31:51 - info ] First tick of new tradingday 20241217,SHFE.al2505,20240,1913,193806700,14556,515
[2024.12.16 23:31:51 - info ] Data file ../FUT_Data/rt/ticks/SHFE/al2505.dmb not exists, initializing...
[2024.12.16 23:31:51 - info ] Data file ../FUT_Data/rt/min1/SHFE/al2505.dmb not exists, initializing...
[2024.12.16 23:31:51 - info ] Data file ../FUT_Data/rt/min5/SHFE/al2505.dmb not exists, initializing...
[2024.12.16 23:31:51 - info ] First tick of new tradingday 20241217,SHFE.al2506,20260,1143,115964175,5473,554
[2024.12.16 23:31:51 - info ] Data file ../FUT_Data/rt/ticks/SHFE/al2506.dmb not exists, initializing...
[2024.12.16 23:31:51 - info ] Data file ../FUT_Data/rt/min1/SHFE/al2506.dmb not exists, initializing...
[2024.12.16 23:31:51 - info ] Data file ../FUT_Data/rt/min5/SHFE/al2506.dmb not exists, initializing...
[2024.12.16 23:31:51 - info ] First tick of new tradingday 20241217,SHFE.al2507,20280,129,13099025,1497,44
[2024.12.16 23:31:51 - info ] Data file ../FUT_Data/rt/ticks/SHFE/al2507.dmb not exists, initializing...
[2024.12.16 23:31:51 - info ] Data file ../FUT_Data/rt/min1/SHFE/al2507.dmb not exists, initializing...
[2024.12.16 23:31:51 - info ] Data file ../FUT_Data/rt/min5/SHFE/al2507.dmb not exists, initializing...
[2024.12.16 23:31:51 - info ] First tick of new tradingday 20241217,SHFE.al2508,20285,57,5797475,666,-1
[2024.12.16 23:31:51 - info ] Data file ../FUT_Data/rt/ticks/SHFE/al2508.dmb not exists, initializing...
[2024.12.16 23:31:51 - info ] Data file ../FUT_Data/rt/min1/SHFE/al2508.dmb not exists, initializing...
[2024.12.16 23:31:51 - info ] Data file ../FUT_Data/rt/min5/SHFE/al2508.dmb not exists, initializing...
[2024.12.16 23:31:51 - info ] First tick of new tradingday 20241217,SHFE.al2509,20305,36,3666100,657,2
[2024.12.16 23:31:51 - info ] Data file ../FUT_Data/rt/ticks/SHFE/al2509.dmb not exists, initializing...
[2024.12.16 23:31:51 - info ] Data file ../FUT_Data/rt/min1/SHFE/al2509.dmb not exists, initializing...
[2024.12.16 23:31:51 - info ] Data file ../FUT_Data/rt/min5/SHFE/al2509.dmb not exists, initializing...
[2024.12.16 23:31:51 - info ] First tick of new tradingday 20241217,SHFE.cu2510,75150,7,2624700,827,-3
[2024.12.16 23:31:51 - info ] Data file ../FUT_Data/rt/ticks/SHFE/cu2510.dmb not exists, initializing...
[2024.12.16 23:31:51 - info ] Data file ../FUT_Data/rt/min1/SHFE/cu2510.dmb not exists, initializing...
[2024.12.16 23:31:51 - info ] Data file ../FUT_Data/rt/min5/SHFE/cu2510.dmb not exists, initializing...
[2024.12.16 23:31:51 - info ] First tick of new tradingday 20241217,SHFE.cu2511,75100,6,2254500,472,-5
[2024.12.16 23:31:51 - info ] Data file ../FUT_Data/rt/ticks/SHFE/cu2511.dmb not exists, initializing...
[2024.12.16 23:31:51 - info ] Data file ../FUT_Data/rt/min1/SHFE/cu2511.dmb not exists, initializing...
[2024.12.16 23:31:51 - info ] Data file ../FUT_Data/rt/min5/SHFE/cu2511.dmb not exists, initializing...
[2024.12.16 23:31:51 - info ] First tick of new tradingday 20241217,SHFE.cu2512,74920,0,0,0,0
[2024.12.16 23:31:51 - info ] Data file ../FUT_Data/rt/ticks/SHFE/cu2512.dmb not exists, initializing...
[2024.12.16 23:31:51 - info ] Data file ../FUT_Data/rt/min1/SHFE/cu2512.dmb not exists, initializing...
[2024.12.16 23:31:51 - info ] Data file ../FUT_Data/rt/min5/SHFE/cu2512.dmb not exists, initializing...
[2024.12.16 23:31:51 - info ] First tick of new tradingday 20241217,SHFE.ag2501,7735,3211,372785475,17944,-267
[2024.12.16 23:31:51 - info ] Data file ../FUT_Data/rt/ticks/SHFE/ag2501.dmb not exists, initializing...
[2024.12.16 23:31:51 - info ] Data file ../FUT_Data/rt/min1/SHFE/ag2501.dmb not exists, initializing...
[2024.12.16 23:31:51 - info ] Data file ../FUT_Data/rt/min5/SHFE/ag2501.dmb not exists, initializing...
[2024.12.16 23:31:51 - info ] First tick of new tradingday 20241217,SHFE.ag2502,7749,193230,22474748220,346480,5223
[2024.12.16 23:31:51 - info ] Data file ../FUT_Data/rt/ticks/SHFE/ag2502.dmb not exists, initializing...
[2024.12.16 23:31:51 - info ] Data file ../FUT_Data/rt/min1/SHFE/ag2502.dmb not exists, initializing...
[2024.12.16 23:31:51 - info ] Data file ../FUT_Data/rt/min5/SHFE/ag2502.dmb not exists, initializing...
[2024.12.16 23:31:51 - info ] First tick of new tradingday 20241217,SHFE.ag2503,7761,6837,796464915,25512,428
[2024.12.16 23:31:51 - info ] Data file ../FUT_Data/rt/ticks/SHFE/ag2503.dmb not exists, initializing...
[2024.12.16 23:31:51 - info ] Data file ../FUT_Data/rt/min1/SHFE/ag2503.dmb not exists, initializing...
[2024.12.16 23:31:51 - info ] Data file ../FUT_Data/rt/min5/SHFE/ag2503.dmb not exists, initializing...
[2024.12.16 23:31:51 - info ] First tick of new tradingday 20241217,SHFE.ag2504,7771,66901,7803659205,153005,2817
[2024.12.16 23:31:51 - info ] Data file ../FUT_Data/rt/ticks/SHFE/ag2504.dmb not exists, initializing...
[2024.12.16 23:31:51 - info ] Data file ../FUT_Data/rt/min1/SHFE/ag2504.dmb not exists, initializing...
[2024.12.16 23:31:51 - info ] Data file ../FUT_Data/rt/min5/SHFE/ag2504.dmb not exists, initializing...
[2024.12.16 23:31:51 - info ] First tick of new tradingday 20241217,SHFE.ag2505,7784,5133,599743635,17253,111
[2024.12.16 23:31:51 - info ] Data file ../FUT_Data/rt/ticks/SHFE/ag2505.dmb not exists, initializing...
[2024.12.16 23:31:51 - info ] Data file ../FUT_Data/rt/min1/SHFE/ag2505.dmb not exists, initializing...
[2024.12.16 23:31:51 - info ] Data file ../FUT_Data/rt/min5/SHFE/ag2505.dmb not exists, initializing...
[2024.12.16 23:31:51 - info ] First tick of new tradingday 20241217,SHFE.ag2506,7793,10322,1207408020,110733,294
[2024.12.16 23:31:51 - info ] Data file ../FUT_Data/rt/ticks/SHFE/ag2506.dmb not exists, initializing...
[2024.12.16 23:31:51 - info ] Data file ../FUT_Data/rt/min1/SHFE/ag2506.dmb not exists, initializing...
[2024.12.16 23:31:51 - info ] Data file ../FUT_Data/rt/min5/SHFE/ag2506.dmb not exists, initializing...
[2024.12.16 23:31:51 - info ] First tick of new tradingday 20241217,SHFE.ag2507,7804,473,55427910,11166,78
[2024.12.16 23:31:51 - info ] Data file ../FUT_Data/rt/ticks/SHFE/ag2507.dmb not exists, initializing...
[2024.12.16 23:31:51 - info ] Data file ../FUT_Data/rt/min1/SHFE/ag2507.dmb not exists, initializing...
[2024.12.16 23:31:51 - info ] Data file ../FUT_Data/rt/min5/SHFE/ag2507.dmb not exists, initializing...
[2024.12.16 23:31:51 - info ] First tick of new tradingday 20241217,SHFE.ag2508,7818,1088,127649985,27103,30
[2024.12.16 23:31:51 - info ] Data file ../FUT_Data/rt/ticks/SHFE/ag2508.dmb not exists, initializing...
[2024.12.16 23:31:51 - info ] Data file ../FUT_Data/rt/min1/SHFE/ag2508.dmb not exists, initializing...
[2024.12.16 23:31:51 - info ] Data file ../FUT_Data/rt/min5/SHFE/ag2508.dmb not exists, initializing...
[2024.12.16 23:31:51 - info ] First tick of new tradingday 20241217,SHFE.ag2509,7831,748,87916875,10659,19
[2024.12.16 23:31:51 - info ] Data file ../FUT_Data/rt/ticks/SHFE/ag2509.dmb not exists, initializing...
[2024.12.16 23:31:51 - info ] Data file ../FUT_Data/rt/min1/SHFE/ag2509.dmb not exists, initializing...
[2024.12.16 23:31:51 - info ] Data file ../FUT_Data/rt/min5/SHFE/ag2509.dmb not exists, initializing...
[2024.12.16 23:31:51 - info ] First tick of new tradingday 20241217,SHFE.al2510,20325,7,712275,425,0
[2024.12.16 23:31:51 - info ] Data file ../FUT_Data/rt/ticks/SHFE/al2510.dmb not exists, initializing...
[2024.12.16 23:31:51 - info ] Data file ../FUT_Data/rt/min1/SHFE/al2510.dmb not exists, initializing...
[2024.12.16 23:31:51 - info ] Data file ../FUT_Data/rt/min5/SHFE/al2510.dmb not exists, initializing...
[2024.12.16 23:31:51 - info ] First tick of new tradingday 20241217,SHFE.al2511,20335,6,610450,64,2
[2024.12.16 23:31:51 - info ] Data file ../FUT_Data/rt/ticks/SHFE/al2511.dmb not exists, initializing...
[2024.12.16 23:31:51 - info ] Data file ../FUT_Data/rt/min1/SHFE/al2511.dmb not exists, initializing...
[2024.12.16 23:31:51 - info ] Data file ../FUT_Data/rt/min5/SHFE/al2511.dmb not exists, initializing...
[2024.12.16 23:31:51 - info ] First tick of new tradingday 20241217,SHFE.al2512,20365,8,814525,8,8
[2024.12.16 23:31:51 - info ] Data file ../FUT_Data/rt/ticks/SHFE/al2512.dmb not exists, initializing...
[2024.12.16 23:31:51 - info ] Data file ../FUT_Data/rt/min1/SHFE/al2512.dmb not exists, initializing...
[2024.12.16 23:31:51 - info ] Data file ../FUT_Data/rt/min5/SHFE/al2512.dmb not exists, initializing...
[2024.12.16 23:31:51 - info ] First tick of new tradingday 20241217,SHFE.au2501,620.48,307,190754940,798,4
[2024.12.16 23:31:51 - info ] Data file ../FUT_Data/rt/ticks/SHFE/au2501.dmb not exists, initializing...
[2024.12.16 23:31:51 - info ] Data file ../FUT_Data/rt/min1/SHFE/au2501.dmb not exists, initializing...
[2024.12.16 23:31:51 - info ] Data file ../FUT_Data/rt/min5/SHFE/au2501.dmb not exists, initializing...
[2024.12.16 23:31:51 - info ] First tick of new tradingday 20241217,SHFE.au2502,620.8000000000001,76513,47550636580,159052,-4809
[2024.12.16 23:31:51 - info ] Data file ../FUT_Data/rt/ticks/SHFE/au2502.dmb not exists, initializing...
[2024.12.16 23:31:51 - info ] Data file ../FUT_Data/rt/min1/SHFE/au2502.dmb not exists, initializing...
[2024.12.16 23:31:51 - info ] Data file ../FUT_Data/rt/min5/SHFE/au2502.dmb not exists, initializing...
[2024.12.16 23:31:51 - info ] First tick of new tradingday 20241217,SHFE.au2503,621.46,5,3110860,2,2
[2024.12.16 23:31:51 - info ] Data file ../FUT_Data/rt/ticks/SHFE/au2503.dmb not exists, initializing...
[2024.12.16 23:31:51 - info ] Data file ../FUT_Data/rt/min1/SHFE/au2503.dmb not exists, initializing...
[2024.12.16 23:31:51 - info ] Data file ../FUT_Data/rt/min5/SHFE/au2503.dmb not exists, initializing...
[2024.12.16 23:31:51 - info ] First tick of new tradingday 20241217,SHFE.au2504,622.46,15357,9568585540,126769,38
[2024.12.16 23:31:51 - info ] Data file ../FUT_Data/rt/ticks/SHFE/au2504.dmb not exists, initializing...
[2024.12.16 23:31:51 - info ] Data file ../FUT_Data/rt/min1/SHFE/au2504.dmb not exists, initializing...
[2024.12.16 23:31:51 - info ] Data file ../FUT_Data/rt/min5/SHFE/au2504.dmb not exists, initializing...
[2024.12.16 23:31:51 - info ] First tick of new tradingday 20241217,SHFE.au2506,623.92,5079,3172667860,60694,-117
[2024.12.16 23:31:51 - info ] Data file ../FUT_Data/rt/ticks/SHFE/au2506.dmb not exists, initializing...
[2024.12.16 23:31:51 - info ] Data file ../FUT_Data/rt/min1/SHFE/au2506.dmb not exists, initializing...
[2024.12.16 23:31:51 - info ] Data file ../FUT_Data/rt/min5/SHFE/au2506.dmb not exists, initializing...
[2024.12.16 23:31:51 - info ] First tick of new tradingday 20241217,SHFE.au2508,625.54,1046,655053780,18615,-29
[2024.12.16 23:31:51 - info ] Data file ../FUT_Data/rt/ticks/SHFE/au2508.dmb not exists, initializing...
[2024.12.16 23:31:51 - info ] Data file ../FUT_Data/rt/min1/SHFE/au2508.dmb not exists, initializing...
[2024.12.16 23:31:51 - info ] Data file ../FUT_Data/rt/min5/SHFE/au2508.dmb not exists, initializing...
[2024.12.16 23:31:51 - info ] First tick of new tradingday 20241217,INE.sc2603,523.3,0,0,15,15
[2024.12.16 23:31:51 - info ] Data file ../FUT_Data/rt/ticks/INE/sc2603.dmb not exists, initializing...
[2024.12.16 23:31:51 - info ] Data file ../FUT_Data/rt/min1/INE/sc2603.dmb not exists, initializing...
[2024.12.16 23:31:51 - info ] Data file ../FUT_Data/rt/min5/INE/sc2603.dmb not exists, initializing...
[2024.12.16 23:31:51 - info ] First tick of new tradingday 20241217,INE.sc2606,518.5,0,0,78,78
[2024.12.16 23:31:51 - info ] Data file ../FUT_Data/rt/ticks/INE/sc2606.dmb not exists, initializing...
[2024.12.16 23:31:51 - info ] Data file ../FUT_Data/rt/min1/INE/sc2606.dmb not exists, initializing...
[2024.12.16 23:31:51 - info ] Data file ../FUT_Data/rt/min5/INE/sc2606.dmb not exists, initializing...
[2024.12.16 23:31:51 - info ] First tick of new tradingday 20241217,SHFE.ag2510,7840,935,110081280,7369,32
[2024.12.16 23:31:51 - info ] Data file ../FUT_Data/rt/ticks/SHFE/ag2510.dmb not exists, initializing...
[2024.12.16 23:31:51 - info ] Data file ../FUT_Data/rt/min1/SHFE/ag2510.dmb not exists, initializing...
[2024.12.16 23:31:51 - info ] Data file ../FUT_Data/rt/min5/SHFE/ag2510.dmb not exists, initializing...
[2024.12.16 23:31:51 - info ] First tick of new tradingday 20241217,INE.sc2609,514,0,0,22,22
[2024.12.16 23:31:51 - info ] Data file ../FUT_Data/rt/ticks/INE/sc2609.dmb not exists, initializing...
[2024.12.16 23:31:51 - info ] Data file ../FUT_Data/rt/min1/INE/sc2609.dmb not exists, initializing...
[2024.12.16 23:31:51 - info ] Data file ../FUT_Data/rt/min5/INE/sc2609.dmb not exists, initializing...
[2024.12.16 23:31:51 - info ] First tick of new tradingday 20241217,SHFE.ag2511,7851,397,46795905,1170,-35
[2024.12.16 23:31:51 - info ] Data file ../FUT_Data/rt/ticks/SHFE/ag2511.dmb not exists, initializing...
[2024.12.16 23:31:51 - info ] Data file ../FUT_Data/rt/min1/SHFE/ag2511.dmb not exists, initializing...
[2024.12.16 23:31:51 - info ] Data file ../FUT_Data/rt/min5/SHFE/ag2511.dmb not exists, initializing...
[2024.12.16 23:31:51 - info ] First tick of new tradingday 20241217,SHFE.ag2512,7860,60,7089105,19,19
[2024.12.16 23:31:51 - info ] Data file ../FUT_Data/rt/ticks/SHFE/ag2512.dmb not exists, initializing...
[2024.12.16 23:31:51 - info ] Data file ../FUT_Data/rt/min1/SHFE/ag2512.dmb not exists, initializing...
[2024.12.16 23:31:51 - info ] Data file ../FUT_Data/rt/min5/SHFE/ag2512.dmb not exists, initializing...
[2024.12.16 23:31:51 - info ] First tick of new tradingday 20241217,SHFE.au2510,626.88,280,175835120,8100,3
[2024.12.16 23:31:51 - info ] Data file ../FUT_Data/rt/ticks/SHFE/au2510.dmb not exists, initializing...
[2024.12.16 23:31:51 - info ] Data file ../FUT_Data/rt/min1/SHFE/au2510.dmb not exists, initializing...
[2024.12.16 23:31:51 - info ] Data file ../FUT_Data/rt/min5/SHFE/au2510.dmb not exists, initializing...
[2024.12.16 23:31:51 - info ] First tick of new tradingday 20241217,SHFE.au2512,628.7,157,98814600,3056,4
[2024.12.16 23:31:51 - info ] Data file ../FUT_Data/rt/ticks/SHFE/au2512.dmb not exists, initializing...
[2024.12.16 23:31:51 - info ] Data file ../FUT_Data/rt/min1/SHFE/au2512.dmb not exists, initializing...
[2024.12.16 23:31:51 - info ] Data file ../FUT_Data/rt/min5/SHFE/au2512.dmb not exists, initializing...
[2024.12.16 23:31:51 - info ] First tick of new tradingday 20241217,INE.sc2612,520.1,0,0,16,16
[2024.12.16 23:31:51 - info ] Data file ../FUT_Data/rt/ticks/INE/sc2612.dmb not exists, initializing...
[2024.12.16 23:31:51 - info ] Data file ../FUT_Data/rt/min1/INE/sc2612.dmb not exists, initializing...
[2024.12.16 23:31:51 - info ] Data file ../FUT_Data/rt/min5/INE/sc2612.dmb not exists, initializing...
[2024.12.16 23:31:51 - info ] First tick of new tradingday 20241217,SHFE.ni2501,126610,38823,4915389100,57163,506
[2024.12.16 23:31:51 - info ] Data file ../FUT_Data/rt/ticks/SHFE/ni2501.dmb not exists, initializing...
[2024.12.16 23:31:51 - info ] Data file ../FUT_Data/rt/min1/SHFE/ni2501.dmb not exists, initializing...
[2024.12.16 23:31:51 - info ] Data file ../FUT_Data/rt/min5/SHFE/ni2501.dmb not exists, initializing...
[2024.12.16 23:31:51 - info ] First tick of new tradingday 20241217,SHFE.ni2502,126890,14629,1856725370,49537,1298
[2024.12.16 23:31:51 - info ] Data file ../FUT_Data/rt/ticks/SHFE/ni2502.dmb not exists, initializing...
[2024.12.16 23:31:51 - info ] Data file ../FUT_Data/rt/min1/SHFE/ni2502.dmb not exists, initializing...
[2024.12.16 23:31:51 - info ] Data file ../FUT_Data/rt/min5/SHFE/ni2502.dmb not exists, initializing...
[2024.12.16 23:31:51 - info ] First tick of new tradingday 20241217,SHFE.ni2503,127250,2491,316904770,12349,442
[2024.12.16 23:31:51 - info ] Data file ../FUT_Data/rt/ticks/SHFE/ni2503.dmb not exists, initializing...
[2024.12.16 23:31:51 - info ] Data file ../FUT_Data/rt/min1/SHFE/ni2503.dmb not exists, initializing...
[2024.12.16 23:31:51 - info ] Data file ../FUT_Data/rt/min5/SHFE/ni2503.dmb not exists, initializing...
[2024.12.16 23:31:51 - info ] First tick of new tradingday 20241217,SHFE.ni2504,127580,153,19525000,1129,33
[2024.12.16 23:31:51 - info ] Data file ../FUT_Data/rt/ticks/SHFE/ni2504.dmb not exists, initializing...
[2024.12.16 23:31:51 - info ] Data file ../FUT_Data/rt/min1/SHFE/ni2504.dmb not exists, initializing...
[2024.12.16 23:31:51 - info ] Data file ../FUT_Data/rt/min5/SHFE/ni2504.dmb not exists, initializing...
[2024.12.16 23:31:51 - info ] First tick of new tradingday 20241217,SHFE.ni2505,127920,3001,383958020,14779,443
[2024.12.16 23:31:51 - info ] Data file ../FUT_Data/rt/ticks/SHFE/ni2505.dmb not exists, initializing...
[2024.12.16 23:31:51 - info ] Data file ../FUT_Data/rt/min1/SHFE/ni2505.dmb not exists, initializing...
[2024.12.16 23:31:51 - info ] Data file ../FUT_Data/rt/min5/SHFE/ni2505.dmb not exists, initializing...
[2024.12.16 23:31:51 - info ] First tick of new tradingday 20241217,SHFE.ni2506,128100,14,1795250,837,1
[2024.12.16 23:31:51 - info ] Data file ../FUT_Data/rt/ticks/SHFE/ni2506.dmb not exists, initializing...
[2024.12.16 23:31:51 - info ] Data file ../FUT_Data/rt/min1/SHFE/ni2506.dmb not exists, initializing...
[2024.12.16 23:31:51 - info ] Data file ../FUT_Data/rt/min5/SHFE/ni2506.dmb not exists, initializing...
[2024.12.16 23:31:51 - info ] First tick of new tradingday 20241217,SHFE.ni2507,128520,7,901150,487,1
[2024.12.16 23:31:51 - info ] Data file ../FUT_Data/rt/ticks/SHFE/ni2507.dmb not exists, initializing...
[2024.12.16 23:31:51 - info ] Data file ../FUT_Data/rt/min1/SHFE/ni2507.dmb not exists, initializing...
[2024.12.16 23:31:51 - info ] Data file ../FUT_Data/rt/min5/SHFE/ni2507.dmb not exists, initializing...
[2024.12.16 23:31:51 - info ] First tick of new tradingday 20241217,SHFE.ni2508,128880,7,903550,170,1
[2024.12.16 23:31:51 - info ] Data file ../FUT_Data/rt/ticks/SHFE/ni2508.dmb not exists, initializing...
[2024.12.16 23:31:51 - info ] Data file ../FUT_Data/rt/min1/SHFE/ni2508.dmb not exists, initializing...
[2024.12.16 23:31:51 - info ] Data file ../FUT_Data/rt/min5/SHFE/ni2508.dmb not exists, initializing...
[2024.12.16 23:31:51 - info ] First tick of new tradingday 20241217,SHFE.ni2509,129390,12,1554980,593,1
[2024.12.16 23:31:51 - info ] Data file ../FUT_Data/rt/ticks/SHFE/ni2509.dmb not exists, initializing...
[2024.12.16 23:31:51 - info ] Data file ../FUT_Data/rt/min1/SHFE/ni2509.dmb not exists, initializing...
[2024.12.16 23:31:51 - info ] Data file ../FUT_Data/rt/min5/SHFE/ni2509.dmb not exists, initializing...
[2024.12.16 23:31:51 - info ] First tick of new tradingday 20241217,SHFE.ss2501,12900,6108,393940900,67607,-1067
[2024.12.16 23:31:51 - info ] Data file ../FUT_Data/rt/ticks/SHFE/ss2501.dmb not exists, initializing...
[2024.12.16 23:31:51 - info ] Data file ../FUT_Data/rt/min1/SHFE/ss2501.dmb not exists, initializing...
[2024.12.16 23:31:51 - info ] Data file ../FUT_Data/rt/min5/SHFE/ss2501.dmb not exists, initializing...
[2024.12.16 23:31:51 - info ] First tick of new tradingday 20241217,SHFE.ss2502,13000,28496,1851676375,124067,2506
[2024.12.16 23:31:51 - info ] Data file ../FUT_Data/rt/ticks/SHFE/ss2502.dmb not exists, initializing...
[2024.12.16 23:31:51 - info ] Data file ../FUT_Data/rt/min1/SHFE/ss2502.dmb not exists, initializing...
[2024.12.16 23:31:51 - info ] Data file ../FUT_Data/rt/min5/SHFE/ss2502.dmb not exists, initializing...
[2024.12.16 23:31:51 - info ] First tick of new tradingday 20241217,SHFE.ss2503,13135,2386,156610125,33291,333
[2024.12.16 23:31:51 - info ] Data file ../FUT_Data/rt/ticks/SHFE/ss2503.dmb not exists, initializing...
[2024.12.16 23:31:51 - info ] Data file ../FUT_Data/rt/min1/SHFE/ss2503.dmb not exists, initializing...
[2024.12.16 23:31:51 - info ] Data file ../FUT_Data/rt/min5/SHFE/ss2503.dmb not exists, initializing...
[2024.12.16 23:31:51 - info ] First tick of new tradingday 20241217,SHFE.ss2504,13205,106,6998850,2023,-29
[2024.12.16 23:31:51 - info ] Data file ../FUT_Data/rt/ticks/SHFE/ss2504.dmb not exists, initializing...
[2024.12.16 23:31:51 - info ] Data file ../FUT_Data/rt/min1/SHFE/ss2504.dmb not exists, initializing...
[2024.12.16 23:31:51 - info ] Data file ../FUT_Data/rt/min5/SHFE/ss2504.dmb not exists, initializing...
[2024.12.16 23:31:51 - info ] First tick of new tradingday 20241217,SHFE.ss2505,13275,1219,80886975,17012,308
[2024.12.16 23:31:51 - info ] Data file ../FUT_Data/rt/ticks/SHFE/ss2505.dmb not exists, initializing...
[2024.12.16 23:31:51 - info ] Data file ../FUT_Data/rt/min1/SHFE/ss2505.dmb not exists, initializing...
[2024.12.16 23:31:51 - info ] Data file ../FUT_Data/rt/min5/SHFE/ss2505.dmb not exists, initializing...
[2024.12.16 23:31:51 - info ] First tick of new tradingday 20241217,SHFE.ss2506,13385,0,0,218,0
[2024.12.16 23:31:51 - info ] Data file ../FUT_Data/rt/ticks/SHFE/ss2506.dmb not exists, initializing...
[2024.12.16 23:31:51 - info ] Data file ../FUT_Data/rt/min1/SHFE/ss2506.dmb not exists, initializing...
[2024.12.16 23:31:51 - info ] Data file ../FUT_Data/rt/min5/SHFE/ss2506.dmb not exists, initializing...
[2024.12.16 23:31:51 - info ] First tick of new tradingday 20241217,SHFE.ss2507,13445,0,0,175,0
[2024.12.16 23:31:51 - info ] Data file ../FUT_Data/rt/ticks/SHFE/ss2507.dmb not exists, initializing...
[2024.12.16 23:31:51 - info ] Data file ../FUT_Data/rt/min1/SHFE/ss2507.dmb not exists, initializing...
[2024.12.16 23:31:51 - info ] Data file ../FUT_Data/rt/min5/SHFE/ss2507.dmb not exists, initializing...
[2024.12.16 23:31:51 - info ] First tick of new tradingday 20241217,SHFE.ss2508,13540,0,0,120,0
[2024.12.16 23:31:51 - info ] Data file ../FUT_Data/rt/ticks/SHFE/ss2508.dmb not exists, initializing...
[2024.12.16 23:31:51 - info ] Data file ../FUT_Data/rt/min1/SHFE/ss2508.dmb not exists, initializing...
[2024.12.16 23:31:51 - info ] Data file ../FUT_Data/rt/min5/SHFE/ss2508.dmb not exists, initializing...
[2024.12.16 23:31:51 - info ] First tick of new tradingday 20241217,SHFE.ss2509,13640,4,272975,539,-1
[2024.12.16 23:31:51 - info ] Data file ../FUT_Data/rt/ticks/SHFE/ss2509.dmb not exists, initializing...
[2024.12.16 23:31:51 - info ] Data file ../FUT_Data/rt/min1/SHFE/ss2509.dmb not exists, initializing...
[2024.12.16 23:31:51 - info ] Data file ../FUT_Data/rt/min5/SHFE/ss2509.dmb not exists, initializing...
[2024.12.16 23:31:51 - info ] First tick of new tradingday 20241217,SHFE.ni2510,129700,2,259570,126,0
[2024.12.16 23:31:51 - info ] Data file ../FUT_Data/rt/ticks/SHFE/ni2510.dmb not exists, initializing...
[2024.12.16 23:31:51 - info ] Data file ../FUT_Data/rt/min1/SHFE/ni2510.dmb not exists, initializing...
[2024.12.16 23:31:51 - info ] Data file ../FUT_Data/rt/min5/SHFE/ni2510.dmb not exists, initializing...
[2024.12.16 23:31:51 - info ] First tick of new tradingday 20241217,SHFE.ni2511,130000,1,130000,19,1
[2024.12.16 23:31:51 - info ] Data file ../FUT_Data/rt/ticks/SHFE/ni2511.dmb not exists, initializing...
[2024.12.16 23:31:51 - info ] Data file ../FUT_Data/rt/min1/SHFE/ni2511.dmb not exists, initializing...
[2024.12.16 23:31:51 - info ] Data file ../FUT_Data/rt/min5/SHFE/ni2511.dmb not exists, initializing...
[2024.12.16 23:31:51 - info ] First tick of new tradingday 20241217,SHFE.ni2512,130190,0,0,0,0
[2024.12.16 23:31:51 - info ] Data file ../FUT_Data/rt/ticks/SHFE/ni2512.dmb not exists, initializing...
[2024.12.16 23:31:51 - info ] Data file ../FUT_Data/rt/min1/SHFE/ni2512.dmb not exists, initializing...
[2024.12.16 23:31:51 - info ] Data file ../FUT_Data/rt/min5/SHFE/ni2512.dmb not exists, initializing...
[2024.12.16 23:31:51 - info ] First tick of new tradingday 20241217,SHFE.sn2501,247480,21099,5202612010,24292,-277
[2024.12.16 23:31:51 - info ] Data file ../FUT_Data/rt/ticks/SHFE/sn2501.dmb not exists, initializing...
[2024.12.16 23:31:51 - info ] Data file ../FUT_Data/rt/min1/SHFE/sn2501.dmb not exists, initializing...
[2024.12.16 23:31:51 - info ] Data file ../FUT_Data/rt/min5/SHFE/sn2501.dmb not exists, initializing...
[2024.12.16 23:31:51 - info ] First tick of new tradingday 20241217,SHFE.sn2502,247670,7553,1863993660,19869,545
[2024.12.16 23:31:51 - info ] Data file ../FUT_Data/rt/ticks/SHFE/sn2502.dmb not exists, initializing...
[2024.12.16 23:31:51 - info ] Data file ../FUT_Data/rt/min1/SHFE/sn2502.dmb not exists, initializing...
[2024.12.16 23:31:51 - info ] Data file ../FUT_Data/rt/min5/SHFE/sn2502.dmb not exists, initializing...
[2024.12.16 23:31:51 - info ] First tick of new tradingday 20241217,SHFE.sn2503,248010,1512,373625310,7898,85
[2024.12.16 23:31:51 - info ] Data file ../FUT_Data/rt/ticks/SHFE/sn2503.dmb not exists, initializing...
[2024.12.16 23:31:51 - info ] Data file ../FUT_Data/rt/min1/SHFE/sn2503.dmb not exists, initializing...
[2024.12.16 23:31:51 - info ] Data file ../FUT_Data/rt/min5/SHFE/sn2503.dmb not exists, initializing...
[2024.12.16 23:31:51 - info ] First tick of new tradingday 20241217,SHFE.sn2504,247700,228,56460490,803,143
[2024.12.16 23:31:51 - info ] Data file ../FUT_Data/rt/ticks/SHFE/sn2504.dmb not exists, initializing...
[2024.12.16 23:31:51 - info ] Data file ../FUT_Data/rt/min1/SHFE/sn2504.dmb not exists, initializing...
[2024.12.16 23:31:51 - info ] Data file ../FUT_Data/rt/min5/SHFE/sn2504.dmb not exists, initializing...
[2024.12.16 23:31:51 - info ] First tick of new tradingday 20241217,SHFE.sn2505,248500,75,18601070,886,6
[2024.12.16 23:31:51 - info ] Data file ../FUT_Data/rt/ticks/SHFE/sn2505.dmb not exists, initializing...
[2024.12.16 23:31:51 - info ] Data file ../FUT_Data/rt/min1/SHFE/sn2505.dmb not exists, initializing...
[2024.12.16 23:31:51 - info ] Data file ../FUT_Data/rt/min5/SHFE/sn2505.dmb not exists, initializing...
[2024.12.16 23:31:51 - info ] First tick of new tradingday 20241217,SHFE.sn2506,247230,0,0,55,0
[2024.12.16 23:31:51 - info ] Data file ../FUT_Data/rt/ticks/SHFE/sn2506.dmb not exists, initializing...
[2024.12.16 23:31:51 - info ] Data file ../FUT_Data/rt/min1/SHFE/sn2506.dmb not exists, initializing...
[2024.12.16 23:31:51 - info ] Data file ../FUT_Data/rt/min5/SHFE/sn2506.dmb not exists, initializing...
[2024.12.16 23:31:51 - info ] First tick of new tradingday 20241217,SHFE.sn2507,246340,0,0,31,31
[2024.12.16 23:31:51 - info ] Data file ../FUT_Data/rt/ticks/SHFE/sn2507.dmb not exists, initializing...
[2024.12.16 23:31:51 - info ] Data file ../FUT_Data/rt/min1/SHFE/sn2507.dmb not exists, initializing...
[2024.12.16 23:31:51 - info ] Data file ../FUT_Data/rt/min5/SHFE/sn2507.dmb not exists, initializing...
[2024.12.16 23:31:51 - info ] First tick of new tradingday 20241217,SHFE.sn2508,247170,0,0,23,0
[2024.12.16 23:31:51 - info ] Data file ../FUT_Data/rt/ticks/SHFE/sn2508.dmb not exists, initializing...
[2024.12.16 23:31:51 - info ] Data file ../FUT_Data/rt/min1/SHFE/sn2508.dmb not exists, initializing...
[2024.12.16 23:31:51 - info ] Data file ../FUT_Data/rt/min5/SHFE/sn2508.dmb not exists, initializing...
[2024.12.16 23:31:51 - info ] First tick of new tradingday 20241217,SHFE.sn2509,247780,1,247780,19,19
[2024.12.16 23:31:51 - info ] Data file ../FUT_Data/rt/ticks/SHFE/sn2509.dmb not exists, initializing...
[2024.12.16 23:31:51 - info ] Data file ../FUT_Data/rt/min1/SHFE/sn2509.dmb not exists, initializing...
[2024.12.16 23:31:51 - info ] Data file ../FUT_Data/rt/min5/SHFE/sn2509.dmb not exists, initializing...
[2024.12.16 23:31:51 - info ] First tick of new tradingday 20241217,SHFE.ss2510,13775,0,0,57,57
[2024.12.16 23:31:51 - info ] Data file ../FUT_Data/rt/ticks/SHFE/ss2510.dmb not exists, initializing...
[2024.12.16 23:31:51 - info ] Data file ../FUT_Data/rt/min1/SHFE/ss2510.dmb not exists, initializing...
[2024.12.16 23:31:51 - info ] Data file ../FUT_Data/rt/min5/SHFE/ss2510.dmb not exists, initializing...
[2024.12.16 23:31:51 - info ] First tick of new tradingday 20241217,SHFE.ss2511,13825,8,553125,35,-2
[2024.12.16 23:31:51 - info ] Data file ../FUT_Data/rt/ticks/SHFE/ss2511.dmb not exists, initializing...
[2024.12.16 23:31:51 - info ] Data file ../FUT_Data/rt/min1/SHFE/ss2511.dmb not exists, initializing...
[2024.12.16 23:31:51 - info ] Data file ../FUT_Data/rt/min5/SHFE/ss2511.dmb not exists, initializing...
[2024.12.16 23:31:51 - info ] First tick of new tradingday 20241217,SHFE.ss2512,13870,8,554900,7,7
[2024.12.16 23:31:51 - info ] Data file ../FUT_Data/rt/ticks/SHFE/ss2512.dmb not exists, initializing...
[2024.12.16 23:31:51 - info ] Data file ../FUT_Data/rt/min1/SHFE/ss2512.dmb not exists, initializing...
[2024.12.16 23:31:51 - info ] Data file ../FUT_Data/rt/min5/SHFE/ss2512.dmb not exists, initializing...
[2024.12.16 23:31:51 - info ] First tick of new tradingday 20241217,SHFE.zn2501,25625,42274,5433610825,116044,-4684
[2024.12.16 23:31:51 - info ] Data file ../FUT_Data/rt/ticks/SHFE/zn2501.dmb not exists, initializing...
[2024.12.16 23:31:51 - info ] Data file ../FUT_Data/rt/min1/SHFE/zn2501.dmb not exists, initializing...
[2024.12.16 23:31:51 - info ] Data file ../FUT_Data/rt/min5/SHFE/zn2501.dmb not exists, initializing...
[2024.12.16 23:31:51 - info ] First tick of new tradingday 20241217,SHFE.zn2502,25425,26785,3416418075,124626,3521
[2024.12.16 23:31:51 - info ] Data file ../FUT_Data/rt/ticks/SHFE/zn2502.dmb not exists, initializing...
[2024.12.16 23:31:51 - info ] Data file ../FUT_Data/rt/min1/SHFE/zn2502.dmb not exists, initializing...
[2024.12.16 23:31:51 - info ] Data file ../FUT_Data/rt/min5/SHFE/zn2502.dmb not exists, initializing...
[2024.12.16 23:31:51 - info ] First tick of new tradingday 20241217,SHFE.zn2503,25340,5974,759577725,38642,597
[2024.12.16 23:31:51 - info ] Data file ../FUT_Data/rt/ticks/SHFE/zn2503.dmb not exists, initializing...
[2024.12.16 23:31:51 - info ] Data file ../FUT_Data/rt/min1/SHFE/zn2503.dmb not exists, initializing...
[2024.12.16 23:31:51 - info ] Data file ../FUT_Data/rt/min5/SHFE/zn2503.dmb not exists, initializing...
[2024.12.16 23:31:51 - info ] First tick of new tradingday 20241217,SHFE.zn2504,25300,1040,131926175,21402,161
[2024.12.16 23:31:51 - info ] Data file ../FUT_Data/rt/ticks/SHFE/zn2504.dmb not exists, initializing...
[2024.12.16 23:31:51 - info ] Data file ../FUT_Data/rt/min1/SHFE/zn2504.dmb not exists, initializing...
[2024.12.16 23:31:51 - info ] Data file ../FUT_Data/rt/min5/SHFE/zn2504.dmb not exists, initializing...
[2024.12.16 23:31:51 - info ] First tick of new tradingday 20241217,SHFE.zn2505,25220,637,80559425,8266,87
[2024.12.16 23:31:51 - info ] Data file ../FUT_Data/rt/ticks/SHFE/zn2505.dmb not exists, initializing...
[2024.12.16 23:31:51 - info ] Data file ../FUT_Data/rt/min1/SHFE/zn2505.dmb not exists, initializing...
[2024.12.16 23:31:51 - info ] Data file ../FUT_Data/rt/min5/SHFE/zn2505.dmb not exists, initializing...
[2024.12.16 23:31:51 - info ] First tick of new tradingday 20241217,SHFE.zn2506,25115,12,1511875,1446,-1
[2024.12.16 23:31:51 - info ] Data file ../FUT_Data/rt/ticks/SHFE/zn2506.dmb not exists, initializing...
[2024.12.16 23:31:51 - info ] Data file ../FUT_Data/rt/min1/SHFE/zn2506.dmb not exists, initializing...
[2024.12.16 23:31:51 - info ] Data file ../FUT_Data/rt/min5/SHFE/zn2506.dmb not exists, initializing...
[2024.12.16 23:31:51 - info ] First tick of new tradingday 20241217,SHFE.zn2507,25070,3,376150,600,-1
[2024.12.16 23:31:51 - info ] Data file ../FUT_Data/rt/ticks/SHFE/zn2507.dmb not exists, initializing...
[2024.12.16 23:31:51 - info ] Data file ../FUT_Data/rt/min1/SHFE/zn2507.dmb not exists, initializing...
[2024.12.16 23:31:51 - info ] Data file ../FUT_Data/rt/min5/SHFE/zn2507.dmb not exists, initializing...
[2024.12.16 23:31:51 - info ] First tick of new tradingday 20241217,SHFE.zn2508,25010,0,0,645,0
[2024.12.16 23:31:51 - info ] Data file ../FUT_Data/rt/ticks/SHFE/zn2508.dmb not exists, initializing...
[2024.12.16 23:31:51 - info ] Data file ../FUT_Data/rt/min1/SHFE/zn2508.dmb not exists, initializing...
[2024.12.16 23:31:51 - info ] Data file ../FUT_Data/rt/min5/SHFE/zn2508.dmb not exists, initializing...
[2024.12.16 23:31:51 - info ] First tick of new tradingday 20241217,SHFE.zn2509,24900,3,374175,273,1
[2024.12.16 23:31:51 - info ] Data file ../FUT_Data/rt/ticks/SHFE/zn2509.dmb not exists, initializing...
[2024.12.16 23:31:51 - info ] Data file ../FUT_Data/rt/min1/SHFE/zn2509.dmb not exists, initializing...
[2024.12.16 23:31:51 - info ] Data file ../FUT_Data/rt/min5/SHFE/zn2509.dmb not exists, initializing...
[2024.12.16 23:31:51 - info ] First tick of new tradingday 20241217,INE.bc2501,65950,1900,626878600,5053,-247
[2024.12.16 23:31:51 - info ] Data file ../FUT_Data/rt/ticks/INE/bc2501.dmb not exists, initializing...
[2024.12.16 23:31:51 - info ] Data file ../FUT_Data/rt/min1/INE/bc2501.dmb not exists, initializing...
[2024.12.16 23:31:51 - info ] Data file ../FUT_Data/rt/min5/INE/bc2501.dmb not exists, initializing...
[2024.12.16 23:31:51 - info ] First tick of new tradingday 20241217,SHFE.sn2510,248980,2,496870,21,0
[2024.12.16 23:31:51 - info ] Data file ../FUT_Data/rt/ticks/SHFE/sn2510.dmb not exists, initializing...
[2024.12.16 23:31:51 - info ] Data file ../FUT_Data/rt/min1/SHFE/sn2510.dmb not exists, initializing...
[2024.12.16 23:31:51 - info ] Data file ../FUT_Data/rt/min5/SHFE/sn2510.dmb not exists, initializing...
[2024.12.16 23:31:51 - info ] First tick of new tradingday 20241217,INE.bc2502,66100,357,118064100,3186,24
[2024.12.16 23:31:51 - info ] Data file ../FUT_Data/rt/ticks/INE/bc2502.dmb not exists, initializing...
[2024.12.16 23:31:51 - info ] Data file ../FUT_Data/rt/min1/INE/bc2502.dmb not exists, initializing...
[2024.12.16 23:31:51 - info ] Data file ../FUT_Data/rt/min5/INE/bc2502.dmb not exists, initializing...
[2024.12.16 23:31:51 - info ] First tick of new tradingday 20241217,SHFE.sn2511,248280,0,0,2,2
[2024.12.16 23:31:51 - info ] Data file ../FUT_Data/rt/ticks/SHFE/sn2511.dmb not exists, initializing...
[2024.12.16 23:31:51 - info ] Data file ../FUT_Data/rt/min1/SHFE/sn2511.dmb not exists, initializing...
[2024.12.16 23:31:51 - info ] Data file ../FUT_Data/rt/min5/SHFE/sn2511.dmb not exists, initializing...
[2024.12.16 23:31:51 - info ] First tick of new tradingday 20241217,INE.bc2503,66900,0,0,2,2
[2024.12.16 23:31:51 - info ] Data file ../FUT_Data/rt/ticks/INE/bc2503.dmb not exists, initializing...
[2024.12.16 23:31:51 - info ] Data file ../FUT_Data/rt/min1/INE/bc2503.dmb not exists, initializing...
[2024.12.16 23:31:51 - info ] Data file ../FUT_Data/rt/min5/INE/bc2503.dmb not exists, initializing...
[2024.12.16 23:31:51 - info ] First tick of new tradingday 20241217,SHFE.sn2512,248280,0,0,0,0
[2024.12.16 23:31:51 - info ] Data file ../FUT_Data/rt/ticks/SHFE/sn2512.dmb not exists, initializing...
[2024.12.16 23:31:51 - info ] Data file ../FUT_Data/rt/min1/SHFE/sn2512.dmb not exists, initializing...
[2024.12.16 23:31:51 - info ] Data file ../FUT_Data/rt/min5/SHFE/sn2512.dmb not exists, initializing...
[2024.12.16 23:31:51 - info ] First tick of new tradingday 20241217,INE.bc2504,65610,0,0,1,1
[2024.12.16 23:31:51 - info ] Data file ../FUT_Data/rt/ticks/INE/bc2504.dmb not exists, initializing...
[2024.12.16 23:31:51 - info ] Data file ../FUT_Data/rt/min1/INE/bc2504.dmb not exists, initializing...
[2024.12.16 23:31:51 - info ] Data file ../FUT_Data/rt/min5/INE/bc2504.dmb not exists, initializing...
[2024.12.16 23:31:51 - info ] First tick of new tradingday 20241217,INE.bc2505,66450,0,0,0,0
[2024.12.16 23:31:51 - info ] Data file ../FUT_Data/rt/ticks/INE/bc2505.dmb not exists, initializing...
[2024.12.16 23:31:51 - info ] Data file ../FUT_Data/rt/min1/INE/bc2505.dmb not exists, initializing...
[2024.12.16 23:31:51 - info ] Data file ../FUT_Data/rt/min5/INE/bc2505.dmb not exists, initializing...
[2024.12.16 23:31:51 - info ] First tick of new tradingday 20241217,INE.bc2506,66470,0,0,0,0
[2024.12.16 23:31:51 - info ] Data file ../FUT_Data/rt/ticks/INE/bc2506.dmb not exists, initializing...
[2024.12.16 23:31:51 - info ] Data file ../FUT_Data/rt/min1/INE/bc2506.dmb not exists, initializing...
[2024.12.16 23:31:51 - info ] Data file ../FUT_Data/rt/min5/INE/bc2506.dmb not exists, initializing...
[2024.12.16 23:31:51 - info ] First tick of new tradingday 20241217,INE.bc2507,67370,0,0,0,0
[2024.12.16 23:31:51 - info ] Data file ../FUT_Data/rt/ticks/INE/bc2507.dmb not exists, initializing...
[2024.12.16 23:31:51 - info ] Data file ../FUT_Data/rt/min1/INE/bc2507.dmb not exists, initializing...
[2024.12.16 23:31:51 - info ] Data file ../FUT_Data/rt/min5/INE/bc2507.dmb not exists, initializing...
[2024.12.16 23:31:51 - info ] First tick of new tradingday 20241217,INE.bc2508,67740,0,0,2,2
[2024.12.16 23:31:51 - info ] Data file ../FUT_Data/rt/ticks/INE/bc2508.dmb not exists, initializing...
[2024.12.16 23:31:51 - info ] Data file ../FUT_Data/rt/min1/INE/bc2508.dmb not exists, initializing...
[2024.12.16 23:31:51 - info ] Data file ../FUT_Data/rt/min5/INE/bc2508.dmb not exists, initializing...
[2024.12.16 23:31:51 - info ] First tick of new tradingday 20241217,INE.bc2509,67200,0,0,0,0
[2024.12.16 23:31:51 - info ] Data file ../FUT_Data/rt/ticks/INE/bc2509.dmb not exists, initializing...
[2024.12.16 23:31:51 - info ] Data file ../FUT_Data/rt/min1/INE/bc2509.dmb not exists, initializing...
[2024.12.16 23:31:51 - info ] Data file ../FUT_Data/rt/min5/INE/bc2509.dmb not exists, initializing...
[2024.12.16 23:31:51 - info ] First tick of new tradingday 20241217,INE.nr2501,15230,1825,275319250,8336,531
[2024.12.16 23:31:51 - info ] Data file ../FUT_Data/rt/ticks/INE/nr2501.dmb not exists, initializing...
[2024.12.16 23:31:51 - info ] Data file ../FUT_Data/rt/min1/INE/nr2501.dmb not exists, initializing...
[2024.12.16 23:31:51 - info ] Data file ../FUT_Data/rt/min5/INE/nr2501.dmb not exists, initializing...
[2024.12.16 23:31:51 - info ] First tick of new tradingday 20241217,INE.nr2502,15300,37022,5623942300,73240,1703
[2024.12.16 23:31:51 - info ] Data file ../FUT_Data/rt/ticks/INE/nr2502.dmb not exists, initializing...
[2024.12.16 23:31:51 - info ] Data file ../FUT_Data/rt/min1/INE/nr2502.dmb not exists, initializing...
[2024.12.16 23:31:51 - info ] Data file ../FUT_Data/rt/min5/INE/nr2502.dmb not exists, initializing...
[2024.12.16 23:31:51 - info ] First tick of new tradingday 20241217,INE.nr2503,15335,7664,1167206650,38265,1057
[2024.12.16 23:31:51 - info ] Data file ../FUT_Data/rt/ticks/INE/nr2503.dmb not exists, initializing...
[2024.12.16 23:31:51 - info ] Data file ../FUT_Data/rt/min1/INE/nr2503.dmb not exists, initializing...
[2024.12.16 23:31:51 - info ] Data file ../FUT_Data/rt/min5/INE/nr2503.dmb not exists, initializing...
[2024.12.16 23:31:51 - info ] First tick of new tradingday 20241217,SHFE.zn2510,24890,0,0,147,0
[2024.12.16 23:31:51 - info ] Data file ../FUT_Data/rt/ticks/SHFE/zn2510.dmb not exists, initializing...
[2024.12.16 23:31:51 - info ] Data file ../FUT_Data/rt/min1/SHFE/zn2510.dmb not exists, initializing...
[2024.12.16 23:31:51 - info ] Data file ../FUT_Data/rt/min5/SHFE/zn2510.dmb not exists, initializing...
[2024.12.16 23:31:51 - info ] First tick of new tradingday 20241217,INE.nr2504,15370,1360,207925900,5737,175
[2024.12.16 23:31:51 - info ] Data file ../FUT_Data/rt/ticks/INE/nr2504.dmb not exists, initializing...
[2024.12.16 23:31:51 - info ] Data file ../FUT_Data/rt/min1/INE/nr2504.dmb not exists, initializing...
[2024.12.16 23:31:51 - info ] Data file ../FUT_Data/rt/min5/INE/nr2504.dmb not exists, initializing...
[2024.12.16 23:31:51 - info ] First tick of new tradingday 20241217,SHFE.zn2511,24735,1,123675,77,0
[2024.12.16 23:31:51 - info ] Data file ../FUT_Data/rt/ticks/SHFE/zn2511.dmb not exists, initializing...
[2024.12.16 23:31:51 - info ] Data file ../FUT_Data/rt/min1/SHFE/zn2511.dmb not exists, initializing...
[2024.12.16 23:31:51 - info ] Data file ../FUT_Data/rt/min5/SHFE/zn2511.dmb not exists, initializing...
[2024.12.16 23:31:51 - info ] First tick of new tradingday 20241217,INE.nr2505,15395,463,70921000,1781,44
[2024.12.16 23:31:51 - info ] Data file ../FUT_Data/rt/ticks/INE/nr2505.dmb not exists, initializing...
[2024.12.16 23:31:51 - info ] Data file ../FUT_Data/rt/min1/INE/nr2505.dmb not exists, initializing...
[2024.12.16 23:31:51 - info ] Data file ../FUT_Data/rt/min5/INE/nr2505.dmb not exists, initializing...
[2024.12.16 23:31:51 - info ] First tick of new tradingday 20241217,SHFE.zn2512,24835,0,0,0,0
[2024.12.16 23:31:51 - info ] Data file ../FUT_Data/rt/ticks/SHFE/zn2512.dmb not exists, initializing...
[2024.12.16 23:31:51 - info ] Data file ../FUT_Data/rt/min1/SHFE/zn2512.dmb not exists, initializing...
[2024.12.16 23:31:51 - info ] Data file ../FUT_Data/rt/min5/SHFE/zn2512.dmb not exists, initializing...
[2024.12.16 23:31:51 - info ] First tick of new tradingday 20241217,INE.nr2506,15395,3,460250,41,-1
[2024.12.16 23:31:51 - info ] Data file ../FUT_Data/rt/ticks/INE/nr2506.dmb not exists, initializing...
[2024.12.16 23:31:51 - info ] Data file ../FUT_Data/rt/min1/INE/nr2506.dmb not exists, initializing...
[2024.12.16 23:31:51 - info ] Data file ../FUT_Data/rt/min5/INE/nr2506.dmb not exists, initializing...
[2024.12.16 23:31:51 - info ] First tick of new tradingday 20241217,INE.nr2507,15425,1,154250,28,28
[2024.12.16 23:31:51 - info ] Data file ../FUT_Data/rt/ticks/INE/nr2507.dmb not exists, initializing...
[2024.12.16 23:31:51 - info ] Data file ../FUT_Data/rt/min1/INE/nr2507.dmb not exists, initializing...
[2024.12.16 23:31:51 - info ] Data file ../FUT_Data/rt/min5/INE/nr2507.dmb not exists, initializing...
[2024.12.16 23:31:51 - info ] First tick of new tradingday 20241217,INE.nr2508,15400,1,154000,27,-1
[2024.12.16 23:31:51 - info ] Data file ../FUT_Data/rt/ticks/INE/nr2508.dmb not exists, initializing...
[2024.12.16 23:31:51 - info ] Data file ../FUT_Data/rt/min1/INE/nr2508.dmb not exists, initializing...
[2024.12.16 23:31:51 - info ] Data file ../FUT_Data/rt/min5/INE/nr2508.dmb not exists, initializing...
[2024.12.16 23:31:51 - info ] First tick of new tradingday 20241217,INE.nr2509,15505,4,618700,52,0
[2024.12.16 23:31:51 - info ] Data file ../FUT_Data/rt/ticks/INE/nr2509.dmb not exists, initializing...
[2024.12.16 23:31:51 - info ] Data file ../FUT_Data/rt/min1/INE/nr2509.dmb not exists, initializing...
[2024.12.16 23:31:51 - info ] Data file ../FUT_Data/rt/min5/INE/nr2509.dmb not exists, initializing...
[2024.12.16 23:31:51 - info ] First tick of new tradingday 20241217,INE.bc2510,67130,0,0,0,0
[2024.12.16 23:31:51 - info ] Data file ../FUT_Data/rt/ticks/INE/bc2510.dmb not exists, initializing...
[2024.12.16 23:31:51 - info ] Data file ../FUT_Data/rt/min1/INE/bc2510.dmb not exists, initializing...
[2024.12.16 23:31:51 - info ] Data file ../FUT_Data/rt/min5/INE/bc2510.dmb not exists, initializing...
[2024.12.16 23:31:51 - info ] First tick of new tradingday 20241217,INE.bc2511,67530,0,0,0,0
[2024.12.16 23:31:51 - info ] Data file ../FUT_Data/rt/ticks/INE/bc2511.dmb not exists, initializing...
[2024.12.16 23:31:51 - info ] Data file ../FUT_Data/rt/min1/INE/bc2511.dmb not exists, initializing...
[2024.12.16 23:31:51 - info ] Data file ../FUT_Data/rt/min5/INE/bc2511.dmb not exists, initializing...
[2024.12.16 23:31:51 - info ] First tick of new tradingday 20241217,INE.bc2512,67530,0,0,0,0
[2024.12.16 23:31:51 - info ] Data file ../FUT_Data/rt/ticks/INE/bc2512.dmb not exists, initializing...
[2024.12.16 23:31:51 - info ] Data file ../FUT_Data/rt/min1/INE/bc2512.dmb not exists, initializing...
[2024.12.16 23:31:51 - info ] Data file ../FUT_Data/rt/min5/INE/bc2512.dmb not exists, initializing...
[2024.12.16 23:31:51 - info ] First tick of new tradingday 20241217,INE.nr2510,15480,1,154800,20,20
[2024.12.16 23:31:51 - info ] Data file ../FUT_Data/rt/ticks/INE/nr2510.dmb not exists, initializing...
[2024.12.16 23:31:51 - info ] Data file ../FUT_Data/rt/min1/INE/nr2510.dmb not exists, initializing...
[2024.12.16 23:31:51 - info ] Data file ../FUT_Data/rt/min5/INE/nr2510.dmb not exists, initializing...
[2024.12.16 23:31:51 - info ] First tick of new tradingday 20241217,INE.nr2511,15500,1,155000,12,1
[2024.12.16 23:31:51 - info ] Data file ../FUT_Data/rt/ticks/INE/nr2511.dmb not exists, initializing...
[2024.12.16 23:31:51 - info ] Data file ../FUT_Data/rt/min1/INE/nr2511.dmb not exists, initializing...
[2024.12.16 23:31:51 - info ] Data file ../FUT_Data/rt/min5/INE/nr2511.dmb not exists, initializing...
[2024.12.16 23:31:51 - info ] First tick of new tradingday 20241217,INE.nr2512,15400,0,0,0,0
[2024.12.16 23:31:51 - info ] Data file ../FUT_Data/rt/ticks/INE/nr2512.dmb not exists, initializing...
[2024.12.16 23:31:51 - info ] Data file ../FUT_Data/rt/min1/INE/nr2512.dmb not exists, initializing...
[2024.12.16 23:31:51 - info ] Data file ../FUT_Data/rt/min5/INE/nr2512.dmb not exists, initializing...
[2024.12.16 23:31:51 - info ] First tick of new tradingday 20241217,INE.sc2703,515,0,0,21,21
[2024.12.16 23:31:51 - info ] Data file ../FUT_Data/rt/ticks/INE/sc2703.dmb not exists, initializing...
[2024.12.16 23:31:51 - info ] Data file ../FUT_Data/rt/min1/INE/sc2703.dmb not exists, initializing...
[2024.12.16 23:31:51 - info ] Data file ../FUT_Data/rt/min5/INE/sc2703.dmb not exists, initializing...
[2024.12.16 23:31:51 - info ] First tick of new tradingday 20241217,INE.sc2706,510.5,0,0,41,41
[2024.12.16 23:31:51 - info ] Data file ../FUT_Data/rt/ticks/INE/sc2706.dmb not exists, initializing...
[2024.12.16 23:31:51 - info ] Data file ../FUT_Data/rt/min1/INE/sc2706.dmb not exists, initializing...
[2024.12.16 23:31:51 - info ] Data file ../FUT_Data/rt/min5/INE/sc2706.dmb not exists, initializing...
[2024.12.16 23:31:51 - info ] First tick of new tradingday 20241217,INE.sc2709,517.7,0,0,20,0
[2024.12.16 23:31:51 - info ] Data file ../FUT_Data/rt/ticks/INE/sc2709.dmb not exists, initializing...
[2024.12.16 23:31:51 - info ] Data file ../FUT_Data/rt/min1/INE/sc2709.dmb not exists, initializing...
[2024.12.16 23:31:51 - info ] Data file ../FUT_Data/rt/min5/INE/sc2709.dmb not exists, initializing...
[2024.12.16 23:31:51 - info ] First tick of new tradingday 20241217,INE.sc2712,517.6,0,0,8,0
[2024.12.16 23:31:51 - info ] Data file ../FUT_Data/rt/ticks/INE/sc2712.dmb not exists, initializing...
[2024.12.16 23:31:51 - info ] Data file ../FUT_Data/rt/min1/INE/sc2712.dmb not exists, initializing...
[2024.12.16 23:31:51 - info ] Data file ../FUT_Data/rt/min5/INE/sc2712.dmb not exists, initializing...
[2024.12.16 23:31:51 - info ] First tick of new tradingday 20241217,SHFE.pb2501,17440,11465,1001912175,30890,-1751
[2024.12.16 23:31:51 - info ] Data file ../FUT_Data/rt/ticks/SHFE/pb2501.dmb not exists, initializing...
[2024.12.16 23:31:51 - info ] Data file ../FUT_Data/rt/min1/SHFE/pb2501.dmb not exists, initializing...
[2024.12.16 23:31:51 - info ] Data file ../FUT_Data/rt/min5/SHFE/pb2501.dmb not exists, initializing...
[2024.12.16 23:31:51 - info ] First tick of new tradingday 20241217,SHFE.pb2502,17470,8394,735168050,47245,885
[2024.12.16 23:31:51 - info ] Data file ../FUT_Data/rt/ticks/SHFE/pb2502.dmb not exists, initializing...
[2024.12.16 23:31:51 - info ] Data file ../FUT_Data/rt/min1/SHFE/pb2502.dmb not exists, initializing...
[2024.12.16 23:31:51 - info ] Data file ../FUT_Data/rt/min5/SHFE/pb2502.dmb not exists, initializing...
[2024.12.16 23:31:51 - info ] First tick of new tradingday 20241217,SHFE.pb2503,17465,629,55072275,7364,51
[2024.12.16 23:31:51 - info ] Data file ../FUT_Data/rt/ticks/SHFE/pb2503.dmb not exists, initializing...
[2024.12.16 23:31:51 - info ] Data file ../FUT_Data/rt/min1/SHFE/pb2503.dmb not exists, initializing...
[2024.12.16 23:31:51 - info ] Data file ../FUT_Data/rt/min5/SHFE/pb2503.dmb not exists, initializing...
[2024.12.16 23:31:51 - info ] First tick of new tradingday 20241217,SHFE.pb2504,17475,8,701375,940,1
[2024.12.16 23:31:51 - info ] Data file ../FUT_Data/rt/ticks/SHFE/pb2504.dmb not exists, initializing...
[2024.12.16 23:31:51 - info ] Data file ../FUT_Data/rt/min1/SHFE/pb2504.dmb not exists, initializing...
[2024.12.16 23:31:51 - info ] Data file ../FUT_Data/rt/min5/SHFE/pb2504.dmb not exists, initializing...
[2024.12.16 23:31:51 - info ] First tick of new tradingday 20241217,SHFE.pb2505,17470,19,1664075,438,6
[2024.12.16 23:31:51 - info ] Data file ../FUT_Data/rt/ticks/SHFE/pb2505.dmb not exists, initializing...
[2024.12.16 23:31:51 - info ] Data file ../FUT_Data/rt/min1/SHFE/pb2505.dmb not exists, initializing...
[2024.12.16 23:31:51 - info ] Data file ../FUT_Data/rt/min5/SHFE/pb2505.dmb not exists, initializing...
[2024.12.16 23:31:51 - info ] First tick of new tradingday 20241217,SHFE.pb2506,17445,0,0,134,0
[2024.12.16 23:31:51 - info ] Data file ../FUT_Data/rt/ticks/SHFE/pb2506.dmb not exists, initializing...
[2024.12.16 23:31:51 - info ] Data file ../FUT_Data/rt/min1/SHFE/pb2506.dmb not exists, initializing...
[2024.12.16 23:31:51 - info ] Data file ../FUT_Data/rt/min5/SHFE/pb2506.dmb not exists, initializing...
[2024.12.16 23:31:51 - info ] First tick of new tradingday 20241217,SHFE.pb2507,17565,1,87825,96,96
[2024.12.16 23:31:51 - info ] Data file ../FUT_Data/rt/ticks/SHFE/pb2507.dmb not exists, initializing...
[2024.12.16 23:31:51 - info ] Data file ../FUT_Data/rt/min1/SHFE/pb2507.dmb not exists, initializing...
[2024.12.16 23:31:51 - info ] Data file ../FUT_Data/rt/min5/SHFE/pb2507.dmb not exists, initializing...
[2024.12.16 23:31:51 - info ] First tick of new tradingday 20241217,SHFE.pb2508,17510,0,0,27,27
[2024.12.16 23:31:51 - info ] Data file ../FUT_Data/rt/ticks/SHFE/pb2508.dmb not exists, initializing...
[2024.12.16 23:31:51 - info ] Data file ../FUT_Data/rt/min1/SHFE/pb2508.dmb not exists, initializing...
[2024.12.16 23:31:51 - info ] Data file ../FUT_Data/rt/min5/SHFE/pb2508.dmb not exists, initializing...
[2024.12.16 23:31:51 - info ] 100 ticks received from exchange SHFE
[2024.12.16 23:31:51 - info ] First tick of new tradingday 20241217,SHFE.pb2509,17595,3,263800,54,-1
[2024.12.16 23:31:51 - info ] Data file ../FUT_Data/rt/ticks/SHFE/pb2509.dmb not exists, initializing...
[2024.12.16 23:31:51 - info ] Data file ../FUT_Data/rt/min1/SHFE/pb2509.dmb not exists, initializing...
[2024.12.16 23:31:51 - info ] Data file ../FUT_Data/rt/min5/SHFE/pb2509.dmb not exists, initializing...
[2024.12.16 23:31:51 - info ] First tick of new tradingday 20241217,SHFE.pb2510,17490,0,0,20,0
[2024.12.16 23:31:51 - info ] Data file ../FUT_Data/rt/ticks/SHFE/pb2510.dmb not exists, initializing...
[2024.12.16 23:31:51 - info ] Data file ../FUT_Data/rt/min1/SHFE/pb2510.dmb not exists, initializing...
[2024.12.16 23:31:51 - info ] Data file ../FUT_Data/rt/min5/SHFE/pb2510.dmb not exists, initializing...
[2024.12.16 23:31:51 - info ] First tick of new tradingday 20241217,SHFE.pb2511,17515,1,87575,10,0
[2024.12.16 23:31:51 - info ] Data file ../FUT_Data/rt/ticks/SHFE/pb2511.dmb not exists, initializing...
[2024.12.16 23:31:51 - info ] Data file ../FUT_Data/rt/min1/SHFE/pb2511.dmb not exists, initializing...
[2024.12.16 23:31:51 - info ] Data file ../FUT_Data/rt/min5/SHFE/pb2511.dmb not exists, initializing...
[2024.12.16 23:31:51 - info ] First tick of new tradingday 20241217,SHFE.pb2512,17410,0,0,0,0
[2024.12.16 23:31:51 - info ] Data file ../FUT_Data/rt/ticks/SHFE/pb2512.dmb not exists, initializing...
[2024.12.16 23:31:51 - info ] Data file ../FUT_Data/rt/min1/SHFE/pb2512.dmb not exists, initializing...
[2024.12.16 23:31:51 - info ] Data file ../FUT_Data/rt/min5/SHFE/pb2512.dmb not exists, initializing...
[2024.12.16 23:31:51 - info ] Trading session 期货白盘0900[FD0900] started processing closing task
[2024.12.16 23:31:51 - info ] Trading session 期货白盘0915[FD0915] started processing closing task
[2024.12.16 23:31:51 - info ] Trading session 股票白盘0930[SD0930] started processing closing task
[2024.12.16 23:31:51 - info ] ClosingTask of JR503[CZCE] done, 0 datas processed totally
[2024.12.16 23:31:51 - info ] ClosingTask of JR511[CZCE] done, 0 datas processed totally
[2024.12.16 23:31:51 - info ] ClosingTask of JR505[CZCE] done, 0 datas processed totally
[2024.12.16 23:31:51 - info ] ClosingTask of JR507[CZCE] done, 0 datas processed totally
[2024.12.16 23:31:51 - info ] ClosingTask of JR509[CZCE] done, 0 datas processed totally
[2024.12.16 23:31:51 - info ] ClosingTask of JR501[CZCE] done, 0 datas processed totally
[2024.12.16 23:31:51 - info ] ClosingTask of UR501[CZCE] done, 0 datas processed totally
[2024.12.16 23:31:51 - info ] ClosingTask of UR502[CZCE] done, 0 datas processed totally
[2024.12.16 23:31:51 - info ] ClosingTask of UR503[CZCE] done, 0 datas processed totally
[2024.12.16 23:31:51 - info ] ClosingTask of UR510[CZCE] done, 0 datas processed totally
[2024.12.16 23:31:51 - info ] ClosingTask of UR504[CZCE] done, 0 datas processed totally
[2024.12.16 23:31:51 - info ] ClosingTask of UR511[CZCE] done, 0 datas processed totally
[2024.12.16 23:31:51 - info ] ClosingTask of UR505[CZCE] done, 0 datas processed totally
[2024.12.16 23:31:51 - info ] ClosingTask of UR512[CZCE] done, 0 datas processed totally
[2024.12.16 23:31:51 - info ] ClosingTask of UR506[CZCE] done, 0 datas processed totally
[2024.12.16 23:31:51 - info ] ClosingTask of UR507[CZCE] done, 0 datas processed totally
[2024.12.16 23:31:51 - info ] ClosingTask of UR508[CZCE] done, 0 datas processed totally
[2024.12.16 23:31:51 - info ] ClosingTask of UR509[CZCE] done, 0 datas processed totally
[2024.12.16 23:31:51 - info ] ClosingTask of AP503[CZCE] done, 0 datas processed totally
[2024.12.16 23:31:51 - info ] ClosingTask of AP510[CZCE] done, 0 datas processed totally
[2024.12.16 23:31:51 - info ] ClosingTask of AP504[CZCE] done, 0 datas processed totally
[2024.12.16 23:31:51 - info ] ClosingTask of AP511[CZCE] done, 0 datas processed totally
[2024.12.16 23:31:51 - info ] ClosingTask of AP505[CZCE] done, 0 datas processed totally
[2024.12.16 23:31:51 - info ] ClosingTask of AP512[CZCE] done, 0 datas processed totally
[2024.12.16 23:31:51 - info ] ClosingTask of AP501[CZCE] done, 0 datas processed totally
[2024.12.16 23:31:51 - info ] ClosingTask of CJ503[CZCE] done, 0 datas processed totally
[2024.12.16 23:31:51 - info ] ClosingTask of CJ505[CZCE] done, 0 datas processed totally
[2024.12.16 23:31:51 - info ] ClosingTask of CJ512[CZCE] done, 0 datas processed totally
[2024.12.16 23:31:51 - info ] ClosingTask of CJ507[CZCE] done, 0 datas processed totally
[2024.12.16 23:31:51 - info ] ClosingTask of CJ509[CZCE] done, 0 datas processed totally
[2024.12.16 23:31:51 - info ] ClosingTask of CJ501[CZCE] done, 0 datas processed totally
[2024.12.16 23:31:51 - info ] ClosingTask of jd2412[DCE] done, 0 datas processed totally
[2024.12.16 23:31:51 - info ] ClosingTask of jd2501[DCE] done, 0 datas processed totally
[2024.12.16 23:31:51 - info ] ClosingTask of jd2502[DCE] done, 0 datas processed totally
[2024.12.16 23:31:51 - info ] ClosingTask of jd2503[DCE] done, 0 datas processed totally
[2024.12.16 23:31:51 - info ] ClosingTask of jd2510[DCE] done, 0 datas processed totally
[2024.12.16 23:31:51 - info ] ClosingTask of jd2504[DCE] done, 0 datas processed totally
[2024.12.16 23:31:51 - info ] ClosingTask of jd2511[DCE] done, 0 datas processed totally
[2024.12.16 23:31:51 - info ] ClosingTask of jd2505[DCE] done, 0 datas processed totally
[2024.12.16 23:31:51 - info ] ClosingTask of jd2506[DCE] done, 0 datas processed totally
[2024.12.16 23:31:51 - info ] ClosingTask of jd2507[DCE] done, 0 datas processed totally
[2024.12.16 23:31:51 - info ] ClosingTask of jd2508[DCE] done, 0 datas processed totally
[2024.12.16 23:31:51 - info ] ClosingTask of jd2509[DCE] done, 0 datas processed totally
[2024.12.16 23:31:51 - info ] ClosingTask of LR501[CZCE] done, 0 datas processed totally
[2024.12.16 23:31:51 - info ] ClosingTask of LR503[CZCE] done, 0 datas processed totally
[2024.12.16 23:31:51 - info ] ClosingTask of LR511[CZCE] done, 0 datas processed totally
[2024.12.16 23:31:51 - info ] ClosingTask of LR505[CZCE] done, 0 datas processed totally
[2024.12.16 23:31:51 - info ] ClosingTask of LR507[CZCE] done, 0 datas processed totally
[2024.12.16 23:31:51 - info ] ClosingTask of LR509[CZCE] done, 0 datas processed totally
[2024.12.16 23:31:51 - info ] ClosingTask of bb2501[DCE] done, 0 datas processed totally
[2024.12.16 23:31:51 - info ] ClosingTask of bb2502[DCE] done, 0 datas processed totally
[2024.12.16 23:31:51 - info ] ClosingTask of bb2503[DCE] done, 0 datas processed totally
[2024.12.16 23:31:51 - info ] ClosingTask of bb2504[DCE] done, 0 datas processed totally
[2024.12.16 23:31:51 - info ] ClosingTask of PM511[CZCE] done, 0 datas processed totally
[2024.12.16 23:31:51 - info ] ClosingTask of PM505[CZCE] done, 0 datas processed totally
[2024.12.16 23:31:51 - info ] ClosingTask of PM507[CZCE] done, 0 datas processed totally
[2024.12.16 23:31:51 - info ] ClosingTask of PM509[CZCE] done, 0 datas processed totally
[2024.12.16 23:31:51 - info ] ClosingTask of PM501[CZCE] done, 0 datas processed totally
[2024.12.16 23:31:51 - info ] ClosingTask of PM503[CZCE] done, 0 datas processed totally
[2024.12.16 23:31:51 - info ] ClosingTask of RI501[CZCE] done, 0 datas processed totally
[2024.12.16 23:31:51 - info ] ClosingTask of RI503[CZCE] done, 0 datas processed totally
[2024.12.16 23:31:51 - info ] ClosingTask of RI511[CZCE] done, 0 datas processed totally
[2024.12.16 23:31:51 - info ] ClosingTask of RI505[CZCE] done, 0 datas processed totally
[2024.12.16 23:31:51 - info ] ClosingTask of RI507[CZCE] done, 0 datas processed totally
[2024.12.16 23:31:51 - info ] ClosingTask of RI509[CZCE] done, 0 datas processed totally
[2024.12.16 23:31:51 - info ] ClosingTask of SF501[CZCE] done, 0 datas processed totally
[2024.12.16 23:31:51 - info ] ClosingTask of SF502[CZCE] done, 0 datas processed totally
[2024.12.16 23:31:51 - info ] ClosingTask of SF503[CZCE] done, 0 datas processed totally
[2024.12.16 23:31:51 - info ] ClosingTask of SF510[CZCE] done, 0 datas processed totally
[2024.12.16 23:31:51 - info ] ClosingTask of SF504[CZCE] done, 0 datas processed totally
[2024.12.16 23:31:51 - info ] ClosingTask of SF511[CZCE] done, 0 datas processed totally
[2024.12.16 23:31:51 - info ] ClosingTask of SF505[CZCE] done, 0 datas processed totally
[2024.12.16 23:31:51 - info ] ClosingTask of SF512[CZCE] done, 0 datas processed totally
[2024.12.16 23:31:51 - info ] ClosingTask of SF506[CZCE] done, 0 datas processed totally
[2024.12.16 23:31:51 - info ] ClosingTask of SF507[CZCE] done, 0 datas processed totally
[2024.12.16 23:31:51 - info ] ClosingTask of SF508[CZCE] done, 0 datas processed totally
[2024.12.16 23:31:51 - info ] ClosingTask of SF509[CZCE] done, 0 datas processed totally
[2024.12.16 23:31:51 - info ] ClosingTask of lh2501[DCE] done, 0 datas processed totally
[2024.12.16 23:31:51 - info ] ClosingTask of lh2503[DCE] done, 0 datas processed totally
[2024.12.16 23:31:51 - info ] ClosingTask of lh2511[DCE] done, 0 datas processed totally
[2024.12.16 23:31:51 - info ] ClosingTask of lh2505[DCE] done, 0 datas processed totally
[2024.12.16 23:31:51 - info ] ClosingTask of lh2507[DCE] done, 0 datas processed totally
[2024.12.16 23:31:51 - info ] ClosingTask of lh2509[DCE] done, 0 datas processed totally
[2024.12.16 23:31:51 - info ] ClosingTask of wr2501[SHFE] done, 0 datas processed totally
[2024.12.16 23:31:51 - info ] ClosingTask of wr2502[SHFE] done, 0 datas processed totally
[2024.12.16 23:31:51 - info ] ClosingTask of wr2503[SHFE] done, 0 datas processed totally
[2024.12.16 23:31:51 - info ] ClosingTask of wr2510[SHFE] done, 0 datas processed totally
[2024.12.16 23:31:51 - info ] ClosingTask of wr2504[SHFE] done, 0 datas processed totally
[2024.12.16 23:31:51 - info ] ClosingTask of wr2511[SHFE] done, 0 datas processed totally
[2024.12.16 23:31:51 - info ] ClosingTask of wr2505[SHFE] done, 0 datas processed totally
[2024.12.16 23:31:51 - info ] ClosingTask of wr2512[SHFE] done, 0 datas processed totally
[2024.12.16 23:31:51 - info ] ClosingTask of wr2506[SHFE] done, 0 datas processed totally
[2024.12.16 23:31:51 - info ] ClosingTask of wr2507[SHFE] done, 0 datas processed totally
[2024.12.16 23:31:51 - info ] ClosingTask of wr2508[SHFE] done, 0 datas processed totally
[2024.12.16 23:31:51 - info ] ClosingTask of wr2509[SHFE] done, 0 datas processed totally
[2024.12.16 23:31:51 - info ] ClosingTask of SM501[CZCE] done, 0 datas processed totally
[2024.12.16 23:31:51 - info ] ClosingTask of SM502[CZCE] done, 0 datas processed totally
[2024.12.16 23:31:51 - info ] ClosingTask of SM503[CZCE] done, 0 datas processed totally
[2024.12.16 23:31:51 - info ] ClosingTask of SM510[CZCE] done, 0 datas processed totally
[2024.12.16 23:31:51 - info ] ClosingTask of SM504[CZCE] done, 0 datas processed totally
[2024.12.16 23:31:51 - info ] ClosingTask of SM511[CZCE] done, 0 datas processed totally
[2024.12.16 23:31:51 - info ] ClosingTask of SM505[CZCE] done, 0 datas processed totally
[2024.12.16 23:31:51 - info ] ClosingTask of SM512[CZCE] done, 0 datas processed totally
[2024.12.16 23:31:51 - info ] ClosingTask of SM506[CZCE] done, 0 datas processed totally
[2024.12.16 23:31:51 - info ] ClosingTask of SM507[CZCE] done, 0 datas processed totally
[2024.12.16 23:31:51 - info ] ClosingTask of SM508[CZCE] done, 0 datas processed totally
[2024.12.16 23:31:51 - info ] ClosingTask of SM509[CZCE] done, 0 datas processed totally
[2024.12.16 23:31:51 - info ] ClosingTask of fb2506[DCE] done, 0 datas processed totally
[2024.12.16 23:31:51 - info ] ClosingTask of fb2507[DCE] done, 0 datas processed totally
[2024.12.16 23:31:51 - info ] ClosingTask of fb2508[DCE] done, 0 datas processed totally
[2024.12.16 23:31:51 - info ] ClosingTask of fb2509[DCE] done, 0 datas processed totally
[2024.12.16 23:31:51 - info ] ClosingTask of fb2501[DCE] done, 0 datas processed totally
[2024.12.16 23:31:51 - info ] ClosingTask of fb2502[DCE] done, 0 datas processed totally
[2024.12.16 23:31:51 - info ] ClosingTask of fb2503[DCE] done, 0 datas processed totally
[2024.12.16 23:31:51 - info ] ClosingTask of fb2510[DCE] done, 0 datas processed totally
[2024.12.16 23:31:51 - info ] ClosingTask of fb2504[DCE] done, 0 datas processed totally
[2024.12.16 23:31:51 - info ] ClosingTask of fb2511[DCE] done, 0 datas processed totally
[2024.12.16 23:31:51 - info ] ClosingTask of fb2505[DCE] done, 0 datas processed totally
[2024.12.16 23:31:51 - info ] ClosingTask of fb2512[DCE] done, 0 datas processed totally
[2024.12.16 23:31:51 - info ] ClosingTask of RS508[CZCE] done, 0 datas processed totally
[2024.12.16 23:31:51 - info ] ClosingTask of RS509[CZCE] done, 0 datas processed totally
[2024.12.16 23:31:51 - info ] ClosingTask of RS511[CZCE] done, 0 datas processed totally
[2024.12.16 23:31:51 - info ] ClosingTask of RS507[CZCE] done, 0 datas processed totally
[2024.12.16 23:31:51 - info ] ClosingTask of WH511[CZCE] done, 0 datas processed totally
[2024.12.16 23:31:51 - info ] ClosingTask of WH505[CZCE] done, 0 datas processed totally
[2024.12.16 23:31:51 - info ] ClosingTask of WH507[CZCE] done, 0 datas processed totally
[2024.12.16 23:31:51 - info ] ClosingTask of WH509[CZCE] done, 0 datas processed totally
[2024.12.16 23:31:51 - info ] ClosingTask of WH501[CZCE] done, 0 datas processed totally
[2024.12.16 23:31:51 - info ] ClosingTask of WH503[CZCE] done, 0 datas processed totally
[2024.12.16 23:31:51 - info ] ClosingTask mark of Trading session [FD0900] updated: 20241216
[2024.12.16 23:31:51 - info ] ClosingTask of T2509[CFFEX] done, 0 datas processed totally
[2024.12.16 23:31:51 - info ] ClosingTask of T2503[CFFEX] done, 0 datas processed totally
[2024.12.16 23:31:51 - info ] ClosingTask of T2506[CFFEX] done, 0 datas processed totally
[2024.12.16 23:31:51 - info ] ClosingTask of TS2506[CFFEX] done, 0 datas processed totally
[2024.12.16 23:31:51 - info ] ClosingTask of TS2509[CFFEX] done, 0 datas processed totally
[2024.12.16 23:31:51 - info ] ClosingTask of TS2503[CFFEX] done, 0 datas processed totally
[2024.12.16 23:31:51 - info ] ClosingTask of TF2503[CFFEX] done, 0 datas processed totally
[2024.12.16 23:31:51 - info ] ClosingTask of TF2506[CFFEX] done, 0 datas processed totally
[2024.12.16 23:31:51 - info ] ClosingTask of TF2509[CFFEX] done, 0 datas processed totally
[2024.12.16 23:31:51 - info ] ClosingTask mark of Trading session [FD0915] updated: 20241216
[2024.12.16 23:31:51 - info ] ClosingTask of IC2501[CFFEX] done, 0 datas processed totally
[2024.12.16 23:31:51 - info ] ClosingTask of IC2503[CFFEX] done, 0 datas processed totally
[2024.12.16 23:31:51 - info ] ClosingTask of IC2412[CFFEX] done, 0 datas processed totally
[2024.12.16 23:31:51 - info ] ClosingTask of IC2506[CFFEX] done, 0 datas processed totally
[2024.12.16 23:31:51 - info ] ClosingTask of IF2412[CFFEX] done, 0 datas processed totally
[2024.12.16 23:31:51 - info ] ClosingTask of IF2506[CFFEX] done, 0 datas processed totally
[2024.12.16 23:31:51 - info ] ClosingTask of IF2501[CFFEX] done, 0 datas processed totally
[2024.12.16 23:31:51 - info ] ClosingTask of IF2503[CFFEX] done, 0 datas processed totally
[2024.12.16 23:31:51 - info ] ClosingTask of IH2503[CFFEX] done, 0 datas processed totally
[2024.12.16 23:31:51 - info ] ClosingTask of IH2412[CFFEX] done, 0 datas processed totally
[2024.12.16 23:31:51 - info ] ClosingTask of IH2506[CFFEX] done, 0 datas processed totally
[2024.12.16 23:31:51 - info ] ClosingTask of IH2501[CFFEX] done, 0 datas processed totally
[2024.12.16 23:31:51 - info ] ClosingTask mark of Trading session [SD0930] updated: 20241216
[2024.12.16 23:31:53 - info ] 200 ticks received from exchange SHFE
[2024.12.16 23:31:55 - info ] 300 ticks received from exchange SHFE
[2024.12.16 23:31:55 - info ] 100 ticks received from exchange INE
[2024.12.16 23:31:56 - info ] 400 ticks received from exchange SHFE
[2024.12.16 23:31:57 - info ] 500 ticks received from exchange SHFE
[2024.12.16 23:31:58 - error] app interrupted
[2024.12.16 23:31:58 - info ] Exit flag is true
