[2024.05.15 15:52:06 - info ] Trading sessions loaded
[2024.05.15 15:52:06 - error] No session configured for INE.ec
[2024.05.15 15:52:06 - error] No session configured for GFEX.lc
[2024.05.15 15:52:06 - error] No session configured for GFEX.si
[2024.05.15 15:52:06 - error] No session configured for SHFE.br
[2024.05.15 15:52:06 - error] No session configured for SHFE.ao
[2024.05.15 15:52:06 - error] No session configured for CFFEX.IM
[2024.05.15 15:52:06 - error] No session configured for CFFEX.TL
[2024.05.15 15:52:06 - error] No session configured for CZCE.PK
[2024.05.15 15:52:06 - error] No session configured for CZCE.PX
[2024.05.15 15:52:06 - error] No session configured for CZCE.SH
[2024.05.15 15:52:06 - info ] Commodities configuration file ../common/commodities.json loaded
[2024.05.15 15:52:06 - warning] Commodity INE.ec not found, contract ec2408 skipped
[2024.05.15 15:52:06 - warning] Commodity INE.ec not found, contract ec2504 skipped
[2024.05.15 15:52:06 - warning] Commodity INE.ec not found, contract ec2410 skipped
[2024.05.15 15:52:06 - warning] Commodity INE.ec not found, contract ec2412 skipped
[2024.05.15 15:52:06 - warning] Commodity INE.ec not found, contract ec2406 skipped
[2024.05.15 15:52:06 - warning] Commodity INE.ec not found, contract ec2502 skipped
[2024.05.15 15:52:06 - warning] Commodity GFEX.lc not found, contract lc2503 skipped
[2024.05.15 15:52:06 - warning] Commodity GFEX.si not found, contract si2412 skipped
[2024.05.15 15:52:06 - warning] Commodity GFEX.si not found, contract si2408 skipped
[2024.05.15 15:52:06 - warning] Commodity GFEX.si not found, contract si2406 skipped
[2024.05.15 15:52:06 - warning] Commodity GFEX.lc not found, contract lc2405 skipped
[2024.05.15 15:52:06 - warning] Commodity GFEX.si not found, contract si2409 skipped
[2024.05.15 15:52:06 - warning] Commodity GFEX.si not found, contract si2407 skipped
[2024.05.15 15:52:06 - warning] Commodity GFEX.lc not found, contract lc2410 skipped
[2024.05.15 15:52:06 - warning] Commodity GFEX.si not found, contract si2411 skipped
[2024.05.15 15:52:06 - warning] Commodity GFEX.lc not found, contract lc2411 skipped
[2024.05.15 15:52:06 - warning] Commodity GFEX.lc not found, contract lc2504 skipped
[2024.05.15 15:52:06 - warning] Commodity GFEX.lc not found, contract lc2501 skipped
[2024.05.15 15:52:06 - warning] Commodity GFEX.si not found, contract si2410 skipped
[2024.05.15 15:52:06 - warning] Commodity GFEX.lc not found, contract lc2407 skipped
[2024.05.15 15:52:06 - warning] Commodity GFEX.lc not found, contract lc2409 skipped
[2024.05.15 15:52:06 - warning] Commodity GFEX.si not found, contract si2405 skipped
[2024.05.15 15:52:06 - warning] Commodity GFEX.lc not found, contract lc2502 skipped
[2024.05.15 15:52:06 - warning] Commodity GFEX.lc not found, contract lc2406 skipped
[2024.05.15 15:52:06 - warning] Commodity GFEX.lc not found, contract lc2408 skipped
[2024.05.15 15:52:06 - warning] Commodity GFEX.lc not found, contract lc2412 skipped
[2024.05.15 15:52:06 - warning] Commodity SHFE.ao not found, contract ao2407 skipped
[2024.05.15 15:52:06 - warning] Commodity SHFE.br not found, contract br2501 skipped
[2024.05.15 15:52:06 - warning] Commodity SHFE.br not found, contract br2411 skipped
[2024.05.15 15:52:06 - warning] Commodity SHFE.br not found, contract br2406 skipped
[2024.05.15 15:52:06 - warning] Commodity SHFE.ao not found, contract ao2405 skipped
[2024.05.15 15:52:06 - warning] Commodity SHFE.br not found, contract br2408 skipped
[2024.05.15 15:52:06 - warning] Commodity SHFE.br not found, contract br2410 skipped
[2024.05.15 15:52:06 - warning] Commodity SHFE.br not found, contract br2407 skipped
[2024.05.15 15:52:06 - warning] Commodity SHFE.ao not found, contract ao2411 skipped
[2024.05.15 15:52:06 - warning] Commodity SHFE.ao not found, contract ao2503 skipped
[2024.05.15 15:52:06 - warning] Commodity SHFE.br not found, contract br2409 skipped
[2024.05.15 15:52:06 - warning] Commodity SHFE.ao not found, contract ao2504 skipped
[2024.05.15 15:52:06 - warning] Commodity SHFE.ao not found, contract ao2410 skipped
[2024.05.15 15:52:06 - warning] Commodity SHFE.ao not found, contract ao2502 skipped
[2024.05.15 15:52:06 - warning] Commodity SHFE.br not found, contract br2504 skipped
[2024.05.15 15:52:06 - warning] Commodity SHFE.br not found, contract br2412 skipped
[2024.05.15 15:52:06 - warning] Commodity SHFE.br not found, contract br2405 skipped
[2024.05.15 15:52:06 - warning] Commodity SHFE.ao not found, contract ao2408 skipped
[2024.05.15 15:52:06 - warning] Commodity SHFE.ao not found, contract ao2501 skipped
[2024.05.15 15:52:06 - warning] Commodity SHFE.br not found, contract br2503 skipped
[2024.05.15 15:52:06 - warning] Commodity SHFE.ao not found, contract ao2412 skipped
[2024.05.15 15:52:06 - warning] Commodity SHFE.ao not found, contract ao2406 skipped
[2024.05.15 15:52:06 - warning] Commodity SHFE.ao not found, contract ao2409 skipped
[2024.05.15 15:52:06 - warning] Commodity SHFE.br not found, contract br2502 skipped
[2024.05.15 15:52:06 - warning] Commodity CFFEX.IM not found, contract IM2412 skipped
[2024.05.15 15:52:06 - warning] Commodity CFFEX.IM not found, contract IM2409 skipped
[2024.05.15 15:52:06 - warning] Commodity CFFEX.IM not found, contract IM2405 skipped
[2024.05.15 15:52:06 - warning] Commodity CFFEX.TL not found, contract TL2409 skipped
[2024.05.15 15:52:06 - warning] Commodity CFFEX.IM not found, contract IM2406 skipped
[2024.05.15 15:52:06 - warning] Commodity CFFEX.TL not found, contract TL2412 skipped
[2024.05.15 15:52:06 - warning] Commodity CFFEX.TL not found, contract TL2406 skipped
[2024.05.15 15:52:06 - warning] Commodity CZCE.PX not found, contract PX407 skipped
[2024.05.15 15:52:06 - warning] Commodity CZCE.PX not found, contract PX412 skipped
[2024.05.15 15:52:06 - warning] Commodity CZCE.PK not found, contract PK410 skipped
[2024.05.15 15:52:06 - warning] Commodity CZCE.PX not found, contract PX409 skipped
[2024.05.15 15:52:06 - warning] Commodity CZCE.PK not found, contract PK504 skipped
[2024.05.15 15:52:06 - warning] Commodity CZCE.SH not found, contract SH501 skipped
[2024.05.15 15:52:06 - warning] Commodity CZCE.PK not found, contract PK411 skipped
[2024.05.15 15:52:06 - warning] Commodity CZCE.PX not found, contract PX504 skipped
[2024.05.15 15:52:06 - warning] Commodity CZCE.SH not found, contract SH410 skipped
[2024.05.15 15:52:06 - warning] Commodity CZCE.PX not found, contract PX405 skipped
[2024.05.15 15:52:06 - warning] Commodity CZCE.SH not found, contract SH409 skipped
[2024.05.15 15:52:06 - warning] Commodity CZCE.SH not found, contract SH502 skipped
[2024.05.15 15:52:06 - warning] Commodity CZCE.PK not found, contract PK412 skipped
[2024.05.15 15:52:06 - warning] Commodity CZCE.PX not found, contract PX503 skipped
[2024.05.15 15:52:06 - warning] Commodity CZCE.SH not found, contract SH411 skipped
[2024.05.15 15:52:06 - warning] Commodity CZCE.SH not found, contract SH504 skipped
[2024.05.15 15:52:06 - warning] Commodity CZCE.SH not found, contract SH408 skipped
[2024.05.15 15:52:06 - warning] Commodity CZCE.SH not found, contract SH503 skipped
[2024.05.15 15:52:06 - warning] Commodity CZCE.SH not found, contract SH405 skipped
[2024.05.15 15:52:06 - warning] Commodity CZCE.PX not found, contract PX502 skipped
[2024.05.15 15:52:06 - warning] Commodity CZCE.PX not found, contract PX411 skipped
[2024.05.15 15:52:06 - warning] Commodity CZCE.PK not found, contract PK503 skipped
[2024.05.15 15:52:06 - warning] Commodity CZCE.PX not found, contract PX501 skipped
[2024.05.15 15:52:06 - warning] Commodity CZCE.PX not found, contract PX410 skipped
[2024.05.15 15:52:06 - warning] Commodity CZCE.SH not found, contract SH407 skipped
[2024.05.15 15:52:06 - warning] Commodity CZCE.PX not found, contract PX406 skipped
[2024.05.15 15:52:06 - warning] Commodity CZCE.PK not found, contract PK501 skipped
[2024.05.15 15:52:06 - warning] Commodity CZCE.PX not found, contract PX408 skipped
[2024.05.15 15:52:06 - warning] Commodity CZCE.SH not found, contract SH406 skipped
[2024.05.15 15:52:06 - warning] Commodity CZCE.SH not found, contract SH412 skipped
[2024.05.15 15:52:06 - info ] Contracts configuration file ../common/contracts.json loaded, 5 exchanges
[2024.05.15 15:52:06 - info ] Holidays loaded
[2024.05.15 15:52:06 - info ] Data storage module D:/source_code/wondertrader_demos/QuoteFactory/WtDataStorage.dll loaded
[2024.05.15 15:52:06 - info ] Reading parser config from mdparsers.yaml...
[2024.05.15 15:52:06 - info ] [parser] Parser module D:/source_code/wondertrader_demos/QuoteFactory/parsers/ParserCTP.dll loaded
[2024.05.15 15:52:06 - info ] 1 market data parsers loaded in total
[2024.05.15 15:52:06 - info ] 1 parsers started
[2024.05.15 15:52:06 - info ] Trading session ??????2300[FN2300] stopped receiving data
[2024.05.15 15:52:06 - info ] Trading session ???????0900[FD0900] stopped receiving data
[2024.05.15 15:52:06 - info ] Trading session ??????0230[FN0230] stopped receiving data
[2024.05.15 15:52:06 - info ] No corresponding instrument of trading session ??????2330[FN2330], changed into holiday state
[2024.05.15 15:52:06 - info ] All instruments of trading session ??????2330[FN2330] are in holiday, changed into holiday state
[2024.05.15 15:52:06 - info ] Trading session ??????0100[FN0100] stopped receiving data
[2024.05.15 15:52:06 - info ] Trading session ???????0915[FD0915] stopped receiving data
[2024.05.15 15:52:06 - info ] Trading session ???????0930[SD0930] stopped receiving data
[2024.05.15 15:52:07 - info ] [ParserCTP] Market data server connected
[2024.05.15 15:52:08 - info ] [ParserCTP] Market data of 679 contracts subscribed totally
