[2024.06.13 00:00:00 - info ] Trading session ???????0900[FD0900] state reset
[2024.06.13 00:00:00 - info ] Trading session ???????0915[FD0915] state reset
[2024.06.13 00:00:00 - info ] Trading session ???????0930[SD0930] state reset
[2024.06.13 00:00:00 - info ] 681000 ticks received from exchange INE
[2024.06.13 00:00:01 - info ] 2840400 ticks received from exchange SHFE
[2024.06.13 00:00:03 - info ] 2840600 ticks received from exchange SHFE
[2024.06.13 00:00:05 - info ] 2840800 ticks received from exchange SHFE
[2024.06.13 00:00:07 - info ] 2841000 ticks received from exchange SHFE
[2024.06.13 00:00:09 - info ] 2841200 ticks received from exchange SHFE
[2024.06.13 00:00:12 - info ] 2841400 ticks received from exchange SHFE
[2024.06.13 00:00:14 - info ] 681200 ticks received from exchange INE
[2024.06.13 00:00:15 - info ] 2841600 ticks received from exchange SHFE
[2024.06.13 00:00:18 - info ] 2841800 ticks received from exchange SHFE
[2024.06.13 00:00:20 - info ] 2842000 ticks received from exchange SHFE
[2024.06.13 00:00:24 - info ] 2842200 ticks received from exchange SHFE
[2024.06.13 00:00:27 - info ] 2842400 ticks received from exchange SHFE
[2024.06.13 00:00:28 - info ] 681400 ticks received from exchange INE
[2024.06.13 00:00:29 - info ] 2842600 ticks received from exchange SHFE
[2024.06.13 00:00:32 - info ] 2842800 ticks received from exchange SHFE
[2024.06.13 00:00:36 - info ] 2843000 ticks received from exchange SHFE
[2024.06.13 00:00:38 - info ] 2843200 ticks received from exchange SHFE
[2024.06.13 00:00:41 - info ] 2843400 ticks received from exchange SHFE
[2024.06.13 00:00:44 - info ] 681600 ticks received from exchange INE
[2024.06.13 00:00:44 - info ] 2843600 ticks received from exchange SHFE
[2024.06.13 00:00:46 - info ] 2843800 ticks received from exchange SHFE
[2024.06.13 00:00:50 - info ] 2844000 ticks received from exchange SHFE
[2024.06.13 00:00:53 - info ] 2844200 ticks received from exchange SHFE
[2024.06.13 00:00:55 - info ] 2844400 ticks received from exchange SHFE
[2024.06.13 00:00:58 - info ] 2844600 ticks received from exchange SHFE
[2024.06.13 00:01:00 - info ] 681800 ticks received from exchange INE
[2024.06.13 00:01:01 - info ] 2844800 ticks received from exchange SHFE
[2024.06.13 00:01:03 - info ] 2845000 ticks received from exchange SHFE
[2024.06.13 00:01:05 - info ] 2845200 ticks received from exchange SHFE
[2024.06.13 00:01:07 - info ] 2845400 ticks received from exchange SHFE
[2024.06.13 00:01:09 - info ] tick cache of SHFE.ss2505 mapping expired, automatically closed
[2024.06.13 00:01:09 - info ] min1 cache of SHFE.ss2505 mapping expired, automatically closed
[2024.06.13 00:01:09 - info ] min5 cache of SHFE.ss2505 mapping expired, automatically closed
[2024.06.13 00:01:10 - info ] 2845600 ticks received from exchange SHFE
[2024.06.13 00:01:13 - info ] 2845800 ticks received from exchange SHFE
[2024.06.13 00:01:13 - info ] 682000 ticks received from exchange INE
[2024.06.13 00:01:16 - info ] 2846000 ticks received from exchange SHFE
[2024.06.13 00:01:19 - info ] 2846200 ticks received from exchange SHFE
[2024.06.13 00:01:22 - info ] 2846400 ticks received from exchange SHFE
[2024.06.13 00:01:25 - info ] 2846600 ticks received from exchange SHFE
[2024.06.13 00:01:28 - info ] 2846800 ticks received from exchange SHFE
[2024.06.13 00:01:28 - info ] 682200 ticks received from exchange INE
[2024.06.13 00:01:30 - info ] 2847000 ticks received from exchange SHFE
[2024.06.13 00:01:33 - info ] 2847200 ticks received from exchange SHFE
[2024.06.13 00:01:36 - info ] 2847400 ticks received from exchange SHFE
[2024.06.13 00:01:39 - info ] 2847600 ticks received from exchange SHFE
[2024.06.13 00:01:42 - info ] 2847800 ticks received from exchange SHFE
[2024.06.13 00:01:42 - info ] 682400 ticks received from exchange INE
[2024.06.13 00:01:45 - info ] 2848000 ticks received from exchange SHFE
[2024.06.13 00:01:47 - info ] 2848200 ticks received from exchange SHFE
[2024.06.13 00:01:50 - info ] 2848400 ticks received from exchange SHFE
[2024.06.13 00:01:53 - info ] 2848600 ticks received from exchange SHFE
[2024.06.13 00:01:55 - info ] 2848800 ticks received from exchange SHFE
[2024.06.13 00:01:58 - info ] 2849000 ticks received from exchange SHFE
[2024.06.13 00:01:58 - info ] 682600 ticks received from exchange INE
[2024.06.13 00:02:01 - info ] 2849200 ticks received from exchange SHFE
[2024.06.13 00:02:04 - info ] 2849400 ticks received from exchange SHFE
[2024.06.13 00:02:06 - info ] 2849600 ticks received from exchange SHFE
[2024.06.13 00:02:09 - info ] 2849800 ticks received from exchange SHFE
[2024.06.13 00:02:13 - info ] 2850000 ticks received from exchange SHFE
[2024.06.13 00:02:16 - info ] 2850200 ticks received from exchange SHFE
[2024.06.13 00:02:17 - info ] 682800 ticks received from exchange INE
[2024.06.13 00:02:19 - info ] 2850400 ticks received from exchange SHFE
[2024.06.13 00:02:21 - info ] 2850600 ticks received from exchange SHFE
[2024.06.13 00:02:24 - info ] 2850800 ticks received from exchange SHFE
[2024.06.13 00:02:27 - info ] 2851000 ticks received from exchange SHFE
[2024.06.13 00:02:30 - info ] 2851200 ticks received from exchange SHFE
[2024.06.13 00:02:33 - info ] 2851400 ticks received from exchange SHFE
[2024.06.13 00:02:34 - info ] 683000 ticks received from exchange INE
[2024.06.13 00:02:37 - info ] 2851600 ticks received from exchange SHFE
[2024.06.13 00:02:41 - info ] 2851800 ticks received from exchange SHFE
[2024.06.13 00:02:44 - info ] 2852000 ticks received from exchange SHFE
[2024.06.13 00:02:47 - info ] 2852200 ticks received from exchange SHFE
[2024.06.13 00:02:50 - info ] 683200 ticks received from exchange INE
[2024.06.13 00:02:50 - info ] 2852400 ticks received from exchange SHFE
[2024.06.13 00:02:54 - info ] 2852600 ticks received from exchange SHFE
[2024.06.13 00:02:57 - info ] 2852800 ticks received from exchange SHFE
[2024.06.13 00:03:01 - info ] 2853000 ticks received from exchange SHFE
[2024.06.13 00:03:04 - info ] 2853200 ticks received from exchange SHFE
[2024.06.13 00:03:05 - info ] 683400 ticks received from exchange INE
[2024.06.13 00:03:07 - info ] 2853400 ticks received from exchange SHFE
[2024.06.13 00:03:11 - info ] 2853600 ticks received from exchange SHFE
[2024.06.13 00:03:13 - info ] 2853800 ticks received from exchange SHFE
[2024.06.13 00:03:17 - info ] 2854000 ticks received from exchange SHFE
[2024.06.13 00:03:18 - info ] 683600 ticks received from exchange INE
[2024.06.13 00:03:21 - info ] 2854200 ticks received from exchange SHFE
[2024.06.13 00:03:25 - info ] 2854400 ticks received from exchange SHFE
[2024.06.13 00:03:29 - info ] 2854600 ticks received from exchange SHFE
[2024.06.13 00:03:34 - info ] 2854800 ticks received from exchange SHFE
[2024.06.13 00:03:38 - info ] 683800 ticks received from exchange INE
[2024.06.13 00:03:38 - info ] 2855000 ticks received from exchange SHFE
[2024.06.13 00:03:41 - info ] 2855200 ticks received from exchange SHFE
[2024.06.13 00:03:44 - info ] 2855400 ticks received from exchange SHFE
[2024.06.13 00:03:46 - info ] 2855600 ticks received from exchange SHFE
[2024.06.13 00:03:49 - info ] 2855800 ticks received from exchange SHFE
[2024.06.13 00:03:52 - info ] 2856000 ticks received from exchange SHFE
[2024.06.13 00:03:54 - info ] 684000 ticks received from exchange INE
[2024.06.13 00:03:55 - info ] 2856200 ticks received from exchange SHFE
[2024.06.13 00:03:57 - info ] 2856400 ticks received from exchange SHFE
[2024.06.13 00:04:00 - info ] 2856600 ticks received from exchange SHFE
[2024.06.13 00:04:03 - info ] 2856800 ticks received from exchange SHFE
[2024.06.13 00:04:06 - info ] 684200 ticks received from exchange INE
[2024.06.13 00:04:06 - info ] 2857000 ticks received from exchange SHFE
[2024.06.13 00:04:10 - info ] 2857200 ticks received from exchange SHFE
[2024.06.13 00:04:13 - info ] 2857400 ticks received from exchange SHFE
[2024.06.13 00:04:15 - info ] 2857600 ticks received from exchange SHFE
[2024.06.13 00:04:18 - info ] 2857800 ticks received from exchange SHFE
[2024.06.13 00:04:21 - info ] 684400 ticks received from exchange INE
[2024.06.13 00:04:22 - info ] 2858000 ticks received from exchange SHFE
[2024.06.13 00:04:25 - info ] 2858200 ticks received from exchange SHFE
[2024.06.13 00:04:29 - info ] 2858400 ticks received from exchange SHFE
[2024.06.13 00:04:33 - info ] 2858600 ticks received from exchange SHFE
[2024.06.13 00:04:36 - info ] 684600 ticks received from exchange INE
[2024.06.13 00:04:36 - info ] 2858800 ticks received from exchange SHFE
[2024.06.13 00:04:40 - info ] 2859000 ticks received from exchange SHFE
[2024.06.13 00:04:44 - info ] 2859200 ticks received from exchange SHFE
[2024.06.13 00:04:48 - info ] 2859400 ticks received from exchange SHFE
[2024.06.13 00:04:51 - info ] 684800 ticks received from exchange INE
[2024.06.13 00:04:52 - info ] 2859600 ticks received from exchange SHFE
[2024.06.13 00:04:56 - info ] 2859800 ticks received from exchange SHFE
[2024.06.13 00:05:00 - info ] 2860000 ticks received from exchange SHFE
[2024.06.13 00:05:03 - info ] 2860200 ticks received from exchange SHFE
[2024.06.13 00:05:07 - info ] 2860400 ticks received from exchange SHFE
[2024.06.13 00:05:10 - info ] 685000 ticks received from exchange INE
[2024.06.13 00:05:10 - info ] 2860600 ticks received from exchange SHFE
[2024.06.13 00:05:13 - info ] 2860800 ticks received from exchange SHFE
[2024.06.13 00:05:15 - info ] 2861000 ticks received from exchange SHFE
[2024.06.13 00:05:18 - info ] 2861200 ticks received from exchange SHFE
[2024.06.13 00:05:21 - info ] 2861400 ticks received from exchange SHFE
[2024.06.13 00:05:22 - info ] 685200 ticks received from exchange INE
[2024.06.13 00:05:26 - info ] 2861600 ticks received from exchange SHFE
[2024.06.13 00:05:30 - info ] 2861800 ticks received from exchange SHFE
[2024.06.13 00:05:33 - info ] 2862000 ticks received from exchange SHFE
[2024.06.13 00:05:37 - info ] 2862200 ticks received from exchange SHFE
[2024.06.13 00:05:38 - info ] 685400 ticks received from exchange INE
[2024.06.13 00:05:40 - info ] 2862400 ticks received from exchange SHFE
[2024.06.13 00:05:43 - info ] 2862600 ticks received from exchange SHFE
[2024.06.13 00:05:48 - info ] 2862800 ticks received from exchange SHFE
[2024.06.13 00:05:52 - info ] 2863000 ticks received from exchange SHFE
[2024.06.13 00:05:53 - info ] 685600 ticks received from exchange INE
[2024.06.13 00:05:55 - info ] 2863200 ticks received from exchange SHFE
[2024.06.13 00:05:58 - info ] 2863400 ticks received from exchange SHFE
[2024.06.13 00:06:01 - info ] 2863600 ticks received from exchange SHFE
[2024.06.13 00:06:04 - info ] 2863800 ticks received from exchange SHFE
[2024.06.13 00:06:06 - info ] 2864000 ticks received from exchange SHFE
[2024.06.13 00:06:10 - info ] 2864200 ticks received from exchange SHFE
[2024.06.13 00:06:10 - info ] 685800 ticks received from exchange INE
[2024.06.13 00:06:13 - info ] 2864400 ticks received from exchange SHFE
[2024.06.13 00:06:14 - debug] RT tick block of SHFE.cu2504 resized to 10000
[2024.06.13 00:06:17 - info ] 2864600 ticks received from exchange SHFE
[2024.06.13 00:06:19 - info ] 2864800 ticks received from exchange SHFE
[2024.06.13 00:06:21 - info ] 2865000 ticks received from exchange SHFE
[2024.06.13 00:06:24 - info ] 2865200 ticks received from exchange SHFE
[2024.06.13 00:06:25 - info ] 686000 ticks received from exchange INE
[2024.06.13 00:06:27 - info ] 2865400 ticks received from exchange SHFE
[2024.06.13 00:06:30 - info ] 2865600 ticks received from exchange SHFE
[2024.06.13 00:06:33 - info ] 2865800 ticks received from exchange SHFE
[2024.06.13 00:06:36 - info ] 2866000 ticks received from exchange SHFE
[2024.06.13 00:06:39 - info ] 686200 ticks received from exchange INE
[2024.06.13 00:06:40 - info ] 2866200 ticks received from exchange SHFE
[2024.06.13 00:06:44 - info ] 2866400 ticks received from exchange SHFE
[2024.06.13 00:06:48 - info ] 2866600 ticks received from exchange SHFE
[2024.06.13 00:06:51 - info ] 2866800 ticks received from exchange SHFE
[2024.06.13 00:06:54 - info ] 2867000 ticks received from exchange SHFE
[2024.06.13 00:06:54 - info ] 686400 ticks received from exchange INE
[2024.06.13 00:06:56 - info ] 2867200 ticks received from exchange SHFE
[2024.06.13 00:06:59 - info ] 2867400 ticks received from exchange SHFE
[2024.06.13 00:07:03 - info ] 2867600 ticks received from exchange SHFE
[2024.06.13 00:07:05 - info ] 686600 ticks received from exchange INE
[2024.06.13 00:07:06 - info ] 2867800 ticks received from exchange SHFE
[2024.06.13 00:07:09 - info ] 2868000 ticks received from exchange SHFE
[2024.06.13 00:07:12 - info ] 2868200 ticks received from exchange SHFE
[2024.06.13 00:07:15 - info ] 2868400 ticks received from exchange SHFE
[2024.06.13 00:07:15 - info ] 686800 ticks received from exchange INE
[2024.06.13 00:07:17 - info ] 2868600 ticks received from exchange SHFE
[2024.06.13 00:07:19 - info ] tick cache of SHFE.au2406 mapping expired, automatically closed
[2024.06.13 00:07:19 - info ] min1 cache of SHFE.au2406 mapping expired, automatically closed
[2024.06.13 00:07:19 - info ] min5 cache of SHFE.au2406 mapping expired, automatically closed
[2024.06.13 00:07:20 - info ] 2868800 ticks received from exchange SHFE
[2024.06.13 00:07:23 - info ] 2869000 ticks received from exchange SHFE
[2024.06.13 00:07:27 - info ] 2869200 ticks received from exchange SHFE
[2024.06.13 00:07:29 - info ] tick cache of SHFE.pb2406 mapping expired, automatically closed
[2024.06.13 00:07:29 - info ] min1 cache of SHFE.pb2406 mapping expired, automatically closed
[2024.06.13 00:07:29 - info ] min5 cache of SHFE.pb2406 mapping expired, automatically closed
[2024.06.13 00:07:30 - info ] 2869400 ticks received from exchange SHFE
[2024.06.13 00:07:30 - info ] 687000 ticks received from exchange INE
[2024.06.13 00:07:33 - info ] 2869600 ticks received from exchange SHFE
[2024.06.13 00:07:35 - info ] 2869800 ticks received from exchange SHFE
[2024.06.13 00:07:39 - info ] 2870000 ticks received from exchange SHFE
[2024.06.13 00:07:42 - info ] 2870200 ticks received from exchange SHFE
[2024.06.13 00:07:43 - info ] 687200 ticks received from exchange INE
[2024.06.13 00:07:45 - info ] 2870400 ticks received from exchange SHFE
[2024.06.13 00:07:49 - info ] 2870600 ticks received from exchange SHFE
[2024.06.13 00:07:51 - info ] 2870800 ticks received from exchange SHFE
[2024.06.13 00:07:54 - info ] 2871000 ticks received from exchange SHFE
[2024.06.13 00:07:57 - info ] 687400 ticks received from exchange INE
[2024.06.13 00:07:57 - info ] 2871200 ticks received from exchange SHFE
[2024.06.13 00:08:00 - info ] 2871400 ticks received from exchange SHFE
[2024.06.13 00:08:04 - info ] 2871600 ticks received from exchange SHFE
[2024.06.13 00:08:07 - info ] 2871800 ticks received from exchange SHFE
[2024.06.13 00:08:11 - info ] 2872000 ticks received from exchange SHFE
[2024.06.13 00:08:12 - info ] 687600 ticks received from exchange INE
[2024.06.13 00:08:14 - info ] 2872200 ticks received from exchange SHFE
[2024.06.13 00:08:18 - info ] 2872400 ticks received from exchange SHFE
[2024.06.13 00:08:21 - info ] 2872600 ticks received from exchange SHFE
[2024.06.13 00:08:24 - info ] 2872800 ticks received from exchange SHFE
[2024.06.13 00:08:27 - info ] 2873000 ticks received from exchange SHFE
[2024.06.13 00:08:27 - info ] 687800 ticks received from exchange INE
[2024.06.13 00:08:30 - info ] 2873200 ticks received from exchange SHFE
[2024.06.13 00:08:33 - info ] 2873400 ticks received from exchange SHFE
[2024.06.13 00:08:35 - info ] 2873600 ticks received from exchange SHFE
[2024.06.13 00:08:37 - info ] 2873800 ticks received from exchange SHFE
[2024.06.13 00:08:40 - info ] 2874000 ticks received from exchange SHFE
[2024.06.13 00:08:42 - info ] 2874200 ticks received from exchange SHFE
[2024.06.13 00:08:42 - info ] 688000 ticks received from exchange INE
[2024.06.13 00:08:45 - info ] 2874400 ticks received from exchange SHFE
[2024.06.13 00:08:47 - info ] 2874600 ticks received from exchange SHFE
[2024.06.13 00:08:51 - info ] 2874800 ticks received from exchange SHFE
[2024.06.13 00:08:51 - info ] 688200 ticks received from exchange INE
[2024.06.13 00:08:54 - info ] 2875000 ticks received from exchange SHFE
[2024.06.13 00:08:57 - info ] 2875200 ticks received from exchange SHFE
[2024.06.13 00:09:00 - info ] 2875400 ticks received from exchange SHFE
[2024.06.13 00:09:03 - info ] 2875600 ticks received from exchange SHFE
[2024.06.13 00:09:05 - info ] 688400 ticks received from exchange INE
[2024.06.13 00:09:06 - info ] 2875800 ticks received from exchange SHFE
[2024.06.13 00:09:09 - info ] 2876000 ticks received from exchange SHFE
[2024.06.13 00:09:11 - info ] 2876200 ticks received from exchange SHFE
[2024.06.13 00:09:13 - info ] 2876400 ticks received from exchange SHFE
[2024.06.13 00:09:16 - info ] 2876600 ticks received from exchange SHFE
[2024.06.13 00:09:17 - info ] 688600 ticks received from exchange INE
[2024.06.13 00:09:19 - info ] 2876800 ticks received from exchange SHFE
[2024.06.13 00:09:23 - info ] 2877000 ticks received from exchange SHFE
[2024.06.13 00:09:26 - info ] 2877200 ticks received from exchange SHFE
[2024.06.13 00:09:29 - info ] 2877400 ticks received from exchange SHFE
[2024.06.13 00:09:32 - info ] 688800 ticks received from exchange INE
[2024.06.13 00:09:33 - info ] 2877600 ticks received from exchange SHFE
[2024.06.13 00:09:36 - info ] 2877800 ticks received from exchange SHFE
[2024.06.13 00:09:39 - info ] 2878000 ticks received from exchange SHFE
[2024.06.13 00:09:42 - info ] 2878200 ticks received from exchange SHFE
[2024.06.13 00:09:44 - info ] 2878400 ticks received from exchange SHFE
[2024.06.13 00:09:47 - info ] 2878600 ticks received from exchange SHFE
[2024.06.13 00:09:47 - info ] 689000 ticks received from exchange INE
[2024.06.13 00:09:50 - info ] 2878800 ticks received from exchange SHFE
[2024.06.13 00:09:52 - info ] 2879000 ticks received from exchange SHFE
[2024.06.13 00:09:55 - info ] 2879200 ticks received from exchange SHFE
[2024.06.13 00:09:57 - info ] 2879400 ticks received from exchange SHFE
[2024.06.13 00:09:58 - info ] 2879600 ticks received from exchange SHFE
[2024.06.13 00:10:01 - info ] 2879800 ticks received from exchange SHFE
[2024.06.13 00:10:03 - info ] 2880000 ticks received from exchange SHFE
[2024.06.13 00:10:03 - info ] 689200 ticks received from exchange INE
[2024.06.13 00:10:05 - info ] 2880200 ticks received from exchange SHFE
[2024.06.13 00:10:07 - info ] 2880400 ticks received from exchange SHFE
[2024.06.13 00:10:09 - info ] 2880600 ticks received from exchange SHFE
[2024.06.13 00:10:11 - info ] 2880800 ticks received from exchange SHFE
[2024.06.13 00:10:14 - info ] 2881000 ticks received from exchange SHFE
[2024.06.13 00:10:16 - info ] 2881200 ticks received from exchange SHFE
[2024.06.13 00:10:18 - info ] 689400 ticks received from exchange INE
[2024.06.13 00:10:18 - info ] 2881400 ticks received from exchange SHFE
[2024.06.13 00:10:21 - info ] 2881600 ticks received from exchange SHFE
[2024.06.13 00:10:24 - info ] 2881800 ticks received from exchange SHFE
[2024.06.13 00:10:25 - info ] 2882000 ticks received from exchange SHFE
[2024.06.13 00:10:27 - info ] 2882200 ticks received from exchange SHFE
[2024.06.13 00:10:29 - info ] 2882400 ticks received from exchange SHFE
[2024.06.13 00:10:31 - info ] 2882600 ticks received from exchange SHFE
[2024.06.13 00:10:33 - info ] 689600 ticks received from exchange INE
[2024.06.13 00:10:34 - info ] 2882800 ticks received from exchange SHFE
[2024.06.13 00:10:36 - info ] 2883000 ticks received from exchange SHFE
[2024.06.13 00:10:38 - info ] 2883200 ticks received from exchange SHFE
[2024.06.13 00:10:40 - info ] 2883400 ticks received from exchange SHFE
[2024.06.13 00:10:42 - info ] 2883600 ticks received from exchange SHFE
[2024.06.13 00:10:45 - info ] 2883800 ticks received from exchange SHFE
[2024.06.13 00:10:48 - info ] 2884000 ticks received from exchange SHFE
[2024.06.13 00:10:49 - info ] 689800 ticks received from exchange INE
[2024.06.13 00:10:50 - info ] 2884200 ticks received from exchange SHFE
[2024.06.13 00:10:52 - info ] 2884400 ticks received from exchange SHFE
[2024.06.13 00:10:55 - info ] 2884600 ticks received from exchange SHFE
[2024.06.13 00:10:57 - info ] 2884800 ticks received from exchange SHFE
[2024.06.13 00:11:00 - info ] 2885000 ticks received from exchange SHFE
[2024.06.13 00:11:02 - info ] 690000 ticks received from exchange INE
[2024.06.13 00:11:02 - info ] 2885200 ticks received from exchange SHFE
[2024.06.13 00:11:05 - info ] 2885400 ticks received from exchange SHFE
[2024.06.13 00:11:07 - info ] 2885600 ticks received from exchange SHFE
[2024.06.13 00:11:09 - info ] 2885800 ticks received from exchange SHFE
[2024.06.13 00:11:13 - info ] 2886000 ticks received from exchange SHFE
[2024.06.13 00:11:15 - info ] 2886200 ticks received from exchange SHFE
[2024.06.13 00:11:18 - info ] 2886400 ticks received from exchange SHFE
[2024.06.13 00:11:19 - info ] 690200 ticks received from exchange INE
[2024.06.13 00:11:21 - info ] 2886600 ticks received from exchange SHFE
[2024.06.13 00:11:24 - info ] 2886800 ticks received from exchange SHFE
[2024.06.13 00:11:27 - info ] 2887000 ticks received from exchange SHFE
[2024.06.13 00:11:30 - info ] 2887200 ticks received from exchange SHFE
[2024.06.13 00:11:33 - info ] 2887400 ticks received from exchange SHFE
[2024.06.13 00:11:35 - info ] 2887600 ticks received from exchange SHFE
[2024.06.13 00:11:38 - info ] 2887800 ticks received from exchange SHFE
[2024.06.13 00:11:40 - info ] 690400 ticks received from exchange INE
[2024.06.13 00:11:41 - info ] 2888000 ticks received from exchange SHFE
[2024.06.13 00:11:44 - info ] 2888200 ticks received from exchange SHFE
[2024.06.13 00:11:47 - info ] 2888400 ticks received from exchange SHFE
[2024.06.13 00:11:50 - info ] 2888600 ticks received from exchange SHFE
[2024.06.13 00:11:53 - info ] 2888800 ticks received from exchange SHFE
[2024.06.13 00:11:55 - info ] 690600 ticks received from exchange INE
[2024.06.13 00:11:57 - info ] 2889000 ticks received from exchange SHFE
[2024.06.13 00:11:59 - info ] tick cache of SHFE.ag2406 mapping expired, automatically closed
[2024.06.13 00:11:59 - info ] min1 cache of SHFE.ag2406 mapping expired, automatically closed
[2024.06.13 00:11:59 - info ] min5 cache of SHFE.ag2406 mapping expired, automatically closed
[2024.06.13 00:12:00 - info ] 2889200 ticks received from exchange SHFE
[2024.06.13 00:12:04 - info ] 2889400 ticks received from exchange SHFE
[2024.06.13 00:12:07 - info ] 2889600 ticks received from exchange SHFE
[2024.06.13 00:12:08 - info ] 690800 ticks received from exchange INE
[2024.06.13 00:12:11 - info ] 2889800 ticks received from exchange SHFE
[2024.06.13 00:12:14 - info ] 2890000 ticks received from exchange SHFE
[2024.06.13 00:12:17 - info ] 2890200 ticks received from exchange SHFE
[2024.06.13 00:12:19 - info ] 2890400 ticks received from exchange SHFE
[2024.06.13 00:12:22 - info ] 2890600 ticks received from exchange SHFE
[2024.06.13 00:12:22 - info ] 691000 ticks received from exchange INE
[2024.06.13 00:12:25 - info ] 2890800 ticks received from exchange SHFE
[2024.06.13 00:12:26 - info ] 2891000 ticks received from exchange SHFE
[2024.06.13 00:12:29 - info ] 2891200 ticks received from exchange SHFE
[2024.06.13 00:12:32 - info ] 2891400 ticks received from exchange SHFE
[2024.06.13 00:12:35 - info ] 2891600 ticks received from exchange SHFE
[2024.06.13 00:12:36 - info ] 691200 ticks received from exchange INE
[2024.06.13 00:12:38 - info ] 2891800 ticks received from exchange SHFE
[2024.06.13 00:12:41 - info ] 2892000 ticks received from exchange SHFE
[2024.06.13 00:12:44 - info ] 2892200 ticks received from exchange SHFE
[2024.06.13 00:12:47 - info ] 2892400 ticks received from exchange SHFE
[2024.06.13 00:12:50 - info ] 2892600 ticks received from exchange SHFE
[2024.06.13 00:12:51 - info ] 691400 ticks received from exchange INE
[2024.06.13 00:12:53 - info ] 2892800 ticks received from exchange SHFE
[2024.06.13 00:12:57 - info ] 2893000 ticks received from exchange SHFE
[2024.06.13 00:13:00 - info ] 2893200 ticks received from exchange SHFE
[2024.06.13 00:13:03 - info ] 2893400 ticks received from exchange SHFE
[2024.06.13 00:13:06 - info ] 2893600 ticks received from exchange SHFE
[2024.06.13 00:13:07 - info ] 691600 ticks received from exchange INE
[2024.06.13 00:13:10 - info ] 2893800 ticks received from exchange SHFE
[2024.06.13 00:13:14 - info ] 2894000 ticks received from exchange SHFE
[2024.06.13 00:13:17 - info ] 2894200 ticks received from exchange SHFE
[2024.06.13 00:13:20 - info ] 2894400 ticks received from exchange SHFE
[2024.06.13 00:13:23 - info ] 2894600 ticks received from exchange SHFE
[2024.06.13 00:13:26 - info ] 2894800 ticks received from exchange SHFE
[2024.06.13 00:13:27 - info ] 691800 ticks received from exchange INE
[2024.06.13 00:13:30 - info ] 2895000 ticks received from exchange SHFE
[2024.06.13 00:13:33 - info ] 2895200 ticks received from exchange SHFE
[2024.06.13 00:13:36 - info ] 2895400 ticks received from exchange SHFE
[2024.06.13 00:13:39 - info ] 2895600 ticks received from exchange SHFE
[2024.06.13 00:13:39 - info ] 692000 ticks received from exchange INE
[2024.06.13 00:13:42 - info ] 2895800 ticks received from exchange SHFE
[2024.06.13 00:13:46 - info ] 2896000 ticks received from exchange SHFE
[2024.06.13 00:13:49 - info ] 2896200 ticks received from exchange SHFE
[2024.06.13 00:13:52 - info ] 2896400 ticks received from exchange SHFE
[2024.06.13 00:13:53 - info ] 692200 ticks received from exchange INE
[2024.06.13 00:13:55 - info ] 2896600 ticks received from exchange SHFE
[2024.06.13 00:13:58 - info ] 2896800 ticks received from exchange SHFE
[2024.06.13 00:14:01 - info ] 2897000 ticks received from exchange SHFE
[2024.06.13 00:14:04 - info ] 2897200 ticks received from exchange SHFE
[2024.06.13 00:14:06 - info ] 2897400 ticks received from exchange SHFE
[2024.06.13 00:14:09 - info ] 2897600 ticks received from exchange SHFE
[2024.06.13 00:14:09 - info ] 692400 ticks received from exchange INE
[2024.06.13 00:14:11 - info ] 2897800 ticks received from exchange SHFE
[2024.06.13 00:14:14 - info ] 2898000 ticks received from exchange SHFE
[2024.06.13 00:14:17 - info ] 2898200 ticks received from exchange SHFE
[2024.06.13 00:14:20 - info ] 2898400 ticks received from exchange SHFE
[2024.06.13 00:14:24 - info ] 2898600 ticks received from exchange SHFE
[2024.06.13 00:14:25 - info ] 692600 ticks received from exchange INE
[2024.06.13 00:14:26 - info ] 2898800 ticks received from exchange SHFE
[2024.06.13 00:14:30 - info ] 2899000 ticks received from exchange SHFE
[2024.06.13 00:14:33 - info ] 2899200 ticks received from exchange SHFE
[2024.06.13 00:14:37 - info ] 2899400 ticks received from exchange SHFE
[2024.06.13 00:14:40 - info ] 2899600 ticks received from exchange SHFE
[2024.06.13 00:14:44 - info ] 692800 ticks received from exchange INE
[2024.06.13 00:14:44 - info ] 2899800 ticks received from exchange SHFE
[2024.06.13 00:14:48 - info ] 2900000 ticks received from exchange SHFE
[2024.06.13 00:14:51 - info ] 2900200 ticks received from exchange SHFE
[2024.06.13 00:14:54 - info ] 2900400 ticks received from exchange SHFE
[2024.06.13 00:14:58 - info ] 2900600 ticks received from exchange SHFE
[2024.06.13 00:15:00 - info ] 693000 ticks received from exchange INE
[2024.06.13 00:15:01 - info ] 2900800 ticks received from exchange SHFE
[2024.06.13 00:15:04 - info ] 2901000 ticks received from exchange SHFE
[2024.06.13 00:15:08 - info ] 2901200 ticks received from exchange SHFE
[2024.06.13 00:15:12 - info ] 2901400 ticks received from exchange SHFE
[2024.06.13 00:15:16 - info ] 2901600 ticks received from exchange SHFE
[2024.06.13 00:15:16 - info ] 693200 ticks received from exchange INE
[2024.06.13 00:15:19 - info ] 2901800 ticks received from exchange SHFE
[2024.06.13 00:15:22 - info ] 2902000 ticks received from exchange SHFE
[2024.06.13 00:15:25 - info ] 2902200 ticks received from exchange SHFE
[2024.06.13 00:15:28 - info ] 2902400 ticks received from exchange SHFE
[2024.06.13 00:15:31 - info ] 2902600 ticks received from exchange SHFE
[2024.06.13 00:15:31 - info ] 693400 ticks received from exchange INE
[2024.06.13 00:15:33 - info ] 2902800 ticks received from exchange SHFE
[2024.06.13 00:15:36 - info ] 2903000 ticks received from exchange SHFE
[2024.06.13 00:15:39 - info ] 2903200 ticks received from exchange SHFE
[2024.06.13 00:15:42 - info ] 2903400 ticks received from exchange SHFE
[2024.06.13 00:15:45 - info ] 2903600 ticks received from exchange SHFE
[2024.06.13 00:15:48 - info ] 2903800 ticks received from exchange SHFE
[2024.06.13 00:15:48 - info ] 693600 ticks received from exchange INE
[2024.06.13 00:15:52 - info ] 2904000 ticks received from exchange SHFE
[2024.06.13 00:15:55 - info ] 2904200 ticks received from exchange SHFE
[2024.06.13 00:15:58 - info ] 2904400 ticks received from exchange SHFE
[2024.06.13 00:16:01 - info ] 2904600 ticks received from exchange SHFE
[2024.06.13 00:16:02 - info ] 693800 ticks received from exchange INE
[2024.06.13 00:16:04 - info ] 2904800 ticks received from exchange SHFE
[2024.06.13 00:16:07 - info ] 2905000 ticks received from exchange SHFE
[2024.06.13 00:16:09 - info ] 2905200 ticks received from exchange SHFE
[2024.06.13 00:16:12 - info ] 2905400 ticks received from exchange SHFE
[2024.06.13 00:16:15 - info ] 2905600 ticks received from exchange SHFE
[2024.06.13 00:16:16 - info ] 694000 ticks received from exchange INE
[2024.06.13 00:16:19 - info ] 2905800 ticks received from exchange SHFE
[2024.06.13 00:16:22 - info ] 2906000 ticks received from exchange SHFE
[2024.06.13 00:16:25 - info ] 2906200 ticks received from exchange SHFE
[2024.06.13 00:16:29 - info ] 2906400 ticks received from exchange SHFE
[2024.06.13 00:16:32 - info ] 2906600 ticks received from exchange SHFE
[2024.06.13 00:16:33 - info ] 694200 ticks received from exchange INE
[2024.06.13 00:16:36 - info ] 2906800 ticks received from exchange SHFE
[2024.06.13 00:16:39 - info ] 2907000 ticks received from exchange SHFE
[2024.06.13 00:16:44 - info ] 2907200 ticks received from exchange SHFE
[2024.06.13 00:16:47 - info ] 2907400 ticks received from exchange SHFE
[2024.06.13 00:16:50 - info ] 2907600 ticks received from exchange SHFE
[2024.06.13 00:16:52 - info ] 694400 ticks received from exchange INE
[2024.06.13 00:16:53 - info ] 2907800 ticks received from exchange SHFE
[2024.06.13 00:16:56 - info ] 2908000 ticks received from exchange SHFE
[2024.06.13 00:16:59 - info ] 2908200 ticks received from exchange SHFE
[2024.06.13 00:17:01 - info ] 2908400 ticks received from exchange SHFE
[2024.06.13 00:17:04 - info ] 2908600 ticks received from exchange SHFE
[2024.06.13 00:17:07 - info ] 2908800 ticks received from exchange SHFE
[2024.06.13 00:17:10 - info ] 694600 ticks received from exchange INE
[2024.06.13 00:17:10 - info ] 2909000 ticks received from exchange SHFE
[2024.06.13 00:17:14 - info ] 2909200 ticks received from exchange SHFE
[2024.06.13 00:17:16 - info ] 2909400 ticks received from exchange SHFE
[2024.06.13 00:17:18 - info ] 2909600 ticks received from exchange SHFE
[2024.06.13 00:17:21 - info ] 2909800 ticks received from exchange SHFE
[2024.06.13 00:17:24 - info ] 2910000 ticks received from exchange SHFE
[2024.06.13 00:17:24 - info ] 694800 ticks received from exchange INE
[2024.06.13 00:17:27 - info ] 2910200 ticks received from exchange SHFE
[2024.06.13 00:17:31 - info ] 2910400 ticks received from exchange SHFE
[2024.06.13 00:17:35 - info ] 2910600 ticks received from exchange SHFE
[2024.06.13 00:17:37 - info ] 695000 ticks received from exchange INE
[2024.06.13 00:17:39 - info ] 2910800 ticks received from exchange SHFE
[2024.06.13 00:17:43 - info ] 2911000 ticks received from exchange SHFE
[2024.06.13 00:17:47 - info ] 2911200 ticks received from exchange SHFE
[2024.06.13 00:17:49 - info ] 2911400 ticks received from exchange SHFE
[2024.06.13 00:17:53 - info ] 2911600 ticks received from exchange SHFE
[2024.06.13 00:17:56 - info ] 695200 ticks received from exchange INE
[2024.06.13 00:17:56 - info ] 2911800 ticks received from exchange SHFE
[2024.06.13 00:18:01 - info ] 2912000 ticks received from exchange SHFE
[2024.06.13 00:18:04 - info ] 2912200 ticks received from exchange SHFE
[2024.06.13 00:18:07 - info ] 2912400 ticks received from exchange SHFE
[2024.06.13 00:18:10 - info ] 695400 ticks received from exchange INE
[2024.06.13 00:18:12 - info ] 2912600 ticks received from exchange SHFE
[2024.06.13 00:18:16 - info ] 2912800 ticks received from exchange SHFE
[2024.06.13 00:18:20 - info ] 2913000 ticks received from exchange SHFE
[2024.06.13 00:18:22 - info ] 2913200 ticks received from exchange SHFE
[2024.06.13 00:18:24 - info ] 695600 ticks received from exchange INE
[2024.06.13 00:18:26 - info ] 2913400 ticks received from exchange SHFE
[2024.06.13 00:18:30 - info ] 2913600 ticks received from exchange SHFE
[2024.06.13 00:18:33 - info ] 2913800 ticks received from exchange SHFE
[2024.06.13 00:18:37 - info ] 695800 ticks received from exchange INE
[2024.06.13 00:18:37 - info ] 2914000 ticks received from exchange SHFE
[2024.06.13 00:18:39 - info ] 2914200 ticks received from exchange SHFE
[2024.06.13 00:18:43 - info ] 2914400 ticks received from exchange SHFE
[2024.06.13 00:18:46 - info ] 2914600 ticks received from exchange SHFE
[2024.06.13 00:18:49 - info ] 2914800 ticks received from exchange SHFE
[2024.06.13 00:18:54 - info ] 2915000 ticks received from exchange SHFE
[2024.06.13 00:18:55 - info ] 696000 ticks received from exchange INE
[2024.06.13 00:18:57 - info ] 2915200 ticks received from exchange SHFE
[2024.06.13 00:19:01 - info ] 2915400 ticks received from exchange SHFE
[2024.06.13 00:19:03 - info ] 2915600 ticks received from exchange SHFE
[2024.06.13 00:19:07 - info ] 2915800 ticks received from exchange SHFE
[2024.06.13 00:19:11 - info ] 2916000 ticks received from exchange SHFE
[2024.06.13 00:19:12 - info ] 696200 ticks received from exchange INE
[2024.06.13 00:19:16 - info ] 2916200 ticks received from exchange SHFE
[2024.06.13 00:19:20 - info ] 2916400 ticks received from exchange SHFE
[2024.06.13 00:19:23 - info ] 2916600 ticks received from exchange SHFE
[2024.06.13 00:19:26 - info ] 2916800 ticks received from exchange SHFE
[2024.06.13 00:19:28 - info ] 696400 ticks received from exchange INE
[2024.06.13 00:19:28 - info ] 2917000 ticks received from exchange SHFE
[2024.06.13 00:19:32 - info ] 2917200 ticks received from exchange SHFE
[2024.06.13 00:19:35 - info ] 2917400 ticks received from exchange SHFE
[2024.06.13 00:19:38 - info ] 2917600 ticks received from exchange SHFE
[2024.06.13 00:19:41 - info ] 2917800 ticks received from exchange SHFE
[2024.06.13 00:19:45 - info ] 2918000 ticks received from exchange SHFE
[2024.06.13 00:19:45 - info ] 696600 ticks received from exchange INE
[2024.06.13 00:19:48 - info ] 2918200 ticks received from exchange SHFE
[2024.06.13 00:19:50 - info ] 2918400 ticks received from exchange SHFE
[2024.06.13 00:19:54 - info ] 2918600 ticks received from exchange SHFE
[2024.06.13 00:19:58 - info ] 2918800 ticks received from exchange SHFE
[2024.06.13 00:19:58 - info ] 696800 ticks received from exchange INE
[2024.06.13 00:20:00 - info ] 2919000 ticks received from exchange SHFE
[2024.06.13 00:20:04 - info ] 2919200 ticks received from exchange SHFE
[2024.06.13 00:20:07 - info ] 2919400 ticks received from exchange SHFE
[2024.06.13 00:20:10 - info ] 2919600 ticks received from exchange SHFE
[2024.06.13 00:20:11 - info ] 697000 ticks received from exchange INE
[2024.06.13 00:20:13 - info ] 2919800 ticks received from exchange SHFE
[2024.06.13 00:20:17 - info ] 2920000 ticks received from exchange SHFE
[2024.06.13 00:20:21 - info ] 2920200 ticks received from exchange SHFE
[2024.06.13 00:20:25 - info ] 2920400 ticks received from exchange SHFE
[2024.06.13 00:20:28 - info ] 2920600 ticks received from exchange SHFE
[2024.06.13 00:20:31 - info ] 2920800 ticks received from exchange SHFE
[2024.06.13 00:20:31 - info ] 697200 ticks received from exchange INE
[2024.06.13 00:20:34 - info ] 2921000 ticks received from exchange SHFE
[2024.06.13 00:20:37 - info ] 2921200 ticks received from exchange SHFE
[2024.06.13 00:20:41 - info ] 2921400 ticks received from exchange SHFE
[2024.06.13 00:20:45 - info ] 2921600 ticks received from exchange SHFE
[2024.06.13 00:20:49 - info ] 2921800 ticks received from exchange SHFE
[2024.06.13 00:20:51 - info ] 697400 ticks received from exchange INE
[2024.06.13 00:20:52 - info ] 2922000 ticks received from exchange SHFE
[2024.06.13 00:20:55 - info ] 2922200 ticks received from exchange SHFE
[2024.06.13 00:20:59 - info ] 2922400 ticks received from exchange SHFE
[2024.06.13 00:21:01 - info ] 2922600 ticks received from exchange SHFE
[2024.06.13 00:21:03 - info ] 2922800 ticks received from exchange SHFE
[2024.06.13 00:21:07 - info ] 2923000 ticks received from exchange SHFE
[2024.06.13 00:21:09 - info ] 697600 ticks received from exchange INE
[2024.06.13 00:21:11 - info ] 2923200 ticks received from exchange SHFE
[2024.06.13 00:21:15 - info ] 2923400 ticks received from exchange SHFE
[2024.06.13 00:21:18 - info ] 2923600 ticks received from exchange SHFE
[2024.06.13 00:21:21 - info ] 2923800 ticks received from exchange SHFE
[2024.06.13 00:21:25 - info ] 2924000 ticks received from exchange SHFE
[2024.06.13 00:21:25 - info ] 697800 ticks received from exchange INE
[2024.06.13 00:21:28 - info ] 2924200 ticks received from exchange SHFE
[2024.06.13 00:21:31 - info ] 2924400 ticks received from exchange SHFE
[2024.06.13 00:21:35 - info ] 2924600 ticks received from exchange SHFE
[2024.06.13 00:21:38 - info ] 2924800 ticks received from exchange SHFE
[2024.06.13 00:21:40 - info ] 698000 ticks received from exchange INE
[2024.06.13 00:21:43 - info ] 2925000 ticks received from exchange SHFE
[2024.06.13 00:21:47 - info ] 2925200 ticks received from exchange SHFE
[2024.06.13 00:21:51 - info ] 2925400 ticks received from exchange SHFE
[2024.06.13 00:21:53 - info ] 698200 ticks received from exchange INE
[2024.06.13 00:21:54 - info ] 2925600 ticks received from exchange SHFE
[2024.06.13 00:21:58 - info ] 2925800 ticks received from exchange SHFE
[2024.06.13 00:22:01 - info ] 2926000 ticks received from exchange SHFE
[2024.06.13 00:22:04 - info ] 2926200 ticks received from exchange SHFE
[2024.06.13 00:22:09 - info ] 2926400 ticks received from exchange SHFE
[2024.06.13 00:22:09 - info ] 698400 ticks received from exchange INE
[2024.06.13 00:22:14 - info ] 2926600 ticks received from exchange SHFE
[2024.06.13 00:22:19 - info ] 2926800 ticks received from exchange SHFE
[2024.06.13 00:22:24 - info ] 2927000 ticks received from exchange SHFE
[2024.06.13 00:22:28 - info ] 698600 ticks received from exchange INE
[2024.06.13 00:22:29 - info ] 2927200 ticks received from exchange SHFE
[2024.06.13 00:22:32 - info ] 2927400 ticks received from exchange SHFE
[2024.06.13 00:22:36 - info ] 2927600 ticks received from exchange SHFE
[2024.06.13 00:22:41 - info ] 2927800 ticks received from exchange SHFE
[2024.06.13 00:22:44 - info ] 698800 ticks received from exchange INE
[2024.06.13 00:22:45 - info ] 2928000 ticks received from exchange SHFE
[2024.06.13 00:22:50 - info ] 2928200 ticks received from exchange SHFE
[2024.06.13 00:22:55 - info ] 2928400 ticks received from exchange SHFE
[2024.06.13 00:22:59 - info ] 2928600 ticks received from exchange SHFE
[2024.06.13 00:23:01 - info ] 699000 ticks received from exchange INE
[2024.06.13 00:23:03 - info ] 2928800 ticks received from exchange SHFE
[2024.06.13 00:23:08 - info ] 2929000 ticks received from exchange SHFE
[2024.06.13 00:23:13 - info ] 2929200 ticks received from exchange SHFE
[2024.06.13 00:23:16 - info ] 699200 ticks received from exchange INE
[2024.06.13 00:23:19 - info ] 2929400 ticks received from exchange SHFE
[2024.06.13 00:23:23 - info ] 2929600 ticks received from exchange SHFE
[2024.06.13 00:23:27 - info ] 2929800 ticks received from exchange SHFE
[2024.06.13 00:23:30 - info ] 2930000 ticks received from exchange SHFE
[2024.06.13 00:23:33 - info ] 2930200 ticks received from exchange SHFE
[2024.06.13 00:23:36 - info ] 699400 ticks received from exchange INE
[2024.06.13 00:23:36 - info ] 2930400 ticks received from exchange SHFE
[2024.06.13 00:23:40 - info ] 2930600 ticks received from exchange SHFE
[2024.06.13 00:23:43 - info ] 2930800 ticks received from exchange SHFE
[2024.06.13 00:23:47 - info ] 2931000 ticks received from exchange SHFE
[2024.06.13 00:23:51 - info ] 2931200 ticks received from exchange SHFE
[2024.06.13 00:23:55 - info ] 699600 ticks received from exchange INE
[2024.06.13 00:23:55 - info ] 2931400 ticks received from exchange SHFE
[2024.06.13 00:24:00 - info ] 2931600 ticks received from exchange SHFE
[2024.06.13 00:24:03 - info ] 2931800 ticks received from exchange SHFE
[2024.06.13 00:24:07 - info ] 2932000 ticks received from exchange SHFE
[2024.06.13 00:24:11 - info ] 699800 ticks received from exchange INE
[2024.06.13 00:24:11 - info ] 2932200 ticks received from exchange SHFE
[2024.06.13 00:24:15 - info ] 2932400 ticks received from exchange SHFE
[2024.06.13 00:24:19 - info ] tick cache of SHFE.pb2406 mapping expired, automatically closed
[2024.06.13 00:24:19 - info ] min1 cache of SHFE.pb2406 mapping expired, automatically closed
[2024.06.13 00:24:19 - info ] min5 cache of SHFE.pb2406 mapping expired, automatically closed
[2024.06.13 00:24:19 - info ] 2932600 ticks received from exchange SHFE
[2024.06.13 00:24:23 - info ] 2932800 ticks received from exchange SHFE
[2024.06.13 00:24:26 - info ] 2933000 ticks received from exchange SHFE
[2024.06.13 00:24:28 - info ] 700000 ticks received from exchange INE
[2024.06.13 00:24:28 - info ] 2933200 ticks received from exchange SHFE
[2024.06.13 00:24:31 - info ] 2933400 ticks received from exchange SHFE
[2024.06.13 00:24:34 - info ] 2933600 ticks received from exchange SHFE
[2024.06.13 00:24:38 - info ] 2933800 ticks received from exchange SHFE
[2024.06.13 00:24:40 - info ] 2934000 ticks received from exchange SHFE
[2024.06.13 00:24:44 - info ] 2934200 ticks received from exchange SHFE
[2024.06.13 00:24:44 - info ] 700200 ticks received from exchange INE
[2024.06.13 00:24:47 - info ] 2934400 ticks received from exchange SHFE
[2024.06.13 00:24:52 - info ] 2934600 ticks received from exchange SHFE
[2024.06.13 00:24:54 - info ] 2934800 ticks received from exchange SHFE
[2024.06.13 00:24:58 - info ] 700400 ticks received from exchange INE
[2024.06.13 00:24:58 - info ] 2935000 ticks received from exchange SHFE
[2024.06.13 00:25:02 - info ] 2935200 ticks received from exchange SHFE
[2024.06.13 00:25:04 - info ] 2935400 ticks received from exchange SHFE
[2024.06.13 00:25:07 - info ] 2935600 ticks received from exchange SHFE
[2024.06.13 00:25:09 - info ] 2935800 ticks received from exchange SHFE
[2024.06.13 00:25:10 - info ] 700600 ticks received from exchange INE
[2024.06.13 00:25:12 - info ] 2936000 ticks received from exchange SHFE
[2024.06.13 00:25:15 - info ] 2936200 ticks received from exchange SHFE
[2024.06.13 00:25:19 - info ] 2936400 ticks received from exchange SHFE
[2024.06.13 00:25:22 - info ] 2936600 ticks received from exchange SHFE
[2024.06.13 00:25:25 - info ] 2936800 ticks received from exchange SHFE
[2024.06.13 00:25:27 - info ] 700800 ticks received from exchange INE
[2024.06.13 00:25:30 - info ] 2937000 ticks received from exchange SHFE
[2024.06.13 00:25:33 - info ] 2937200 ticks received from exchange SHFE
[2024.06.13 00:25:37 - info ] 2937400 ticks received from exchange SHFE
[2024.06.13 00:25:40 - info ] 2937600 ticks received from exchange SHFE
[2024.06.13 00:25:43 - info ] 2937800 ticks received from exchange SHFE
[2024.06.13 00:25:43 - info ] 701000 ticks received from exchange INE
[2024.06.13 00:25:45 - info ] 2938000 ticks received from exchange SHFE
[2024.06.13 00:25:48 - info ] 2938200 ticks received from exchange SHFE
[2024.06.13 00:25:51 - info ] 2938400 ticks received from exchange SHFE
[2024.06.13 00:25:55 - info ] 2938600 ticks received from exchange SHFE
[2024.06.13 00:25:56 - info ] 701200 ticks received from exchange INE
[2024.06.13 00:25:59 - info ] 2938800 ticks received from exchange SHFE
[2024.06.13 00:26:05 - info ] 2939000 ticks received from exchange SHFE
[2024.06.13 00:26:08 - info ] 2939200 ticks received from exchange SHFE
[2024.06.13 00:26:09 - info ] 701400 ticks received from exchange INE
[2024.06.13 00:26:11 - info ] 2939400 ticks received from exchange SHFE
[2024.06.13 00:26:14 - info ] 2939600 ticks received from exchange SHFE
[2024.06.13 00:26:16 - info ] 2939800 ticks received from exchange SHFE
[2024.06.13 00:26:19 - info ] 2940000 ticks received from exchange SHFE
[2024.06.13 00:26:23 - info ] 701600 ticks received from exchange INE
[2024.06.13 00:26:23 - info ] 2940200 ticks received from exchange SHFE
[2024.06.13 00:26:26 - info ] 2940400 ticks received from exchange SHFE
[2024.06.13 00:26:30 - info ] 2940600 ticks received from exchange SHFE
[2024.06.13 00:26:33 - info ] 2940800 ticks received from exchange SHFE
[2024.06.13 00:26:36 - info ] 2941000 ticks received from exchange SHFE
[2024.06.13 00:26:36 - info ] 701800 ticks received from exchange INE
[2024.06.13 00:26:40 - info ] 2941200 ticks received from exchange SHFE
[2024.06.13 00:26:43 - info ] 2941400 ticks received from exchange SHFE
[2024.06.13 00:26:47 - info ] 2941600 ticks received from exchange SHFE
[2024.06.13 00:26:50 - info ] 702000 ticks received from exchange INE
[2024.06.13 00:26:51 - info ] 2941800 ticks received from exchange SHFE
[2024.06.13 00:26:55 - info ] 2942000 ticks received from exchange SHFE
[2024.06.13 00:26:59 - info ] 2942200 ticks received from exchange SHFE
[2024.06.13 00:27:03 - info ] 2942400 ticks received from exchange SHFE
[2024.06.13 00:27:05 - info ] 702200 ticks received from exchange INE
[2024.06.13 00:27:07 - info ] 2942600 ticks received from exchange SHFE
[2024.06.13 00:27:10 - info ] 2942800 ticks received from exchange SHFE
[2024.06.13 00:27:13 - info ] 2943000 ticks received from exchange SHFE
[2024.06.13 00:27:17 - info ] 2943200 ticks received from exchange SHFE
[2024.06.13 00:27:20 - info ] 702400 ticks received from exchange INE
[2024.06.13 00:27:20 - info ] 2943400 ticks received from exchange SHFE
[2024.06.13 00:27:25 - info ] 2943600 ticks received from exchange SHFE
[2024.06.13 00:27:30 - info ] 2943800 ticks received from exchange SHFE
[2024.06.13 00:27:32 - debug] RT tick block of SHFE.sn2501 resized to 10000
[2024.06.13 00:27:35 - info ] 2944000 ticks received from exchange SHFE
[2024.06.13 00:27:37 - info ] 702600 ticks received from exchange INE
[2024.06.13 00:27:38 - info ] 2944200 ticks received from exchange SHFE
[2024.06.13 00:27:42 - info ] 2944400 ticks received from exchange SHFE
[2024.06.13 00:27:45 - info ] 2944600 ticks received from exchange SHFE
[2024.06.13 00:27:51 - info ] 2944800 ticks received from exchange SHFE
[2024.06.13 00:27:51 - info ] 702800 ticks received from exchange INE
[2024.06.13 00:27:56 - info ] 2945000 ticks received from exchange SHFE
[2024.06.13 00:28:00 - info ] 2945200 ticks received from exchange SHFE
[2024.06.13 00:28:04 - info ] 2945400 ticks received from exchange SHFE
[2024.06.13 00:28:06 - info ] 703000 ticks received from exchange INE
[2024.06.13 00:28:07 - info ] 2945600 ticks received from exchange SHFE
[2024.06.13 00:28:10 - info ] 2945800 ticks received from exchange SHFE
[2024.06.13 00:28:14 - info ] 2946000 ticks received from exchange SHFE
[2024.06.13 00:28:17 - info ] 703200 ticks received from exchange INE
[2024.06.13 00:28:17 - info ] 2946200 ticks received from exchange SHFE
[2024.06.13 00:28:20 - info ] 2946400 ticks received from exchange SHFE
[2024.06.13 00:28:25 - info ] 2946600 ticks received from exchange SHFE
[2024.06.13 00:28:29 - info ] 2946800 ticks received from exchange SHFE
[2024.06.13 00:28:32 - info ] 703400 ticks received from exchange INE
[2024.06.13 00:28:33 - info ] 2947000 ticks received from exchange SHFE
[2024.06.13 00:28:37 - info ] 2947200 ticks received from exchange SHFE
[2024.06.13 00:28:41 - info ] 2947400 ticks received from exchange SHFE
[2024.06.13 00:28:46 - info ] 2947600 ticks received from exchange SHFE
[2024.06.13 00:28:47 - info ] 703600 ticks received from exchange INE
[2024.06.13 00:28:48 - info ] 2947800 ticks received from exchange SHFE
[2024.06.13 00:28:52 - info ] 2948000 ticks received from exchange SHFE
[2024.06.13 00:28:56 - info ] 2948200 ticks received from exchange SHFE
[2024.06.13 00:29:01 - info ] 2948400 ticks received from exchange SHFE
[2024.06.13 00:29:04 - info ] 703800 ticks received from exchange INE
[2024.06.13 00:29:04 - info ] 2948600 ticks received from exchange SHFE
[2024.06.13 00:29:07 - info ] 2948800 ticks received from exchange SHFE
[2024.06.13 00:29:11 - info ] 2949000 ticks received from exchange SHFE
[2024.06.13 00:29:13 - debug] RT tick block of SHFE.ni2503 resized to 7500
[2024.06.13 00:29:14 - info ] 2949200 ticks received from exchange SHFE
[2024.06.13 00:29:18 - info ] 704000 ticks received from exchange INE
[2024.06.13 00:29:18 - info ] 2949400 ticks received from exchange SHFE
[2024.06.13 00:29:23 - info ] 2949600 ticks received from exchange SHFE
[2024.06.13 00:29:26 - info ] 2949800 ticks received from exchange SHFE
