[2024.06.16 09:27:07 - info ] 金叉3461.1>=3459.8800000000015,多仓进场
[2024.06.16 09:27:07 - info ] 死叉3449.4800000000005<=3449.9333333333357,平多
[2024.06.16 09:27:07 - info ] 死叉3435.5600000000004<=3439.556666666667,空仓进场
[2024.06.16 09:27:07 - info ] 金叉3437.1>=3435.129999999998,平空
[2024.06.16 09:27:07 - info ] 死叉3441.62<=3450.8533333333366,空仓进场
[2024.06.16 09:27:07 - info ] 金叉3263.5200000000004>=3261.9033333333355,平空
[2024.06.16 09:27:07 - info ] 死叉3200.4199999999996<=3200.586666666665,空仓进场
[2024.06.16 09:27:07 - info ] 金叉3205.5>=3204.8633333333332,平空
[2024.06.16 09:27:07 - info ] 死叉3213.54<=3216.6400000000026,空仓进场
[2024.06.16 09:27:07 - info ] 金叉3158.98>=3157.176666666667,平空
[2024.06.16 09:27:07 - info ] 死叉3144.68<=3145.9500000000025,空仓进场
[2024.06.16 09:27:07 - info ] 金叉3063.7799999999997>=3061.7133333333313,平空
[2024.06.16 09:27:07 - info ] 死叉3054.16<=3055.153333333335,空仓进场
[2024.06.16 09:27:07 - info ] 金叉3046.2400000000002>=3042.8266666666673,平空
[2024.06.16 09:27:07 - info ] 死叉3055.4999999999995<=3055.7766666666676,空仓进场
[2024.06.16 09:27:07 - info ] 金叉3062.04>=3061.1,平空
[2024.06.16 09:27:07 - info ] 金叉3069.32>=3065.86,多仓进场
[2024.06.16 09:27:07 - info ] 死叉3082.38<=3082.4199999999983,平多
[2024.06.16 09:27:07 - info ] 死叉3075<=3081.6100000000006,空仓进场
[2024.06.16 09:27:07 - info ] 金叉3033.16>=3032.6466666666647,平空
[2024.06.16 09:27:07 - info ] 金叉2869>=2868.389999999998,多仓进场
[2024.06.16 09:27:07 - info ] 死叉2861.42<=2863.799999999999,平多
[2024.06.16 09:27:07 - info ] 金叉2867.2>=2864.9833333333354,多仓进场
[2024.06.16 09:27:07 - info ] 死叉2931.96<=2933.27,平多
[2024.06.16 09:27:07 - info ] 金叉2916.8200000000006>=2914.166666666667,多仓进场
[2024.06.16 09:27:07 - info ] 死叉2959.9800000000005<=2960.680000000002,平多
[2024.06.16 09:27:07 - info ] 死叉3004.08<=3006.0133333333342,空仓进场
[2024.06.16 09:27:07 - info ] 金叉2991.88>=2991.173333333334,平空
[2024.06.16 09:27:07 - info ] 死叉2985.16<=2987.483333333333,空仓进场
[2024.06.16 09:27:07 - info ] 金叉2990.5199999999995>=2989.826666666665,平空
[2024.06.16 09:27:07 - info ] 死叉3033.6000000000004<=3034.626666666669,空仓进场
[2024.06.16 09:27:07 - info ] 金叉3021.6600000000003>=3020.5966666666654,平空
[2024.06.16 09:27:07 - info ] 死叉3012.9999999999995<=3014.4933333333315,空仓进场
[2024.06.16 09:27:07 - info ] 金叉3011.12>=3009.4799999999973,平空
[2024.06.16 09:27:07 - info ] 死叉3008.1400000000003<=3009.9199999999987,空仓进场
[2024.06.16 09:27:07 - info ] 金叉3014>=3013.8766666666656,平空
[2024.06.16 09:27:07 - info ] 金叉3019.2799999999997>=3018.4500000000003,多仓进场
[2024.06.16 09:27:07 - info ] 死叉3072.54<=3072.893333333333,平多
[2024.06.16 09:27:07 - info ] 死叉3026.4200000000005<=3026.6866666666688,空仓进场
[2024.06.16 09:27:07 - info ] 金叉2990.2>=2986.576666666667,平空
[2024.06.16 09:27:07 - info ] 死叉3053.92<=3057.9700000000003,空仓进场
[2024.06.16 09:27:07 - info ] 金叉3040.56>=3039.569999999998,平空
[2024.06.16 09:27:07 - info ] 死叉3107.3399999999997<=3108.8366666666684,空仓进场
[2024.06.16 09:27:07 - info ] 金叉3107.5000000000005>=3106.786666666665,平空
[2024.06.16 09:27:07 - info ] 死叉3207.2<=3208.0700000000015,空仓进场
[2024.06.16 09:27:07 - info ] 金叉3205.5199999999995>=3205.409999999998,平空
[2024.06.16 09:27:07 - info ] 金叉3206.52>=3205.9999999999977,多仓进场
[2024.06.16 09:27:07 - info ] 死叉3160.36<=3160.970000000001,平多
[2024.06.16 09:27:07 - info ] 死叉3159.2599999999998<=3160.360000000002,空仓进场
[2024.06.16 09:27:07 - info ] 金叉3129.2599999999998>=3123.2900000000004,平空
[2024.06.16 09:27:07 - info ] 死叉3190.68<=3190.796666666666,空仓进场
[2024.06.16 09:27:07 - info ] 金叉3192.08>=3191.963333333333,平空
[2024.06.16 09:27:07 - info ] 金叉3192.58>=3192.2833333333306,多仓进场
[2024.06.16 09:27:07 - info ] 死叉3234.5600000000004<=3235.146666666667,平多
[2024.06.16 09:27:07 - info ] 死叉3235.8200000000006<=3236.07,空仓进场
[2024.06.16 09:27:07 - info ] 金叉3208.2400000000002>=3206.7899999999977,平空
[2024.06.16 09:27:07 - info ] 死叉3187.94<=3188.7166666666667,空仓进场
[2024.06.16 09:27:07 - info ] 金叉3190.4199999999996>=3189.8266666666686,平空
[2024.06.16 09:27:07 - info ] 死叉3188.08<=3189.1900000000005,空仓进场
[2024.06.16 09:27:07 - info ] 金叉3121.3400000000006>=3119.946666666668,平空
[2024.06.16 09:27:07 - info ] 死叉3123.32<=3124.8033333333337,空仓进场
[2024.06.16 09:27:07 - info ] 金叉3128.0799999999995>=3126.6566666666668,平空
[2024.06.16 09:27:07 - info ] 死叉3132.82<=3133.413333333333,空仓进场
[2024.06.16 09:27:07 - info ] 金叉3119.1800000000003>=3119.0400000000004,平空
[2024.06.16 09:27:07 - info ] 死叉3183.12<=3183.6166666666672,空仓进场
[2024.06.16 09:27:07 - info ] 金叉3183.44>=3183.4000000000005,平空
[2024.06.16 09:27:07 - info ] 金叉3182.28>=3181.7299999999977,多仓进场
[2024.06.16 09:27:07 - info ] 死叉3181.04<=3181.2433333333342,平多
[2024.06.16 09:27:07 - info ] 死叉3179.56<=3180.7433333333324,空仓进场
[2024.06.16 09:27:07 - info ] 金叉3047.68>=3047.2800000000007,平空
[2024.06.16 09:27:07 - info ] 金叉3046.9200000000005>=3046.776666666668,多仓进场
[2024.06.16 09:27:07 - info ] 死叉3046.6800000000003<=3046.716666666668,平多
[2024.06.16 09:27:07 - info ] 金叉3047.92>=3047.4666666666662,多仓进场
[2024.06.16 09:27:07 - info ] 死叉3051.88<=3054.5233333333335,平多
[2024.06.16 09:27:07 - info ] 金叉3054.48>=3053.976666666668,多仓进场
[2024.06.16 09:27:07 - info ] 死叉3073.86<=3074.263333333331,平多
[2024.06.16 09:27:07 - info ] 金叉3074.88>=3074.596666666669,多仓进场
[2024.06.16 09:27:07 - info ] 死叉3071.2<=3075.8799999999987,平多
[2024.06.16 09:27:07 - info ] 金叉3032.8199999999997>=3032.2499999999986,多仓进场
[2024.06.16 09:27:07 - info ] 死叉3028.64<=3028.8433333333346,平多
[2024.06.16 09:27:07 - info ] 金叉3026.82>=3025.9,多仓进场
[2024.06.16 09:27:07 - info ] 死叉3046.04<=3046.766666666668,平多
[2024.06.16 09:27:07 - info ] 金叉3028.76>=3027.746666666666,多仓进场
[2024.06.16 09:27:07 - info ] 死叉3033.6<=3033.8300000000013,平多
[2024.06.16 09:27:07 - info ] 死叉3032.0600000000004<=3033.376666666666,空仓进场
[2024.06.16 09:27:07 - info ] 金叉3013.0800000000004>=3011.6333333333355,平空
[2024.06.16 09:27:07 - info ] 死叉3023.0200000000004<=3024.2166666666653,空仓进场
[2024.06.16 09:27:07 - info ] 金叉3025.4399999999996>=3024.716666666665,平空
[2024.06.16 09:27:07 - info ] 金叉3135.68>=3135.356666666669,多仓进场
[2024.06.16 09:27:07 - info ] 死叉3158.8399999999997<=3159.103333333335,平多
[2024.06.16 09:27:07 - info ] 金叉3158.18>=3157.7499999999973,多仓进场
[2024.06.16 09:27:07 - info ] 死叉3157.02<=3157.3233333333337,平多
[2024.06.16 09:27:07 - info ] 金叉3157.1600000000003>=3156.779999999999,多仓进场
[2024.06.16 09:27:07 - info ] 死叉3157.28<=3157.706666666665,平多
[2024.06.16 09:27:07 - info ] 死叉3139.96<=3142.2233333333343,空仓进场
[2024.06.16 09:27:07 - info ] 金叉3057.92>=3056.3199999999983,平空
[2024.06.16 09:27:07 - info ] 死叉3080.52<=3083.663333333331,空仓进场
[2024.06.16 09:27:07 - info ] 金叉3045.7599999999998>=3044.4366666666638,平空
[2024.06.16 09:27:07 - info ] 死叉3048.3200000000006<=3049.763333333333,空仓进场
[2024.06.16 09:27:07 - info ] 金叉3039.98>=3038.690000000003,平空
[2024.06.16 09:27:07 - info ] 死叉3056.4399999999996<=3056.4833333333313,空仓进场
[2024.06.16 09:27:07 - info ] 金叉3055.8>=3054.843333333335,平空
[2024.06.16 09:27:07 - info ] 金叉3060.88>=3059.623333333335,多仓进场
[2024.06.16 09:27:07 - info ] 死叉3058.2400000000002<=3058.869999999998,平多
[2024.06.16 09:27:07 - info ] 金叉3041.68>=3041.1899999999982,多仓进场
[2024.06.16 09:27:07 - info ] 死叉3172.7200000000003<=3172.8566666666666,平多
[2024.06.16 09:27:07 - info ] 死叉3171.2799999999997<=3172.3733333333334,空仓进场
[2024.06.16 09:27:07 - info ] 金叉3169.0199999999995>=3168.8,平空
[2024.06.16 09:27:07 - info ] 死叉3175.46<=3175.6100000000024,空仓进场
[2024.06.16 09:27:07 - info ] 金叉3177.04>=3176.296666666666,平空
[2024.06.16 09:27:07 - info ] 金叉3178.64>=3177.303333333331,多仓进场
[2024.06.16 09:27:07 - info ] 死叉3177.62<=3178.4633333333322,平多
[2024.06.16 09:27:07 - info ] 金叉3174.2400000000002>=3174.016666666665,多仓进场
[2024.06.16 09:27:07 - info ] 死叉3173.5199999999995<=3173.62,平多
[2024.06.16 09:27:07 - info ] 金叉3178.12>=3176.6633333333343,多仓进场
[2024.06.16 09:27:07 - info ] 死叉3198.56<=3198.8366666666657,平多
[2024.06.16 09:27:07 - info ] 死叉3197.2799999999997<=3198.6799999999985,空仓进场
[2024.06.16 09:27:07 - info ] 金叉3207.7799999999997>=3204.8400000000006,平空
[2024.06.16 09:27:07 - info ] 死叉3210.3999999999996<=3210.576666666668,空仓进场
[2024.06.16 09:27:07 - info ] 金叉3211.38>=3210.1533333333327,平空
[2024.06.16 09:27:07 - info ] 金叉3240.4399999999996>=3239.8633333333346,多仓进场
[2024.06.16 09:27:07 - info ] 死叉3239.0000000000005<=3239.0166666666655,平多
[2024.06.16 09:27:07 - info ] 金叉3238.38>=3237.6033333333335,多仓进场
[2024.06.16 09:27:07 - info ] 死叉3239.3399999999997<=3240.143333333335,平多
[2024.06.16 09:27:07 - info ] 金叉3235.04>=3234.803333333335,多仓进场
[2024.06.16 09:27:07 - info ] 死叉3235.28<=3235.7700000000023,平多
[2024.06.16 09:27:07 - info ] 死叉3204.9999999999995<=3205.986666666665,空仓进场
[2024.06.16 09:27:07 - info ] 金叉3206.9600000000005>=3206.686666666669,平空
[2024.06.16 09:27:07 - info ] 金叉3209.5199999999995>=3208.673333333333,多仓进场
[2024.06.16 09:27:07 - info ] 死叉3203.0600000000004<=3203.786666666664,平多
[2024.06.16 09:27:07 - info ] 金叉3203.8399999999997>=3203.1166666666663,多仓进场
[2024.06.16 09:27:07 - info ] 死叉3228.48<=3231.846666666666,平多
[2024.06.16 09:27:07 - info ] 金叉3192.5400000000004>=3191.9066666666677,多仓进场
[2024.06.16 09:27:07 - info ] 死叉3192.44<=3192.716666666667,平多
[2024.06.16 09:27:07 - info ] 金叉3159.52>=3159.2900000000004,多仓进场
[2024.06.16 09:27:07 - info ] 死叉3166.46<=3166.65,平多
[2024.06.16 09:27:07 - info ] 死叉3165.76<=3166.223333333334,空仓进场
[2024.06.16 09:27:07 - info ] 金叉3166.7>=3166.5666666666643,平空
[2024.06.16 09:27:07 - info ] 死叉3182.32<=3183.0100000000007,空仓进场
[2024.06.16 09:27:07 - info ] 金叉3188.6800000000003>=3186.0333333333315,平空
[2024.06.16 09:27:07 - info ] 死叉3239.8<=3240.3133333333344,空仓进场
[2024.06.16 09:27:07 - info ] 金叉3241.64>=3240.766666666665,平空
[2024.06.16 09:27:07 - info ] 死叉3242.38<=3243.0666666666684,空仓进场
[2024.06.16 09:27:07 - info ] 金叉3240.08>=3239.9166666666683,平空
[2024.06.16 09:27:07 - info ] 金叉3242.0999999999995>=3240.299999999998,多仓进场
[2024.06.16 09:27:07 - info ] 死叉3352.4800000000005<=3352.9833333333327,平多
[2024.06.16 09:27:07 - info ] 死叉3351.6799999999994<=3351.9633333333336,空仓进场
[2024.06.16 09:27:07 - info ] 金叉3328.44>=3328.2066666666656,平空
[2024.06.16 09:27:07 - info ] 死叉3327.8799999999997<=3328.1133333333337,空仓进场
[2024.06.16 09:27:07 - info ] 金叉3324.6600000000008>=3323.246666666668,平空
[2024.06.16 09:27:07 - info ] 死叉3324.459999999999<=3324.906666666667,空仓进场
[2024.06.16 09:27:07 - info ] 金叉3277.4800000000005>=3276.8633333333332,平空
[2024.06.16 09:27:07 - info ] 金叉3279.46>=3277.4333333333348,多仓进场
[2024.06.16 09:27:07 - info ] 死叉3288.9800000000005<=3289.5600000000018,平多
[2024.06.16 09:27:07 - info ] 死叉3284.8<=3285.316666666665,空仓进场
[2024.06.16 09:27:07 - info ] 金叉3282.72>=3282.5133333333306,平空
[2024.06.16 09:27:07 - info ] 金叉3288.5799999999995>=3288.526666666664,多仓进场
[2024.06.16 09:27:07 - info ] 死叉3288.1600000000008<=3288.353333333334,平多
[2024.06.16 09:27:07 - info ] 金叉3288.4399999999996>=3288.163333333333,多仓进场
[2024.06.16 09:27:07 - info ] 死叉3300.04<=3300.9133333333334,平多
[2024.06.16 09:27:07 - info ] 死叉3291.6400000000003<=3292.3066666666678,空仓进场
[2024.06.16 09:27:07 - info ] 金叉3326.3>=3325.753333333334,平空
[2024.06.16 09:27:07 - info ] 死叉3323.6999999999994<=3324.049999999999,空仓进场
[2024.06.16 09:27:07 - info ] 金叉3246.52>=3245.8233333333355,平空
[2024.06.16 09:27:07 - info ] 死叉3242.5199999999995<=3244.653333333334,空仓进场
[2024.06.16 09:27:07 - info ] 金叉3203.9399999999996>=3203.8000000000006,平空
[2024.06.16 09:27:07 - info ] 金叉3206.24>=3204.346666666669,多仓进场
[2024.06.16 09:27:07 - info ] 死叉3211.96<=3211.969999999999,平多
[2024.06.16 09:27:07 - info ] 金叉3212.6400000000003>=3212.583333333333,多仓进场
[2024.06.16 09:27:07 - info ] 死叉3238.3<=3238.516666666666,平多
[2024.06.16 09:27:07 - info ] 金叉3241.2400000000002>=3240.713333333335,多仓进场
[2024.06.16 09:27:07 - info ] 死叉3290.659999999999<=3290.8166666666643,平多
[2024.06.16 09:27:07 - info ] 死叉3290.6800000000003<=3290.799999999998,空仓进场
[2024.06.16 09:27:07 - info ] 金叉3290.4799999999996>=3290.47333333333,平空
[2024.06.16 09:27:07 - info ] 死叉3289.7<=3289.949999999997,空仓进场
[2024.06.16 09:27:07 - info ] 金叉3288.7599999999993>=3288.5066666666635,平空
[2024.06.16 09:27:07 - info ] 死叉3288.5<=3289.046666666667,空仓进场
[2024.06.16 09:27:07 - info ] 金叉3286.2399999999993>=3285.7599999999993,平空
[2024.06.16 09:27:07 - info ] 死叉3294.5799999999995<=3294.6566666666686,空仓进场
[2024.06.16 09:27:07 - info ] 金叉3288.12>=3287.6033333333335,平空
[2024.06.16 09:27:07 - info ] 金叉3289.6999999999994>=3289.5199999999986,多仓进场
[2024.06.16 09:27:07 - info ] 死叉3291.0600000000004<=3291.160000000001,平多
[2024.06.16 09:27:07 - info ] 金叉3291.4000000000005>=3291.133333333332,多仓进场
[2024.06.16 09:27:07 - info ] 死叉3325.499999999999<=3325.88,平多
[2024.06.16 09:27:07 - info ] 金叉3328.5>=3328.390000000001,多仓进场
[2024.06.16 09:27:07 - info ] 死叉3329.4199999999996<=3329.6766666666676,平多
[2024.06.16 09:27:07 - info ] 金叉3315.94>=3315.883333333332,多仓进场
[2024.06.16 09:27:07 - info ] 死叉3332.6400000000003<=3333.1366666666668,平多
[2024.06.16 09:27:07 - info ] 死叉3331.5199999999995<=3332.3566666666648,空仓进场
[2024.06.16 09:27:07 - info ] 金叉3325.5800000000004>=3325.4833333333318,平空
[2024.06.16 09:27:07 - info ] 金叉3327.1200000000003>=3325.7333333333318,多仓进场
[2024.06.16 09:27:07 - info ] 死叉3355.94<=3356.193333333331,平多
[2024.06.16 09:27:07 - info ] 死叉3344.3599999999997<=3344.856666666668,空仓进场
[2024.06.16 09:27:07 - info ] 金叉3345.6>=3344.836666666668,平空
[2024.06.16 09:27:07 - info ] 金叉3347.12>=3346.1466666666665,多仓进场
[2024.06.16 09:27:07 - info ] 死叉3360.96<=3361.2133333333322,平多
[2024.06.16 09:27:07 - info ] 金叉3352.140000000001>=3348.856666666665,多仓进场
[2024.06.16 09:27:07 - info ] 死叉3422.5<=3422.7700000000023,平多
[2024.06.16 09:27:07 - info ] 金叉3395.9200000000005>=3395.6899999999982,多仓进场
[2024.06.16 09:27:07 - info ] 死叉3412.2<=3412.616666666668,平多
[2024.06.16 09:27:07 - info ] 金叉3420>=3418.7500000000027,多仓进场
[2024.06.16 09:27:07 - info ] 死叉3464.3199999999997<=3464.4133333333325,平多
[2024.06.16 09:27:07 - info ] 金叉3466.7>=3466.6599999999985,多仓进场
[2024.06.16 09:27:07 - info ] 死叉3459.919999999999<=3460.1333333333305,平多
[2024.06.16 09:27:07 - info ] 金叉3462.3>=3461.8399999999974,多仓进场
[2024.06.16 09:27:07 - info ] 死叉3473.4600000000005<=3473.8966666666647,平多
[2024.06.16 09:27:07 - info ] 金叉3391.4399999999996>=3391.093333333333,多仓进场
[2024.06.16 09:27:07 - info ] 死叉3389.5199999999995<=3389.5233333333354,平多
[2024.06.16 09:27:07 - info ] 金叉3392.3599999999997>=3392.296666666667,多仓进场
[2024.06.16 09:27:07 - info ] 死叉3395.7799999999997<=3396.1500000000024,平多
[2024.06.16 09:27:07 - info ] 死叉3394.859999999999<=3395.296666666666,空仓进场
[2024.06.16 09:27:07 - info ] 金叉3319.0800000000004>=3318.9166666666692,平空
[2024.06.16 09:27:07 - info ] 死叉3317.9799999999996<=3318.343333333333,空仓进场
[2024.06.16 09:27:07 - info ] 金叉3278.9399999999996>=3275.9899999999975,平空
[2024.06.16 09:27:07 - info ] 金叉3299>=3298.5999999999976,多仓进场
[2024.06.16 09:27:07 - info ] 死叉3298.22<=3298.450000000002,平多
[2024.06.16 09:27:07 - info ] 死叉3297.12<=3297.583333333336,空仓进场
[2024.06.16 09:27:07 - info ] 金叉3259.9999999999995>=3259.8133333333335,平空
[2024.06.16 09:27:07 - info ] 金叉3281.2>=3278.8866666666663,多仓进场
[2024.06.16 09:27:07 - info ] 死叉3351.159999999999<=3351.223333333333,平多
[2024.06.16 09:27:07 - info ] 金叉3343.9800000000005>=3343.4933333333315,多仓进场
[2024.06.16 09:27:07 - info ] 死叉3350.2399999999993<=3350.3066666666646,平多
[2024.06.16 09:27:07 - info ] 死叉3349.399999999999<=3350.1266666666666,空仓进场
[2024.06.16 09:27:07 - info ] 金叉3352.96>=3352.8500000000017,平空
[2024.06.16 09:27:07 - info ] 金叉3353.1200000000003>=3352.900000000003,多仓进场
[2024.06.16 09:27:07 - info ] 死叉3350.9<=3350.9200000000014,平多
[2024.06.16 09:27:07 - info ] 死叉3328.66<=3328.866666666669,空仓进场
[2024.06.16 09:27:07 - info ] 金叉3320.28>=3319.3733333333353,平空
[2024.06.16 09:27:07 - info ] 死叉3315.46<=3315.6566666666663,空仓进场
[2024.06.16 09:27:07 - info ] 金叉3297.7400000000002>=3296.6733333333336,平空
[2024.06.16 09:27:07 - info ] 金叉3303>=3302.776666666668,多仓进场
[2024.06.16 09:27:07 - info ] 死叉3335.9199999999996<=3336.2900000000022,平多
[2024.06.16 09:27:07 - info ] 金叉3326.3199999999997>=3326.1366666666686,多仓进场
[2024.06.16 09:27:07 - info ] 死叉3356.7400000000002<=3357.2633333333315,平多
[2024.06.16 09:27:07 - info ] 死叉3350.7200000000003<=3350.950000000001,空仓进场
[2024.06.16 09:27:07 - info ] 金叉3356.7>=3356.643333333332,平空
[2024.06.16 09:27:07 - info ] 金叉3383.54>=3383.3766666666647,多仓进场
[2024.06.16 09:27:07 - info ] 死叉3413.7400000000002<=3414.4566666666697,平多
[2024.06.16 09:27:07 - info ] 死叉3406.6399999999994<=3407.0533333333315,空仓进场
[2024.06.16 09:27:07 - info ] 金叉3404.96>=3404.400000000002,平空
[2024.06.16 09:27:07 - info ] 死叉3411.5399999999995<=3411.7733333333335,空仓进场
[2024.06.16 09:27:07 - info ] 金叉3414.8600000000006>=3413.293333333333,平空
[2024.06.16 09:27:07 - info ] 死叉3461.0199999999995<=3461.203333333331,空仓进场
[2024.06.16 09:27:07 - info ] 金叉3459.3199999999997>=3459.3066666666637,平空
[2024.06.16 09:27:07 - info ] 金叉3460.12>=3459.8500000000004,多仓进场
[2024.06.16 09:27:07 - info ] 死叉3459.9<=3460.43,平多
[2024.06.16 09:27:07 - info ] 死叉3445.72<=3446.1933333333313,空仓进场
[2024.06.16 09:27:07 - info ] 金叉3432.66>=3432.2833333333324,平空
[2024.06.16 09:27:07 - info ] 金叉3405.6>=3405.5899999999992,多仓进场
[2024.06.16 09:27:07 - info ] 死叉3421.8600000000006<=3421.9033333333327,平多
[2024.06.16 09:27:07 - info ] 金叉3422.5600000000004>=3422.496666666668,多仓进场
[2024.06.16 09:27:07 - info ] 死叉3422.1<=3422.1233333333334,平多
[2024.06.16 09:27:07 - info ] 死叉3421.6800000000003<=3421.8566666666643,空仓进场
[2024.06.16 09:27:07 - info ] 金叉3407.0799999999995>=3406.433333333336,平空
[2024.06.16 09:27:07 - info ] 死叉3409.4600000000005<=3409.480000000002,空仓进场
[2024.06.16 09:27:07 - info ] 金叉3410.859999999999>=3410.040000000001,平空
[2024.06.16 09:27:07 - info ] 死叉3447.2999999999993<=3447.52,空仓进场
[2024.06.16 09:27:07 - info ] 金叉3447.88>=3447.5033333333345,平空
[2024.06.16 09:27:07 - info ] 死叉3447.22<=3447.2300000000014,空仓进场
[2024.06.16 09:27:07 - info ] 金叉3454.2>=3453.8599999999983,平空
[2024.06.16 09:27:07 - info ] 金叉3456.8599999999997>=3456.299999999999,多仓进场
[2024.06.16 09:27:07 - info ] 死叉3453.04<=3453.136666666666,平多
[2024.06.16 09:27:07 - info ] 死叉3425.28<=3425.3433333333337,空仓进场
[2024.06.16 09:27:07 - info ] 金叉3420.62>=3420.6199999999994,平空
[2024.06.16 09:27:07 - info ] 金叉3422.3600000000006>=3420.696666666667,多仓进场
[2024.06.16 09:27:07 - info ] 死叉3426.7600000000007<=3427.813333333333,平多
[2024.06.16 09:27:07 - info ] 金叉3432.5>=3431.5466666666657,多仓进场
[2024.06.16 09:27:07 - info ] 死叉3471.7400000000002<=3472.2233333333324,平多
[2024.06.16 09:27:07 - info ] 金叉3459.5199999999995>=3457.926666666668,多仓进场
[2024.06.16 09:27:07 - info ] 死叉3498.7400000000002<=3498.746666666667,平多
[2024.06.16 09:27:07 - info ] 死叉3507.5399999999995<=3508.1266666666647,空仓进场
[2024.06.16 09:27:07 - info ] 金叉3507.66>=3507.0066666666676,平空
[2024.06.16 09:27:07 - info ] 死叉3505.9800000000005<=3506.7599999999998,空仓进场
[2024.06.16 09:27:07 - info ] 金叉3493.2200000000003>=3493.203333333333,平空
[2024.06.16 09:27:07 - info ] 死叉3503.359999999999<=3503.4133333333316,空仓进场
[2024.06.16 09:27:07 - info ] 金叉3470.4800000000005>=3470.116666666666,平空
[2024.06.16 09:27:07 - info ] 金叉3438.0799999999995>=3438.0533333333306,多仓进场
[2024.06.16 09:27:07 - info ] 死叉3442.04<=3442.6699999999987,平多
[2024.06.16 09:27:07 - info ] 死叉3434.9799999999996<=3435.2633333333342,空仓进场
[2024.06.16 09:27:07 - info ] 金叉3422.56>=3421.7000000000003,平空
[2024.06.16 09:27:07 - info ] 金叉3416.7>=3415.7099999999978,多仓进场
[2024.06.16 09:27:07 - info ] 死叉3414.5<=3414.889999999999,平多
[2024.06.16 09:27:07 - info ] 死叉3413.3599999999997<=3414.2800000000007,空仓进场
[2024.06.16 09:27:07 - info ] 金叉3397.6600000000008>=3396.9733333333343,平空
[2024.06.16 09:27:07 - info ] 金叉3343.8>=3342.4733333333306,多仓进场
[2024.06.16 09:27:07 - info ] 死叉3340.56<=3340.7900000000027,平多
[2024.06.16 09:27:07 - info ] 金叉3343>=3342.053333333334,多仓进场
[2024.06.16 09:27:07 - info ] 死叉3399.4000000000005<=3399.959999999998,平多
[2024.06.16 09:27:07 - info ] 死叉3381.56<=3381.7066666666647,空仓进场
[2024.06.16 09:27:07 - info ] 金叉3381.7399999999993>=3381.666666666667,平空
[2024.06.16 09:27:07 - info ] 金叉3379.8200000000006>=3379.6499999999996,多仓进场
[2024.06.16 09:27:07 - info ] 死叉3384.8399999999992<=3385.24,平多
[2024.06.16 09:27:07 - info ] 金叉3388.9200000000005>=3388.4800000000023,多仓进场
[2024.06.16 09:27:07 - info ] 死叉3393.54<=3393.6266666666697,平多
[2024.06.16 09:27:07 - info ] 死叉3393.3<=3393.306666666666,空仓进场
[2024.06.16 09:27:07 - info ] 金叉3482.78>=3482.653333333333,平空
[2024.06.16 09:27:07 - info ] 金叉3486.8799999999997>=3484.5866666666657,多仓进场
[2024.06.16 09:27:07 - info ] 死叉3483.54<=3483.769999999998,平多
[2024.06.16 09:27:07 - info ] 金叉3482.440000000001>=3481.983333333331,多仓进场
[2024.06.16 09:27:07 - info ] 死叉3485.5<=3485.563333333332,平多
[2024.06.16 09:27:07 - info ] 金叉3482.9200000000005>=3481.8433333333337,多仓进场
[2024.06.16 09:27:07 - info ] 死叉3478.3399999999992<=3479.5999999999985,平多
[2024.06.16 09:27:07 - info ] 金叉3465.94>=3465.6866666666638,多仓进场
[2024.06.16 09:27:07 - info ] 死叉3575.12<=3575.483333333334,平多
[2024.06.16 09:27:07 - info ] 死叉3573.7200000000003<=3574.743333333334,空仓进场
[2024.06.16 09:27:07 - info ] 金叉3567.8399999999992>=3567.5766666666636,平空
[2024.06.16 09:27:07 - info ] 死叉3567.9800000000005<=3568.476666666665,空仓进场
[2024.06.16 09:27:07 - info ] 金叉3505.72>=3504.316666666667,平空
[2024.06.16 09:27:07 - info ] 死叉3524.0199999999995<=3524.440000000001,空仓进场
[2024.06.16 09:27:07 - info ] 金叉3524.66>=3523.123333333334,平空
[2024.06.16 09:27:07 - info ] 死叉3526.4200000000005<=3526.653333333336,空仓进场
[2024.06.16 09:27:07 - info ] 金叉3565>=3564.3866666666677,平空
[2024.06.16 09:27:07 - info ] 死叉3636.2<=3636.820000000002,空仓进场
[2024.06.16 09:27:07 - info ] 金叉3637.1600000000008>=3636.696666666667,平空
[2024.06.16 09:27:07 - info ] 金叉3637.1799999999994>=3637.0633333333303,多仓进场
[2024.06.16 09:27:07 - info ] 死叉3637.3399999999992<=3637.676666666666,平多
[2024.06.16 09:27:07 - info ] 死叉3637.38<=3637.6899999999973,空仓进场
[2024.06.16 09:27:07 - info ] 金叉3634.8199999999997>=3634.8066666666664,平空
[2024.06.16 09:27:07 - info ] 死叉3633.2600000000007<=3634.393333333334,空仓进场
[2024.06.16 09:27:07 - info ] 金叉3637.3000000000006>=3636.94,平空
[2024.06.16 09:27:07 - info ] 金叉3638.9>=3637.4266666666695,多仓进场
[2024.06.16 09:27:07 - info ] 死叉3638.8799999999997<=3639.093333333335,平多
[2024.06.16 09:27:07 - info ] 死叉3637.44<=3638.1566666666668,空仓进场
[2024.06.16 09:27:07 - info ] 金叉3638.7799999999997>=3638.306666666666,平空
[2024.06.16 09:27:07 - info ] 死叉3636.12<=3638.486666666668,空仓进场
[2024.06.16 09:27:07 - info ] 金叉3597.78>=3597.0433333333303,平空
[2024.06.16 09:27:07 - info ] 金叉3633.1>=3631.2400000000002,多仓进场
[2024.06.16 09:27:07 - info ] 死叉3665.2399999999993<=3665.503333333333,平多
[2024.06.16 09:27:07 - info ] 金叉3673.38>=3673.166666666666,多仓进场
[2024.06.16 09:27:07 - info ] 死叉3674.7<=3676.256666666665,平多
[2024.06.16 09:27:07 - info ] 金叉3678.38>=3677.766666666666,多仓进场
[2024.06.16 09:27:07 - info ] 死叉3680.4800000000005<=3681.8733333333316,平多
[2024.06.16 09:27:07 - info ] 金叉3648.6200000000003>=3647.663333333333,多仓进场
[2024.06.16 09:27:07 - info ] 死叉3726.9800000000005<=3727.073333333335,平多
[2024.06.16 09:27:07 - info ] 金叉3727.3>=3727.2399999999984,多仓进场
[2024.06.16 09:27:07 - info ] 死叉3729.88<=3730.6333333333355,平多
[2024.06.16 09:27:07 - info ] 金叉3678.44>=3678.0066666666653,多仓进场
[2024.06.16 09:27:07 - info ] 死叉3703.9<=3704.1466666666656,平多
[2024.06.16 09:27:07 - info ] 金叉3704.8799999999997>=3704.753333333334,多仓进场
[2024.06.16 09:27:07 - info ] 死叉3735.6200000000003<=3735.753333333334,平多
[2024.06.16 09:27:07 - info ] 死叉3753.6<=3753.986666666667,空仓进场
[2024.06.16 09:27:07 - info ] 金叉3725.8599999999997>=3725.339999999998,平空
[2024.06.16 09:27:07 - info ] 死叉3722.5600000000004<=3723.1900000000005,空仓进场
[2024.06.16 09:27:07 - info ] 金叉3707.2>=3706.186666666664,平空
[2024.06.16 09:27:07 - info ] 金叉3713.9>=3712.92,多仓进场
[2024.06.16 09:27:07 - info ] 死叉3714.8<=3714.9866666666658,平多
[2024.06.16 09:27:07 - info ] 金叉3713.9800000000005>=3713.706666666668,多仓进场
[2024.06.16 09:27:07 - info ] 死叉3720.4199999999996<=3720.9333333333366,平多
[2024.06.16 09:27:07 - info ] 金叉3660.04>=3659.5466666666694,多仓进场
[2024.06.16 09:27:07 - info ] 死叉3692.6800000000003<=3692.683333333332,平多
[2024.06.16 09:27:07 - info ] 金叉3675.78>=3675.506666666664,多仓进场
[2024.06.16 09:27:07 - info ] 死叉3674.7399999999993<=3674.9633333333322,平多
[2024.06.16 09:27:07 - info ] 金叉3675.66>=3675.4733333333324,多仓进场
[2024.06.16 09:27:07 - info ] 死叉3688.6400000000003<=3689.113333333333,平多
[2024.06.16 09:27:07 - info ] 金叉3692.04>=3690.766666666668,多仓进场
[2024.06.16 09:27:07 - info ] 死叉3737.899999999999<=3738.850000000001,平多
[2024.06.16 09:27:07 - info ] 金叉3734.56>=3733.686666666668,多仓进场
[2024.06.16 09:27:07 - info ] 死叉3841.88<=3842.299999999998,平多
[2024.06.16 09:27:07 - info ] 金叉3843.3200000000006>=3843.043333333336,多仓进场
[2024.06.16 09:27:07 - info ] 死叉3842.6799999999994<=3842.9133333333334,平多
[2024.06.16 09:27:07 - info ] 死叉3841.9799999999996<=3842.6666666666683,空仓进场
[2024.06.16 09:27:07 - info ] 金叉3836.96>=3836.343333333332,平空
[2024.06.16 09:27:07 - info ] 死叉3836.2400000000002<=3836.8666666666663,空仓进场
[2024.06.16 09:27:07 - info ] 金叉3850.500000000001>=3850.073333333334,平空
[2024.06.16 09:27:07 - info ] 死叉3848.9<=3849.39,空仓进场
[2024.06.16 09:27:07 - info ] 金叉3831.8799999999997>=3831.773333333334,平空
[2024.06.16 09:27:07 - info ] 金叉3833.8199999999997>=3832.36333333333,多仓进场
[2024.06.16 09:27:07 - info ] 死叉3833.1<=3833.6199999999994,平多
[2024.06.16 09:27:07 - info ] 死叉3830.3799999999997<=3831.3500000000017,空仓进场
[2024.06.16 09:27:07 - info ] 金叉3832.9600000000005>=3832.699999999997,平空
[2024.06.16 09:27:07 - info ] 死叉3837.56<=3837.5633333333317,空仓进场
[2024.06.16 09:27:07 - info ] 金叉3837.34>=3837.1833333333325,平空
[2024.06.16 09:27:07 - info ] 金叉3838.3799999999997>=3838.163333333331,多仓进场
[2024.06.16 09:27:07 - info ] 死叉3843.3799999999997<=3844.1400000000026,平多
[2024.06.16 09:27:07 - info ] 金叉3827.9399999999996>=3827.8166666666652,多仓进场
[2024.06.16 09:27:07 - info ] 死叉3824.3399999999992<=3824.946666666669,平多
[2024.06.16 09:27:07 - info ] 死叉3822.8799999999997<=3823.726666666669,空仓进场
[2024.06.16 09:27:07 - info ] 金叉3843.6200000000003>=3843.526666666667,平空
[2024.06.16 09:27:07 - info ] 死叉3844.6800000000003<=3844.9400000000023,空仓进场
[2024.06.16 09:27:07 - info ] 金叉3827.34>=3827.3233333333355,平空
[2024.06.16 09:27:07 - info ] 金叉3815.8199999999997>=3815.703333333332,多仓进场
[2024.06.16 09:27:07 - info ] 死叉3813.5<=3813.716666666667,平多
[2024.06.16 09:27:07 - info ] 死叉3813.1<=3813.416666666666,空仓进场
[2024.06.16 09:27:07 - info ] 金叉3813.6200000000003>=3813.476666666668,平空
[2024.06.16 09:27:07 - info ] 金叉3822.8399999999992>=3822.36333333333,多仓进场
[2024.06.16 09:27:07 - info ] 死叉3891.3799999999997<=3892.6066666666648,平多
[2024.06.16 09:27:07 - info ] 金叉3884.22>=3883.656666666667,多仓进场
[2024.06.16 09:27:07 - info ] 死叉3927.9<=3929.446666666666,平多
[2024.06.16 09:27:07 - info ] 金叉3922.4200000000005>=3921.990000000002,多仓进场
[2024.06.16 09:27:07 - info ] 死叉3920.72<=3921.343333333333,平多
[2024.06.16 09:27:07 - info ] 死叉3928.28<=3928.336666666664,空仓进场
[2024.06.16 09:27:07 - info ] 金叉3928.88>=3928.673333333333,平空
[2024.06.16 09:27:07 - info ] 死叉3928.1999999999994<=3928.2866666666673,空仓进场
[2024.06.16 09:27:07 - info ] 金叉3913.1200000000003>=3912.9100000000008,平空
[2024.06.16 09:27:07 - info ] 死叉4000.38<=4000.4199999999983,空仓进场
[2024.06.16 09:27:07 - info ] 金叉4000.3799999999997>=4000.3333333333344,平空
[2024.06.16 09:27:07 - info ] 死叉4002.1200000000003<=4003.8233333333337,空仓进场
[2024.06.16 09:27:07 - info ] 金叉3980.000000000001>=3979.3466666666695,平空
[2024.06.16 09:27:07 - info ] 金叉3982.0600000000004>=3981.206666666666,多仓进场
[2024.06.16 09:27:07 - info ] 死叉3993.7400000000002<=3995.163333333333,平多
[2024.06.16 09:27:07 - info ] 金叉3977.96>=3976.733333333331,多仓进场
[2024.06.16 09:27:07 - info ] 死叉4058.22<=4058.346666666664,平多
[2024.06.16 09:27:07 - info ] 金叉4051.6400000000003>=4050.923333333332,多仓进场
[2024.06.16 09:27:07 - info ] 死叉4127.98<=4128.070000000003,平多
[2024.06.16 09:27:07 - info ] 金叉4079.54>=4078.4266666666676,多仓进场
[2024.06.16 09:27:07 - info ] 死叉4106.720000000001<=4107.143333333333,平多
[2024.06.16 09:27:07 - info ] 死叉4104.620000000001<=4105.463333333331,空仓进场
[2024.06.16 09:27:07 - info ] 金叉4099.42>=4098.430000000002,平空
[2024.06.16 09:27:07 - info ] 死叉4236.680000000001<=4236.989999999999,空仓进场
[2024.06.16 09:27:07 - info ] 金叉4106.96>=4106.729999999999,平空
[2024.06.16 09:27:07 - info ] 死叉4092.2<=4096.57,空仓进场
[2024.06.16 09:27:07 - info ] 金叉4036.9799999999996>=4035.7999999999997,平空
[2024.06.16 09:27:07 - info ] 死叉4033.2<=4036.0433333333353,空仓进场
[2024.06.16 09:27:07 - info ] 金叉4025.72>=4023.919999999999,平空
[2024.06.16 09:27:07 - info ] 死叉4022.040000000001<=4022.933333333332,空仓进场
[2024.06.16 09:27:07 - info ] 金叉4010.9199999999996>=4010.5933333333314,平空
[2024.06.16 09:27:07 - info ] 金叉4011.8599999999997>=4011.373333333332,多仓进场
[2024.06.16 09:27:07 - info ] 死叉4006.4<=4008.1566666666654,平多
[2024.06.16 09:27:07 - info ] 死叉4003.7399999999993<=4005.9333333333343,空仓进场
[2024.06.16 09:27:07 - info ] 金叉3997.5600000000004>=3996.290000000001,平空
[2024.06.16 09:27:07 - info ] 死叉4016.16<=4017.5833333333335,空仓进场
[2024.06.16 09:27:07 - info ] 金叉3993.22>=3991.8499999999995,平空
[2024.06.16 09:27:07 - info ] 金叉3993.9200000000005>=3993.2899999999986,多仓进场
[2024.06.16 09:27:07 - info ] 死叉3988.2599999999998<=3988.8433333333337,平多
[2024.06.16 09:27:07 - info ] 金叉3973.7799999999997>=3973.686666666666,多仓进场
[2024.06.16 09:27:07 - info ] 死叉3968.2799999999997<=3969.8333333333326,平多
[2024.06.16 09:27:07 - info ] 金叉3968.4199999999996>=3967.5433333333326,多仓进场
[2024.06.16 09:27:07 - info ] 死叉4050.1600000000008<=4050.2533333333336,平多
[2024.06.16 09:27:07 - info ] 死叉4049.2200000000003<=4050.176666666665,空仓进场
[2024.06.16 09:27:07 - info ] 金叉4029.7>=4027.4700000000025,平空
[2024.06.16 09:27:07 - info ] 死叉4029.8<=4029.800000000002,空仓进场
[2024.06.16 09:27:07 - info ] 金叉3990.9>=3990.283333333331,平空
[2024.06.16 09:27:07 - info ] 死叉3987.8<=3988.2133333333336,空仓进场
[2024.06.16 09:27:07 - info ] 金叉3990.22>=3989.809999999998,平空
[2024.06.16 09:27:07 - info ] 金叉3992.8000000000006>=3992.443333333333,多仓进场
[2024.06.16 09:27:07 - info ] 死叉4034.34<=4035.303333333333,平多
[2024.06.16 09:27:07 - info ] 金叉4036.2400000000002>=4033.2666666666637,多仓进场
[2024.06.16 09:27:07 - info ] 死叉4054.0200000000004<=4054.2966666666644,平多
[2024.06.16 09:27:07 - info ] 死叉4053.1200000000003<=4053.9166666666674,空仓进场
[2024.06.16 09:27:07 - info ] 金叉4131.52>=4131.316666666665,平空
[2024.06.16 09:27:07 - info ] 金叉4132.42>=4132.3566666666675,多仓进场
[2024.06.16 09:27:07 - info ] 死叉4198.839999999999<=4199.013333333335,平多
[2024.06.16 09:27:07 - info ] 金叉4197.84>=4197.353333333335,多仓进场
[2024.06.16 09:27:07 - info ] 死叉4210.58<=4211.006666666667,平多
[2024.06.16 09:27:07 - info ] 金叉4213.74>=4212.340000000001,多仓进场
[2024.06.16 09:27:07 - info ] 死叉4244.199999999999<=4244.200000000001,平多
[2024.06.16 09:27:07 - info ] 死叉4256.280000000001<=4258.5300000000025,空仓进场
[2024.06.16 09:27:07 - info ] 金叉4264.9>=4262.95666666667,平空
[2024.06.16 09:27:07 - info ] 死叉4266.5<=4266.876666666666,空仓进场
[2024.06.16 09:27:07 - info ] 金叉4386.1>=4385.6766666666645,平空
[2024.06.16 09:27:07 - info ] 死叉4393.9800000000005<=4395.533333333336,空仓进场
[2024.06.16 09:27:07 - info ] 金叉4387.64>=4387.323333333332,平空
[2024.06.16 09:27:07 - info ] 金叉4389.58>=4388.483333333332,多仓进场
[2024.06.16 09:27:07 - info ] 死叉4384.5199999999995<=4385.166666666667,平多
[2024.06.16 09:27:07 - info ] 死叉4380.639999999999<=4380.9366666666665,空仓进场
[2024.06.16 09:27:07 - info ] 金叉4279.18>=4278.463333333331,平空
[2024.06.16 09:27:07 - info ] 死叉4274.08<=4274.600000000002,空仓进场
[2024.06.16 09:27:07 - info ] 金叉4271.86>=4271.156666666667,平空
[2024.06.16 09:27:07 - info ] 死叉4272.08<=4275.219999999999,空仓进场
[2024.06.16 09:27:07 - info ] 金叉4246.12>=4244.116666666665,平空
[2024.06.16 09:27:07 - info ] 死叉4246.0199999999995<=4246.3399999999965,空仓进场
[2024.06.16 09:27:07 - info ] 金叉4167.780000000001>=4166.200000000001,平空
[2024.06.16 09:27:07 - info ] 死叉4155.64<=4159.696666666667,空仓进场
[2024.06.16 09:27:07 - info ] 金叉3811.22>=3809.963333333332,平空
[2024.06.16 09:27:07 - info ] 金叉3920.3199999999997>=3919.9733333333365,多仓进场
[2024.06.16 09:27:07 - info ] 死叉4084.9199999999996<=4085.0033333333317,平多
[2024.06.16 09:27:07 - info ] 死叉4026.4200000000005<=4026.773333333331,空仓进场
[2024.06.16 09:27:07 - info ] 金叉4023.22>=4021.4200000000005,平空
[2024.06.16 09:27:07 - info ] 金叉4015.9200000000005>=4013.4933333333315,多仓进场
[2024.06.16 09:27:07 - info ] 死叉4012.9800000000005<=4015.5033333333354,平多
[2024.06.16 09:27:07 - info ] 金叉4005.5799999999995>=4003.8200000000006,多仓进场
[2024.06.16 09:27:07 - info ] 死叉4079.2<=4080.0599999999977,平多
[2024.06.16 09:27:07 - info ] 金叉4081.72>=4081.4133333333357,多仓进场
[2024.06.16 09:27:07 - info ] 死叉4085.9<=4086.643333333334,平多
[2024.06.16 09:27:07 - info ] 死叉4084.88<=4085.5000000000005,空仓进场
[2024.06.16 09:27:07 - info ] 金叉4085.3>=4085.086666666664,平空
[2024.06.16 09:27:07 - info ] 死叉4085.06<=4085.090000000002,空仓进场
[2024.06.16 09:27:07 - info ] 金叉4044.22>=4043.376666666668,平空
[2024.06.16 09:27:07 - info ] 金叉4038.8>=4038.383333333332,多仓进场
[2024.06.16 09:27:07 - info ] 死叉4072.7<=4073.486666666668,平多
[2024.06.16 09:27:07 - info ] 死叉3823.2799999999997<=3824.4633333333336,空仓进场
[2024.06.16 09:27:07 - info ] 金叉3885.88>=3885.2166666666644,平空
[2024.06.16 09:27:07 - info ] 死叉3899.1<=3899.2733333333317,空仓进场
[2024.06.16 09:27:07 - info ] 金叉3847.46>=3846.74,平空
[2024.06.16 09:27:07 - info ] 死叉3863.3<=3864.496666666666,空仓进场
[2024.06.16 09:27:07 - info ] 金叉3859.2599999999998>=3858.2833333333338,平空
[2024.06.16 09:27:07 - info ] 死叉3850.8200000000006<=3851.280000000002,空仓进场
[2024.06.16 09:27:07 - info ] 金叉3849.56>=3848.0866666666643,平空
[2024.06.16 09:27:07 - info ] 金叉3913.4>=3912.813333333334,多仓进场
[2024.06.16 09:27:07 - info ] 死叉3911.46<=3911.7500000000014,平多
[2024.06.16 09:27:07 - info ] 金叉3756.44>=3753.2433333333324,多仓进场
[2024.06.16 09:27:07 - info ] 死叉3740.5199999999995<=3741.516666666665,平多
[2024.06.16 09:27:07 - info ] 死叉3739.38<=3740.19,空仓进场
[2024.06.16 09:27:07 - info ] 金叉3742.8199999999997>=3741.3433333333346,平空
[2024.06.16 09:27:07 - info ] 金叉3737.6>=3735.4700000000003,多仓进场
[2024.06.16 09:27:07 - info ] 死叉3740.2200000000003<=3740.7700000000027,平多
[2024.06.16 09:27:07 - info ] 金叉3748.3599999999997>=3748.063333333334,多仓进场
[2024.06.16 09:27:07 - info ] 死叉3747.9199999999996<=3749.0600000000027,平多
[2024.06.16 09:27:07 - info ] 金叉3777.5199999999995>=3776.316666666665,多仓进场
[2024.06.16 09:27:07 - info ] 死叉3871.4799999999996<=3871.760000000001,平多
[2024.06.16 09:27:07 - info ] 金叉3873.46>=3873.296666666667,多仓进场
[2024.06.16 09:27:07 - info ] 死叉3886.94<=3888.809999999998,平多
[2024.06.16 09:27:07 - info ] 金叉3890.1200000000003>=3889.4966666666664,多仓进场
[2024.06.16 09:27:07 - info ] 死叉3910.1800000000003<=3910.2833333333315,平多
[2024.06.16 09:27:07 - info ] 死叉3904.94<=3905.3300000000013,空仓进场
[2024.06.16 09:27:07 - info ] 金叉3853.3200000000006>=3852.1800000000003,平空
[2024.06.16 09:27:07 - info ] 死叉3850.06<=3850.4099999999994,空仓进场
[2024.06.16 09:27:07 - info ] 金叉3892.84>=3891.886666666665,平空
[2024.06.16 09:27:07 - info ] 死叉3887.3200000000006<=3888.503333333336,空仓进场
[2024.06.16 09:27:07 - info ] 金叉3807.7399999999993>=3806.1033333333303,平空
[2024.06.16 09:27:07 - info ] 金叉3813.0800000000004>=3812.543333333333,多仓进场
[2024.06.16 09:27:07 - info ] 死叉3814.7400000000002<=3815.4233333333345,平多
[2024.06.16 09:27:07 - info ] 金叉3729.5600000000004>=3727.456666666665,多仓进场
[2024.06.16 09:27:07 - info ] 死叉3763.6399999999994<=3764.0399999999995,平多
[2024.06.16 09:27:07 - info ] 死叉3763.0799999999995<=3763.6299999999965,空仓进场
[2024.06.16 09:27:07 - info ] 金叉3757.34>=3754.890000000001,平空
[2024.06.16 09:27:07 - info ] 金叉3819.3200000000006>=3819.1800000000017,多仓进场
[2024.06.16 09:27:07 - info ] 死叉3828.3<=3829.1966666666644,平多
[2024.06.16 09:27:07 - info ] 金叉3765.6>=3764.5633333333335,多仓进场
[2024.06.16 09:27:07 - info ] 死叉3791.7599999999998<=3792.7233333333343,平多
[2024.06.16 09:27:07 - info ] 金叉3590.7>=3587.530000000001,多仓进场
[2024.06.16 09:27:07 - info ] 死叉3598.6399999999994<=3601.8600000000024,平多
[2024.06.16 09:27:07 - info ] 金叉3562.7799999999997>=3562.3033333333315,多仓进场
[2024.06.16 09:27:07 - info ] 死叉3553.499999999999<=3554.300000000001,平多
[2024.06.16 09:27:07 - info ] 金叉3556.04>=3555.0399999999986,多仓进场
[2024.06.16 09:27:07 - info ] 死叉3416.44<=3417.7633333333342,平多
[2024.06.16 09:27:07 - info ] 死叉3413.859999999999<=3416.026666666666,空仓进场
[2024.06.16 09:27:07 - info ] 金叉3410.059999999999>=3409.466666666665,平空
[2024.06.16 09:27:07 - info ] 死叉3450.9000000000005<=3453.7100000000005,空仓进场
[2024.06.16 09:27:07 - info ] 金叉3352.340000000001>=3351.5700000000015,平空
[2024.06.16 09:27:07 - info ] 死叉3339.4800000000005<=3339.9633333333327,空仓进场
[2024.06.16 09:27:07 - info ] 金叉3343.0199999999995>=3342.27333333333,平空
[2024.06.16 09:27:07 - info ] 金叉3341.2400000000002>=3339.87,多仓进场
[2024.06.16 09:27:07 - info ] 死叉3333.9799999999996<=3334.706666666667,平多
[2024.06.16 09:27:07 - info ] 金叉3309.5799999999995>=3307.0800000000027,多仓进场
[2024.06.16 09:27:07 - info ] 死叉3427.72<=3427.836666666669,平多
[2024.06.16 09:27:07 - info ] 死叉3426.8<=3427.4333333333357,空仓进场
[2024.06.16 09:27:07 - info ] 金叉3479.7799999999997>=3478.8800000000015,平空
[2024.06.16 09:27:07 - info ] 金叉3481.9200000000005>=3481.8433333333355,多仓进场
[2024.06.16 09:27:07 - info ] 死叉3479.8199999999997<=3479.9,平多
[2024.06.16 09:27:07 - info ] 死叉3477.9<=3478.006666666665,空仓进场
[2024.06.16 09:27:07 - info ] 金叉3479.0800000000004>=3478.666666666665,平空
[2024.06.16 09:27:07 - info ] 金叉3479.6400000000003>=3479.5999999999976,多仓进场
[2024.06.16 09:27:07 - info ] 死叉3477.6<=3477.8133333333326,平多
[2024.06.16 09:27:07 - info ] 金叉3436.659999999999>=3435.963333333333,多仓进场
[2024.06.16 09:27:07 - info ] 死叉3441.7799999999997<=3443.2066666666656,平多
[2024.06.16 09:27:07 - info ] 金叉3450.5>=3449.983333333333,多仓进场
[2024.06.16 09:27:07 - info ] 死叉3451.2400000000002<=3451.516666666665,平多
[2024.06.16 09:27:07 - info ] 死叉3449.8799999999997<=3449.8799999999997,空仓进场
[2024.06.16 09:27:07 - info ] 金叉3420.04>=3413.8966666666665,平空
[2024.06.16 09:27:07 - info ] 死叉3527.0200000000004<=3527.209999999997,空仓进场
[2024.06.16 09:27:07 - info ] 金叉3522.4>=3521.4266666666663,平空
[2024.06.16 09:27:07 - info ] 死叉3523.5<=3523.7966666666644,空仓进场
[2024.06.16 09:27:07 - info ] 金叉3504.4800000000005>=3503.8333333333353,平空
[2024.06.16 09:27:07 - info ] 死叉3501.3399999999992<=3501.676666666666,空仓进场
[2024.06.16 09:27:07 - info ] 金叉3281.44>=3280.5733333333324,平空
[2024.06.16 09:27:07 - info ] 金叉3284.659999999999>=3281.5766666666673,多仓进场
[2024.06.16 09:27:07 - info ] 死叉3327.6600000000008<=3328.7033333333334,平多
[2024.06.16 09:27:07 - info ] 死叉3327.1<=3327.76,空仓进场
[2024.06.16 09:27:07 - info ] 金叉3322.4799999999996>=3322.146666666665,平空
[2024.06.16 09:27:07 - info ] 死叉3395.84<=3396.2266666666637,空仓进场
[2024.06.16 09:27:07 - info ] 金叉3392.2599999999998>=3391.489999999998,平空
[2024.06.16 09:27:07 - info ] 死叉3389.6200000000003<=3390.9699999999966,空仓进场
[2024.06.16 09:27:07 - info ] 金叉3363.38>=3361.896666666666,平空
[2024.06.16 09:27:07 - info ] 金叉3366.94>=3363.4766666666674,多仓进场
[2024.06.16 09:27:07 - info ] 死叉3356.6<=3358.6233333333344,平多
[2024.06.16 09:27:07 - info ] 金叉3267.62>=3266.086666666664,多仓进场
[2024.06.16 09:27:07 - info ] 死叉3261.0600000000004<=3263.04,平多
[2024.06.16 09:27:07 - info ] 金叉3262.84>=3262.049999999998,多仓进场
[2024.06.16 09:27:07 - info ] 死叉3268.48<=3269.563333333333,平多
[2024.06.16 09:27:07 - info ] 死叉3298.78<=3300.016666666667,空仓进场
[2024.06.16 09:27:07 - info ] 金叉3294.54>=3293.0266666666666,平空
[2024.06.16 09:27:07 - info ] 金叉3295.56>=3291.3000000000015,多仓进场
[2024.06.16 09:27:07 - info ] 死叉3301.7799999999997<=3301.923333333334,平多
[2024.06.16 09:27:07 - info ] 死叉3293.600000000001<=3296.246666666665,空仓进场
[2024.06.16 09:27:07 - info ] 金叉3290.659999999999>=3290.4266666666654,平空
[2024.06.16 09:27:07 - info ] 死叉3374.12<=3374.7799999999984,空仓进场
[2024.06.16 09:27:07 - info ] 金叉3333.96>=3333.8566666666675,平空
[2024.06.16 09:27:07 - info ] 金叉3336.3>=3334.1033333333357,多仓进场
[2024.06.16 09:27:07 - info ] 死叉3330.2400000000002<=3330.476666666667,平多
[2024.06.16 09:27:07 - info ] 死叉3328.62<=3329.926666666667,空仓进场
[2024.06.16 09:27:07 - info ] 金叉3303.4800000000005>=3302.1200000000003,平空
[2024.06.16 09:27:07 - info ] 死叉3332.3600000000006<=3333.0666666666684,空仓进场
[2024.06.16 09:27:07 - info ] 金叉3279.16>=3277.8766666666643,平空
[2024.06.16 09:27:07 - info ] 金叉3284.38>=3279.579999999999,多仓进场
[2024.06.16 09:27:07 - info ] 死叉3277.62<=3278.463333333333,平多
[2024.06.16 09:27:07 - info ] 金叉3230>=3229.3766666666647,多仓进场
[2024.06.16 09:27:07 - info ] 死叉3227<=3227.609999999998,平多
[2024.06.16 09:27:07 - info ] 死叉3225.62<=3226.6833333333343,空仓进场
[2024.06.16 09:27:07 - info ] 金叉3208.3200000000006>=3207.323333333334,平空
[2024.06.16 09:27:07 - info ] 死叉3210.56<=3210.63,空仓进场
[2024.06.16 09:27:07 - info ] 金叉3210.6>=3210.319999999998,平空
[2024.06.16 09:27:07 - info ] 死叉3235.68<=3237.2766666666657,空仓进场
[2024.06.16 09:27:07 - info ] 金叉3211.54>=3210.0066666666653,平空
[2024.06.16 09:27:07 - info ] 死叉3319.5399999999995<=3320.703333333333,空仓进场
[2024.06.16 09:27:07 - info ] 金叉3298.16>=3298.0700000000006,平空
[2024.06.16 09:27:07 - info ] 金叉3301.8599999999997>=3298.6033333333344,多仓进场
[2024.06.16 09:27:07 - info ] 死叉3292.1<=3295.1499999999996,平多
[2024.06.16 09:27:07 - info ] 金叉3290.94>=3289.9333333333334,多仓进场
[2024.06.16 09:27:07 - info ] 死叉3289.5800000000004<=3289.586666666665,平多
[2024.06.16 09:27:07 - info ] 死叉3288.56<=3288.6833333333316,空仓进场
[2024.06.16 09:27:07 - info ] 金叉3150.5199999999995>=3149.4933333333324,平空
[2024.06.16 09:27:07 - info ] 死叉3143.9200000000005<=3145.5299999999993,空仓进场
[2024.06.16 09:27:07 - info ] 金叉3116.1600000000003>=3114.9033333333305,平空
[2024.06.16 09:27:07 - info ] 死叉3120.18<=3121.5433333333326,空仓进场
[2024.06.16 09:27:07 - info ] 金叉3071.7599999999998>=3068.3700000000003,平空
[2024.06.16 09:27:07 - info ] 死叉3270.52<=3271.283333333331,空仓进场
[2024.06.16 09:27:07 - info ] 金叉3206.86>=3205.669999999999,平空
[2024.06.16 09:27:07 - info ] 死叉3195.7400000000002<=3196.7400000000002,空仓进场
[2024.06.16 09:27:07 - info ] 金叉3095.96>=3092.7599999999993,平空
[2024.06.16 09:27:07 - info ] 死叉3187.2400000000002<=3189.406666666665,空仓进场
[2024.06.16 09:27:07 - info ] 金叉3207.9400000000005>=3204.15,平空
[2024.06.16 09:27:07 - info ] 金叉3214.5600000000004>=3208.9866666666658,多仓进场
[2024.06.16 09:27:07 - info ] 死叉3265.7599999999993<=3267.443333333335,平多
[2024.06.16 09:27:07 - info ] 金叉3260.5>=3260.2366666666685,多仓进场
[2024.06.16 09:27:07 - info ] 死叉3242.82<=3243.6833333333316,平多
[2024.06.16 09:27:07 - info ] 金叉3238.84>=3238.7733333333326,多仓进场
[2024.06.16 09:27:07 - info ] 死叉3237.6400000000003<=3237.9133333333352,平多
[2024.06.16 09:27:07 - info ] 死叉3235.6400000000003<=3236.8766666666675,空仓进场
[2024.06.16 09:27:07 - info ] 金叉3181.7799999999997>=3181.1933333333322,平空
[2024.06.16 09:27:07 - info ] 死叉3188.06<=3188.2366666666667,空仓进场
[2024.06.16 09:27:07 - info ] 金叉3195.08>=3194.863333333332,平空
[2024.06.16 09:27:07 - info ] 金叉3216.62>=3215.6533333333346,多仓进场
[2024.06.16 09:27:07 - info ] 死叉3219.44<=3219.530000000002,平多
[2024.06.16 09:27:07 - info ] 死叉3217.8999999999996<=3218.683333333336,空仓进场
[2024.06.16 09:27:07 - info ] 金叉3150.8199999999997>=3150.633333333336,平空
[2024.06.16 09:27:07 - info ] 金叉3151.68>=3150.793333333335,多仓进场
[2024.06.16 09:27:07 - info ] 死叉3146.54<=3146.9266666666695,平多
[2024.06.16 09:27:07 - info ] 金叉3142.8>=3142.6333333333346,多仓进场
[2024.06.16 09:27:07 - info ] 死叉3142.56<=3142.736666666667,平多
[2024.06.16 09:27:07 - info ] 死叉3141.3599999999997<=3142.056666666668,空仓进场
[2024.06.16 09:27:07 - info ] 金叉3141.3200000000006>=3140.9833333333345,平空
[2024.06.16 09:27:07 - info ] 死叉3137.3399999999997<=3137.9433333333336,空仓进场
[2024.06.16 09:27:07 - info ] 金叉3137.0800000000004>=3135.9833333333345,平空
[2024.06.16 09:27:07 - info ] 死叉3172.2599999999998<=3173.409999999999,空仓进场
[2024.06.16 09:27:07 - info ] 金叉3260.04>=3258.4133333333325,平空
[2024.06.16 09:27:07 - info ] 死叉3257.3200000000006<=3258.1266666666643,空仓进场
[2024.06.16 09:27:07 - info ] 金叉3259.62>=3258.2600000000016,平空
[2024.06.16 09:27:07 - info ] 死叉3257.0999999999995<=3257.4866666666653,空仓进场
[2024.06.16 09:27:07 - info ] 金叉3154.2799999999997>=3153.9233333333314,平空
[2024.06.16 09:27:07 - info ] 金叉3164.1>=3164.029999999998,多仓进场
[2024.06.16 09:27:07 - info ] 死叉3160.8599999999997<=3161.3599999999983,平多
[2024.06.16 09:27:07 - info ] 金叉3026.48>=3025.0633333333335,多仓进场
[2024.06.16 09:27:07 - info ] 死叉3002.08<=3003.0199999999986,平多
[2024.06.16 09:27:07 - info ] 金叉3011.0799999999995>=3010.7633333333333,多仓进场
[2024.06.16 09:27:07 - info ] 死叉3012.6600000000003<=3014.0499999999997,平多
[2024.06.16 09:27:07 - info ] 金叉2967.7>=2967.5066666666667,多仓进场
[2024.06.16 09:27:07 - info ] 死叉2967.02<=2968.073333333331,平多
[2024.06.16 09:27:07 - info ] 金叉3048.7799999999993>=3048.193333333331,多仓进场
[2024.06.16 09:27:07 - info ] 死叉3090.36<=3092.660000000001,平多
[2024.06.16 09:27:07 - info ] 死叉3078.92<=3079.0899999999974,空仓进场
[2024.06.16 09:27:07 - info ] 金叉3080.12>=3079.2466666666646,平空
[2024.06.16 09:27:07 - info ] 死叉3082.0800000000004<=3082.539999999999,空仓进场
[2024.06.16 09:27:07 - info ] 金叉3121.96>=3121.8766666666693,平空
[2024.06.16 09:27:07 - info ] 金叉3124.34>=3124.0700000000024,多仓进场
[2024.06.16 09:27:07 - info ] 死叉3125.8399999999997<=3127.1800000000007,平多
[2024.06.16 09:27:07 - info ] 金叉3126.2599999999993>=3125.349999999998,多仓进场
[2024.06.16 09:27:07 - info ] 死叉3184.16<=3184.646666666667,平多
[2024.06.16 09:27:07 - info ] 死叉3185.44<=3186.0999999999995,空仓进场
[2024.06.16 09:27:07 - info ] 金叉3145.44>=3143.280000000003,平空
[2024.06.16 09:27:07 - info ] 金叉3186.5400000000004>=3185.6900000000014,多仓进场
[2024.06.16 09:27:07 - info ] 死叉3196.0199999999995<=3197.5699999999983,平多
[2024.06.16 09:27:07 - info ] 金叉3192.88>=3192.579999999999,多仓进场
[2024.06.16 09:27:07 - info ] 死叉3198.64<=3198.779999999998,平多
[2024.06.16 09:27:07 - info ] 金叉3198.7200000000003>=3198.4900000000007,多仓进场
[2024.06.16 09:27:07 - info ] 死叉3406.3200000000006<=3406.9599999999996,平多
[2024.06.16 09:27:07 - info ] 死叉3404.6<=3405.6866666666688,空仓进场
[2024.06.16 09:27:07 - info ] 金叉3382.16>=3380.1899999999996,平空
[2024.06.16 09:27:07 - info ] 金叉3453.12>=3452.263333333335,多仓进场
[2024.06.16 09:27:07 - info ] 死叉3441.4199999999996<=3442.0366666666687,平多
[2024.06.16 09:27:07 - info ] 金叉3446.0399999999995>=3445.293333333335,多仓进场
[2024.06.16 09:27:07 - info ] 死叉3461.1799999999994<=3461.450000000001,平多
[2024.06.16 09:27:07 - info ] 金叉3458.0199999999995>=3457.4966666666664,多仓进场
[2024.06.16 09:27:07 - info ] 死叉3801.280000000001<=3806.963333333332,平多
[2024.06.16 09:27:07 - info ] 金叉3800.6999999999994>=3800.2833333333347,多仓进场
[2024.06.16 09:27:07 - info ] 死叉3814.6799999999994<=3815.7933333333326,平多
[2024.06.16 09:27:07 - info ] 金叉3823.220000000001>=3821.946666666667,多仓进场
[2024.06.16 09:27:07 - info ] 死叉3819.94<=3820.293333333335,平多
[2024.06.16 09:27:07 - info ] 金叉3817.06>=3815.643333333332,多仓进场
[2024.06.16 09:27:07 - info ] 死叉3814.140000000001<=3816.5133333333347,平多
[2024.06.16 09:27:07 - info ] 死叉3805.78<=3811.6266666666647,空仓进场
[2024.06.16 09:27:07 - info ] 金叉3740.9>=3737.0633333333312,平空
[2024.06.16 09:27:07 - info ] 金叉3732.5>=3730.053333333336,多仓进场
[2024.06.16 09:27:07 - info ] 死叉3729.7399999999993<=3730.9066666666645,平多
[2024.06.16 09:27:07 - info ] 金叉3728.600000000001>=3723.7166666666667,多仓进场
[2024.06.16 09:27:07 - info ] 死叉3738.5800000000004<=3738.7833333333347,平多
[2024.06.16 09:27:07 - info ] 死叉3737.0999999999995<=3738.8000000000025,空仓进场
[2024.06.16 09:27:07 - info ] 金叉3750.9800000000005>=3750.7399999999984,平空
[2024.06.16 09:27:07 - info ] 金叉3755.6400000000003>=3753.153333333333,多仓进场
[2024.06.16 09:27:07 - info ] 死叉3835.88<=3839.610000000002,平多
[2024.06.16 09:27:07 - info ] 金叉3831.12>=3831.009999999997,多仓进场
[2024.06.16 09:27:07 - info ] 死叉3824.44<=3826.2033333333306,平多
[2024.06.16 09:27:07 - info ] 金叉3727.0999999999995>=3726.676666666668,多仓进场
[2024.06.16 09:27:07 - info ] 死叉3729.16<=3729.226666666665,平多
[2024.06.16 09:27:07 - info ] 死叉4074.7<=4076.653333333335,空仓进场
[2024.06.16 09:27:07 - info ] 金叉4069.28>=4067.563333333335,平空
[2024.06.16 09:27:07 - info ] 金叉4068.34>=4067.2966666666644,多仓进场
[2024.06.16 09:27:07 - info ] 死叉4026.8600000000006<=4027.420000000003,平多
[2024.06.16 09:27:07 - info ] 金叉4006.16>=4004.016666666665,多仓进场
[2024.06.16 09:27:07 - info ] 死叉4083.2400000000002<=4083.3999999999987,平多
[2024.06.16 09:27:07 - info ] 死叉4080.6400000000003<=4082.1366666666645,空仓进场
[2024.06.16 09:27:07 - info ] 金叉4080.7799999999997>=4080.5433333333303,平空
[2024.06.16 09:27:07 - info ] 金叉4079.2599999999998>=4077.420000000001,多仓进场
[2024.06.16 09:27:07 - info ] 死叉4076.1799999999994<=4079.436666666669,平多
[2024.06.16 09:27:07 - info ] 金叉4077.3799999999997>=4074.7766666666657,多仓进场
[2024.06.16 09:27:07 - info ] 死叉4082.5200000000004<=4083.2033333333334,平多
[2024.06.16 09:27:07 - info ] 死叉4080.5<=4082.6599999999985,空仓进场
[2024.06.16 09:27:07 - info ] 金叉4029.8399999999992>=4029.0833333333335,平空
[2024.06.16 09:27:07 - info ] 金叉4026.1400000000003>=4024.5366666666646,多仓进场
[2024.06.16 09:27:07 - info ] 死叉4020.7<=4021.770000000001,平多
[2024.06.16 09:27:07 - info ] 金叉3915.1400000000003>=3914.3866666666686,多仓进场
[2024.06.16 09:27:07 - info ] 死叉3918.5800000000004<=3919.1299999999997,平多
[2024.06.16 09:27:07 - info ] 金叉3705.2200000000003>=3704.7366666666644,多仓进场
[2024.06.16 09:27:07 - info ] 死叉3691.7<=3691.7333333333318,平多
[2024.06.16 09:27:07 - info ] 死叉3690.2999999999993<=3691.18,空仓进场
[2024.06.16 09:27:07 - info ] 金叉3700.2999999999993>=3697.8500000000017,平空
[2024.06.16 09:27:07 - info ] 死叉3706.96<=3709.436666666664,空仓进场
[2024.06.16 09:27:07 - info ] 金叉3702.54>=3701.87,平空
[2024.06.16 09:27:07 - info ] 死叉3696.04<=3697.26,空仓进场
[2024.06.16 09:27:07 - info ] 金叉3631.4000000000005>=3621.503333333336,平空
[2024.06.16 09:27:07 - info ] 死叉3684.4<=3685.0466666666666,空仓进场
[2024.06.16 09:27:07 - info ] 金叉3663.8199999999997>=3662.9066666666654,平空
[2024.06.16 09:27:07 - info ] 死叉3658.8200000000006<=3658.94,空仓进场
[2024.06.16 09:27:07 - info ] 金叉3660.8>=3659.439999999999,平空
[2024.06.16 09:27:07 - info ] 死叉3656.7600000000007<=3657.006666666665,空仓进场
[2024.06.16 09:27:07 - info ] 金叉3657.9399999999996>=3657.929999999998,平空
[2024.06.16 09:27:07 - info ] 金叉3662.0999999999995>=3658.926666666665,多仓进场
[2024.06.16 09:27:07 - info ] 死叉3695.4200000000005<=3696.193333333335,平多
[2024.06.16 09:27:07 - info ] 死叉3690.3<=3694.160000000001,空仓进场
[2024.06.16 09:27:07 - info ] 金叉3587.54>=3585.4300000000007,平空
[2024.06.16 09:27:07 - info ] 金叉3568.0800000000004>=3567.6166666666654,多仓进场
[2024.06.16 09:27:07 - info ] 死叉3571.4399999999996<=3572.1333333333346,平多
[2024.06.16 09:27:07 - info ] 死叉3571.1400000000003<=3571.260000000003,空仓进场
[2024.06.16 09:27:07 - info ] 金叉3571.3199999999997>=3571.2933333333353,平空
[2024.06.16 09:27:07 - info ] 死叉3626.94<=3628.0933333333323,空仓进场
[2024.06.16 09:27:07 - info ] 金叉3623.94>=3623.5666666666684,平空
[2024.06.16 09:27:07 - info ] 金叉3625.6399999999994>=3625.0799999999995,多仓进场
[2024.06.16 09:27:07 - info ] 死叉3617.1<=3618.8766666666697,平多
[2024.06.16 09:27:07 - info ] 金叉3612.000000000001>=3610.1866666666656,多仓进场
[2024.06.16 09:27:07 - info ] 死叉3592.28<=3593.0300000000016,平多
[2024.06.16 09:27:07 - info ] 金叉3568.06>=3567.6700000000005,多仓进场
[2024.06.16 09:27:07 - info ] 死叉3685.8199999999997<=3685.910000000002,平多
[2024.06.16 09:27:07 - info ] 死叉3669.7599999999998<=3669.9633333333327,空仓进场
[2024.06.16 09:27:07 - info ] 金叉3664.4000000000005>=3661.62,平空
[2024.06.16 09:27:07 - info ] 死叉3661.1400000000003<=3661.2933333333317,空仓进场
[2024.06.16 09:27:07 - info ] 金叉3653.2599999999998>=3653.0366666666673,平空
[2024.06.16 09:27:07 - info ] 死叉3651.6799999999994<=3651.8566666666684,空仓进场
[2024.06.16 09:27:07 - info ] 金叉3652>=3651.493333333336,平空
[2024.06.16 09:27:07 - info ] 死叉3719.28<=3720.513333333335,空仓进场
[2024.06.16 09:27:07 - info ] 金叉3739.8200000000006>=3736.296666666668,平空
[2024.06.16 09:27:07 - info ] 金叉3814.28>=3813.799999999999,多仓进场
[2024.06.16 09:27:07 - info ] 死叉3808.8200000000006<=3809.3233333333355,平多
[2024.06.16 09:27:07 - info ] 金叉3769.1800000000003>=3768.6100000000024,多仓进场
[2024.06.16 09:27:07 - info ] 死叉3802.5<=3803,平多
[2024.06.16 09:27:07 - info ] 死叉3805.94<=3806.223333333333,空仓进场
[2024.06.16 09:27:07 - info ] 金叉3798.54>=3797.4,平空
[2024.06.16 09:27:07 - info ] 金叉3908.7>=3908.3966666666684,多仓进场
[2024.06.16 09:27:07 - info ] 死叉3907.9200000000005<=3907.980000000003,平多
[2024.06.16 09:27:07 - info ] 死叉3907.1799999999994<=3907.88,空仓进场
[2024.06.16 09:27:07 - info ] 金叉3861.7599999999998>=3860.063333333336,平空
[2024.06.16 09:27:07 - info ] 死叉3859.4199999999996<=3862.6633333333325,空仓进场
[2024.06.16 09:27:07 - info ] 金叉3774.4>=3774.116666666668,平空
[2024.06.16 09:27:07 - info ] 死叉3771.6800000000003<=3772.270000000001,空仓进场
[2024.06.16 09:27:07 - info ] 金叉3771.9>=3771.586666666667,平空
[2024.06.16 09:27:07 - info ] 金叉3776.0799999999995>=3775.250000000001,多仓进场
[2024.06.16 09:27:07 - info ] 死叉3782.12<=3783.6066666666666,平多
[2024.06.16 09:27:07 - info ] 金叉3790.7799999999997>=3787.9200000000014,多仓进场
[2024.06.16 09:27:07 - info ] 死叉3791.6200000000003<=3794.880000000002,平多
[2024.06.16 09:27:07 - info ] 金叉3795.1799999999994>=3793.8966666666665,多仓进场
[2024.06.16 09:27:07 - info ] 死叉3808.8<=3809.6766666666686,平多
[2024.06.16 09:27:07 - info ] 金叉3806.0399999999995>=3805.6633333333357,多仓进场
[2024.06.16 09:27:07 - info ] 死叉3804.1<=3804.146666666667,平多
[2024.06.16 09:27:07 - info ] 死叉3803.96<=3804.7066666666674,空仓进场
[2024.06.16 09:27:07 - info ] 金叉3779.780000000001>=3778.2933333333317,平空
[2024.06.16 09:27:07 - info ] 死叉3795<=3795.206666666668,空仓进场
[2024.06.16 09:27:07 - info ] 金叉3820.9200000000005>=3820.1,平空
[2024.06.16 09:27:07 - info ] 死叉3842.9<=3844.143333333332,空仓进场
[2024.06.16 09:27:07 - info ] 金叉3842.1399999999994>=3842.0866666666684,平空
[2024.06.16 09:27:07 - info ] 死叉3864.1<=3864.493333333333,空仓进场
[2024.06.16 09:27:07 - info ] 金叉3624.4>=3622.513333333336,平空
[2024.06.16 09:27:07 - info ] 死叉3636.2799999999997<=3637.2733333333354,空仓进场
[2024.06.16 09:27:07 - info ] 金叉3630.600000000001>=3629.510000000001,平空
[2024.06.16 09:27:07 - info ] 死叉3651.88<=3652.5166666666646,空仓进场
[2024.06.16 09:27:07 - info ] 金叉3656.5>=3652.103333333335,平空
[2024.06.16 09:27:07 - info ] 死叉3676.54<=3677.05333333333,空仓进场
[2024.06.16 09:27:07 - info ] 金叉3650.9799999999996>=3650.103333333333,平空
[2024.06.16 09:27:07 - info ] 死叉3779<=3779.2666666666682,空仓进场
[2024.06.16 09:27:07 - info ] 金叉3777.6200000000003>=3777.1933333333336,平空
[2024.06.16 09:27:07 - info ] 金叉3775.3>=3775.010000000001,多仓进场
[2024.06.16 09:27:07 - info ] 死叉3775.2400000000002<=3775.596666666669,平多
[2024.06.16 09:27:07 - info ] 金叉3803.78>=3803.306666666666,多仓进场
[2024.06.16 09:27:07 - info ] 死叉3791.2599999999998<=3793.6666666666674,平多
[2024.06.16 09:27:07 - info ] 金叉3802.9600000000005>=3802.0000000000023,多仓进场
[2024.06.16 09:27:07 - info ] 死叉3936.100000000001<=3936.8833333333314,平多
[2024.06.16 09:27:07 - info ] 金叉3937.16>=3936.9300000000017,多仓进场
[2024.06.16 09:27:07 - info ] 死叉3949.5399999999995<=3950.6233333333316,平多
[2024.06.16 09:27:07 - info ] 金叉3942.8799999999997>=3942.0133333333356,多仓进场
[2024.06.16 09:27:07 - info ] 死叉3907.46<=3907.483333333335,平多
[2024.06.16 09:27:07 - info ] 金叉3911.46>=3911.433333333335,多仓进场
[2024.06.16 09:27:07 - info ] 死叉3908.4600000000005<=3909.013333333332,平多
[2024.06.16 09:27:07 - info ] 金叉3910>=3909.890000000002,多仓进场
[2024.06.16 09:27:07 - info ] 死叉3902.2599999999998<=3902.8766666666666,平多
[2024.06.16 09:27:07 - info ] 死叉3883.2799999999997<=3883.8700000000003,空仓进场
[2024.06.16 09:27:07 - info ] 金叉3839.3599999999997>=3838.5133333333315,平空
[2024.06.16 09:27:07 - info ] 金叉3827.46>=3827.1566666666686,多仓进场
[2024.06.16 09:27:07 - info ] 死叉3948.0199999999995<=3948.556666666666,平多
[2024.06.16 09:27:07 - info ] 金叉3939.66>=3939.4033333333355,多仓进场
[2024.06.16 09:27:07 - info ] 死叉3939.2200000000003<=3940.8333333333308,平多
[2024.06.16 09:27:07 - info ] 金叉3930.7>=3930.4566666666665,多仓进场
[2024.06.16 09:27:07 - info ] 死叉3927.0199999999995<=3927.046666666669,平多
[2024.06.16 09:27:07 - info ] 死叉3926.7799999999997<=3927.0433333333326,空仓进场
[2024.06.16 09:27:07 - info ] 金叉3929.38>=3928.74,平空
[2024.06.16 09:27:07 - info ] 金叉3930.1799999999994>=3929.6166666666686,多仓进场
[2024.06.16 09:27:07 - info ] 死叉3860.78<=3860.863333333335,平多
[2024.06.16 09:27:07 - info ] 死叉3859.8<=3859.940000000003,空仓进场
[2024.06.16 09:27:07 - info ] 金叉3861.2799999999997>=3861.0466666666694,平空
[2024.06.16 09:27:07 - info ] 死叉3864.5800000000004<=3864.753333333334,空仓进场
[2024.06.16 09:27:07 - info ] 金叉3860.2400000000002>=3860.1533333333323,平空
[2024.06.16 09:27:07 - info ] 金叉3863.3>=3861.6966666666663,多仓进场
[2024.06.16 09:27:07 - info ] 死叉3867.100000000001<=3867.6199999999985,平多
[2024.06.16 09:27:07 - info ] 金叉3869>=3868.4400000000032,多仓进场
[2024.06.16 09:27:07 - info ] 死叉3868.3399999999992<=3868.6433333333316,平多
[2024.06.16 09:27:07 - info ] 金叉3867.7400000000002>=3867.12,多仓进场
[2024.06.16 09:27:07 - info ] 死叉3865.040000000001<=3865.043333333331,平多
[2024.06.16 09:27:07 - info ] 金叉3859.6400000000003>=3859.056666666667,多仓进场
[2024.06.16 09:27:07 - info ] 死叉3917.38<=3917.516666666668,平多
[2024.06.16 09:27:07 - info ] 金叉3882.4200000000005>=3881.486666666668,多仓进场
[2024.06.16 09:27:07 - info ] 死叉3973.16<=3973.5133333333356,平多
[2024.06.16 09:27:07 - info ] 金叉3973>=3972.993333333337,多仓进场
[2024.06.16 09:27:07 - info ] 死叉3990.62<=3991.230000000001,平多
[2024.06.16 09:27:07 - info ] 金叉3986.8>=3986.219999999999,多仓进场
[2024.06.16 09:27:07 - info ] 死叉3992.9200000000005<=3993.673333333335,平多
[2024.06.16 09:27:07 - info ] 死叉3893.94<=3895.0700000000015,空仓进场
[2024.06.16 09:27:07 - info ] 金叉3893.9>=3893.0966666666654,平空
[2024.06.16 09:27:07 - info ] 死叉3899.7600000000007<=3899.980000000001,空仓进场
[2024.06.16 09:27:07 - info ] 金叉3897.22>=3896.1600000000026,平空
[2024.06.16 09:27:07 - info ] 死叉3896.0600000000004<=3897.1333333333346,空仓进场
[2024.06.16 09:27:07 - info ] 金叉3893.4800000000005>=3892.006666666666,平空
[2024.06.16 09:27:07 - info ] 死叉3937.4199999999996<=3937.6766666666676,空仓进场
[2024.06.16 09:27:07 - info ] 金叉3836.54>=3834.886666666668,平空
[2024.06.16 09:27:07 - info ] 金叉3833.7799999999997>=3832.3566666666698,多仓进场
[2024.06.16 09:27:07 - info ] 死叉3842.0799999999995<=3842.110000000002,平多
[2024.06.16 09:27:07 - info ] 死叉3843.1<=3843.4966666666664,空仓进场
[2024.06.16 09:27:07 - info ] 金叉3843.28>=3843.2533333333354,平空
[2024.06.16 09:27:07 - info ] 金叉3843.72>=3843.6533333333355,多仓进场
[2024.06.16 09:27:07 - info ] 死叉3897.72<=3897.8733333333357,平多
[2024.06.16 09:27:07 - info ] 死叉3897.6<=3897.653333333335,空仓进场
[2024.06.16 09:27:07 - info ] 金叉3896.8799999999997>=3896.7099999999987,平空
[2024.06.16 09:27:07 - info ] 死叉3899.4800000000005<=3900.183333333335,空仓进场
[2024.06.16 09:27:07 - info ] 金叉3901.5399999999995>=3901.496666666665,平空
[2024.06.16 09:27:07 - info ] 死叉3905.04<=3905.1600000000003,空仓进场
[2024.06.16 09:27:07 - info ] 金叉3906.94>=3905.016666666665,平空
[2024.06.16 09:27:07 - info ] 金叉4032.2600000000007>=4032.15,多仓进场
[2024.06.16 09:27:07 - info ] 死叉4044.1400000000003<=4044.3633333333332,平多
[2024.06.16 09:27:07 - info ] 死叉4044.6399999999994<=4044.8033333333324,空仓进场
[2024.06.16 09:27:07 - info ] 金叉3998.56>=3998.556666666664,平空
[2024.06.16 09:27:07 - info ] 金叉4001.4200000000005>=3999.2499999999977,多仓进场
[2024.06.16 09:27:07 - info ] 死叉4046.7<=4047.6966666666676,平多
[2024.06.16 09:27:07 - info ] 金叉4053.499999999999>=4052.5433333333344,多仓进场
[2024.06.16 09:27:07 - info ] 死叉4160.400000000001<=4161.329999999999,平多
[2024.06.16 09:27:07 - info ] 金叉4161.32>=4158.31,多仓进场
[2024.06.16 09:27:07 - info ] 死叉4155.280000000001<=4155.786666666669,平多
[2024.06.16 09:27:07 - info ] 金叉4154.7>=4154.123333333334,多仓进场
[2024.06.16 09:27:07 - info ] 死叉4156.339999999999<=4156.71,平多
[2024.06.16 09:27:07 - info ] 金叉4151.820000000001>=4151.656666666668,多仓进场
[2024.06.16 09:27:07 - info ] 死叉4162.12<=4162.936666666664,平多
[2024.06.16 09:27:07 - info ] 死叉4160.66<=4161.669999999997,空仓进场
[2024.06.16 09:27:07 - info ] 金叉4161.98>=4161.926666666669,平空
[2024.06.16 09:27:07 - info ] 死叉4206.46<=4206.513333333333,空仓进场
[2024.06.16 09:27:07 - info ] 金叉4161.36>=4159.416666666669,平空
[2024.06.16 09:27:07 - info ] 死叉4163.98<=4164.089999999999,空仓进场
[2024.06.16 09:27:07 - info ] 金叉4166.02>=4165.113333333334,平空
[2024.06.16 09:27:07 - info ] 死叉4171.38<=4171.586666666667,空仓进场
[2024.06.16 09:27:07 - info ] 金叉4174.0599999999995>=4172.500000000001,平空
[2024.06.16 09:27:07 - info ] 金叉4177>=4176.486666666667,多仓进场
[2024.06.16 09:27:07 - info ] 死叉4183.4400000000005<=4183.826666666666,平多
[2024.06.16 09:27:07 - info ] 金叉4113.160000000001>=4110.706666666667,多仓进场
[2024.06.16 09:27:07 - info ] 死叉4104<=4105.003333333332,平多
[2024.06.16 09:27:07 - info ] 金叉3674.3600000000006>=3668.7366666666667,多仓进场
[2024.06.16 09:27:07 - info ] 死叉3794.6799999999994<=3794.8500000000013,平多
[2024.06.16 09:27:07 - info ] 金叉3868.5600000000004>=3867.493333333331,多仓进场
[2024.06.16 09:27:07 - info ] 死叉3936.3199999999997<=3936.683333333336,平多
[2024.06.16 09:27:07 - info ] 金叉3940.6800000000003>=3939.7799999999993,多仓进场
[2024.06.16 09:27:07 - info ] 死叉3961.2400000000002<=3961.6266666666666,平多
[2024.06.16 09:27:07 - info ] 金叉3962.06>=3962.0166666666682,多仓进场
[2024.06.16 09:27:07 - info ] 死叉4053.8199999999997<=4054.560000000003,平多
[2024.06.16 09:27:07 - info ] 金叉4053.2599999999998>=4053.22,多仓进场
[2024.06.16 09:27:07 - info ] 死叉4057.78<=4060.340000000001,平多
[2024.06.16 09:27:07 - info ] 金叉4066.5800000000004>=4065.743333333335,多仓进场
[2024.06.16 09:27:07 - info ] 死叉4066.5<=4066.8899999999976,平多
[2024.06.16 09:27:07 - info ] 金叉4066.4800000000005>=4066.3533333333335,多仓进场
[2024.06.16 09:27:07 - info ] 死叉4147.240000000001<=4148.916666666665,平多
[2024.06.16 09:27:07 - info ] 死叉4132.4800000000005<=4133.493333333334,空仓进场
[2024.06.16 09:27:07 - info ] 金叉4104>=4101.100000000002,平空
[2024.06.16 09:27:07 - info ] 死叉4086.8199999999997<=4091.0466666666694,空仓进场
[2024.06.16 09:27:07 - info ] 金叉4091.6>=4090.733333333335,平空
[2024.06.16 09:27:07 - info ] 死叉4097.12<=4097.9366666666665,空仓进场
[2024.06.16 09:27:07 - info ] 金叉4089.9200000000005>=4089.7400000000007,平空
[2024.06.16 09:27:07 - info ] 死叉4085.88<=4086.7800000000007,空仓进场
[2024.06.16 09:27:07 - info ] 金叉3968.7200000000003>=3964.326666666669,平空
[2024.06.16 09:27:07 - info ] 死叉4094.2599999999998<=4094.546666666665,空仓进场
[2024.06.16 09:27:07 - info ] 金叉4078.5399999999995>=4078.093333333336,平空
[2024.06.16 09:27:07 - info ] 死叉4165.82<=4165.84,空仓进场
[2024.06.16 09:27:07 - info ] 金叉3990.88>=3989.6066666666684,平空
[2024.06.16 09:27:07 - info ] 死叉4062.8<=4065.033333333332,空仓进场
[2024.06.16 09:27:07 - info ] 金叉3882.1>=3871.2199999999984,平空
[2024.06.16 09:27:07 - info ] 死叉3834.0800000000004<=3834.606666666665,空仓进场
[2024.06.16 09:27:07 - info ] 金叉3697>=3694.8066666666664,平空
[2024.06.16 09:27:07 - info ] 金叉3703.6>=3699.6733333333336,多仓进场
[2024.06.16 09:27:07 - info ] 死叉3693.4800000000005<=3696.1366666666686,平多
[2024.06.16 09:27:07 - info ] 金叉3667.44>=3665.7666666666637,多仓进场
[2024.06.16 09:27:07 - info ] 死叉3655.4199999999996<=3656.073333333332,平多
[2024.06.16 09:27:07 - info ] 死叉3670.1600000000008<=3671.7333333333327,空仓进场
[2024.06.16 09:27:07 - info ] 金叉3679.78>=3678.77,平空
[2024.06.16 09:27:07 - info ] 死叉3679.6399999999994<=3680.5933333333323,空仓进场
[2024.06.16 09:27:07 - info ] 金叉3708.9>=3704.416666666666,平空
[2024.06.16 09:27:07 - info ] 死叉3774.4799999999996<=3775.843333333331,空仓进场
[2024.06.16 09:27:07 - info ] 金叉3765>=3764.5633333333335,平空
[2024.06.16 09:27:07 - info ] 金叉3782.1400000000003>=3781.213333333331,多仓进场
[2024.06.16 09:27:07 - info ] 死叉3780.16<=3781.3699999999985,平多
[2024.06.16 09:27:07 - info ] 死叉3802.34<=3802.970000000002,空仓进场
[2024.06.16 09:27:07 - info ] 金叉3792.7400000000002>=3791.9666666666676,平空
[2024.06.16 09:27:07 - info ] 死叉3814.7<=3815.329999999999,空仓进场
[2024.06.16 09:27:07 - info ] 金叉3804.3200000000006>=3802.813333333334,平空
[2024.06.16 09:27:07 - info ] 死叉3829.56<=3830.286666666666,空仓进场
[2024.06.16 09:27:07 - info ] 金叉3888.8799999999997>=3888.6400000000012,平空
[2024.06.16 09:27:07 - info ] 死叉3903.5800000000004<=3903.7099999999987,空仓进场
[2024.06.16 09:27:07 - info ] 金叉3907.9399999999996>=3907.633333333336,平空
[2024.06.16 09:27:07 - info ] 金叉3909>=3908.5066666666685,多仓进场
[2024.06.16 09:27:07 - info ] 死叉3964.8599999999997<=3966.680000000003,平多
[2024.06.16 09:27:07 - info ] 金叉3949.4200000000005>=3948.6999999999994,多仓进场
[2024.06.16 09:27:07 - info ] 死叉3931.0800000000004<=3937.663333333331,平多
[2024.06.16 09:27:07 - info ] 死叉3880.7600000000007<=3882.1200000000013,空仓进场
[2024.06.16 09:27:07 - info ] 金叉3816.2600000000007>=3812.476666666668,平空
[2024.06.16 09:27:07 - info ] 金叉3812.8200000000006>=3812.2200000000003,多仓进场
[2024.06.16 09:27:07 - info ] 死叉3967.0799999999995<=3967.543333333332,平多
[2024.06.16 09:27:07 - info ] 金叉3955.38>=3955.246666666669,多仓进场
[2024.06.16 09:27:07 - info ] 死叉3953.28<=3953.6066666666693,平多
[2024.06.16 09:27:07 - info ] 死叉3952.5600000000004<=3952.8466666666673,空仓进场
[2024.06.16 09:27:07 - info ] 金叉3951.5200000000004>=3951.266666666665,平空
[2024.06.16 09:27:07 - info ] 死叉3949.9199999999996<=3950.3266666666677,空仓进场
[2024.06.16 09:27:07 - info ] 金叉3953.2>=3951.3733333333357,平空
[2024.06.16 09:27:07 - info ] 金叉4003.1200000000013>=4000.386666666666,多仓进场
[2024.06.16 09:27:07 - info ] 死叉4010.66<=4011.1199999999985,平多
[2024.06.16 09:27:07 - info ] 金叉4010.500000000001>=4010.3633333333346,多仓进场
[2024.06.16 09:27:07 - info ] 死叉4009.5<=4009.803333333331,平多
[2024.06.16 09:27:07 - info ] 死叉4007.6400000000003<=4008.5366666666687,空仓进场
[2024.06.16 09:27:07 - info ] 金叉4007.9000000000005>=4007.170000000001,平空
[2024.06.16 09:27:07 - info ] 死叉4006.7200000000003<=4007.566666666666,空仓进场
[2024.06.16 09:27:07 - info ] 金叉3965.06>=3964.899999999999,平空
[2024.06.16 09:27:07 - info ] 死叉3972.7599999999998<=3974.416666666666,空仓进场
[2024.06.16 09:27:07 - info ] 金叉3967.499999999999>=3963.3933333333325,平空
[2024.06.16 09:27:07 - info ] 金叉3995.96>=3994.8633333333305,多仓进场
[2024.06.16 09:27:07 - info ] 死叉4025.1800000000003<=4025.269999999999,平多
[2024.06.16 09:27:07 - info ] 金叉4027.0200000000004>=4025.9366666666688,多仓进场
[2024.06.16 09:27:07 - info ] 死叉4063.8399999999992<=4065.150000000001,平多
[2024.06.16 09:27:07 - info ] 死叉4092.6399999999994<=4092.6633333333316,空仓进场
[2024.06.16 09:27:07 - info ] 金叉4074.54>=4070.7466666666674,平空
[2024.06.16 09:27:07 - info ] 金叉4737.06>=4736.800000000002,多仓进场
[2024.06.16 09:27:07 - info ] 死叉4802.34<=4802.549999999997,平多
[2024.06.16 09:27:07 - info ] 死叉4798.039999999999<=4801.713333333333,空仓进场
[2024.06.16 09:27:07 - info ] 金叉4784.200000000001>=4781.899999999998,平空
[2024.06.16 09:27:07 - info ] 死叉4822<=4825.789999999997,空仓进场
[2024.06.16 09:27:07 - info ] 金叉4800.759999999999>=4795.916666666666,平空
[2024.06.16 09:27:07 - info ] 死叉4786.06<=4786.986666666668,空仓进场
[2024.06.16 09:27:07 - info ] 金叉4529.16>=4529.139999999999,平空
[2024.06.16 09:27:07 - info ] 死叉4646.84<=4647.186666666667,空仓进场
[2024.06.16 09:27:07 - info ] 金叉4655.280000000001>=4654.3200000000015,平空
[2024.06.16 09:27:07 - info ] 死叉4703.08<=4705.163333333333,空仓进场
[2024.06.16 09:27:07 - info ] 金叉4673.9400000000005>=4672.13,平空
[2024.06.16 09:27:07 - info ] 死叉4663.360000000001<=4667.630000000002,空仓进场
[2024.06.16 09:27:07 - info ] 金叉4498.6>=4496.8066666666655,平空
[2024.06.16 09:27:07 - info ] 金叉4513.72>=4509.376666666664,多仓进场
[2024.06.16 09:27:07 - info ] 死叉4515.18<=4516.646666666666,平多
[2024.06.16 09:27:07 - info ] 金叉4535.12>=4529.033333333331,多仓进场
[2024.06.16 09:27:07 - info ] 死叉4648.719999999999<=4650.633333333332,平多
[2024.06.16 09:27:07 - info ] 金叉4663.24>=4658.026666666668,多仓进场
[2024.06.16 09:27:07 - info ] 死叉4659.18<=4659.799999999999,平多
[2024.06.16 09:27:07 - info ] 金叉4658.3>=4657.886666666666,多仓进场
[2024.06.16 09:27:07 - info ] 死叉4747.539999999999<=4750.729999999997,平多
[2024.06.16 09:27:07 - info ] 死叉4739.92<=4740.666666666666,空仓进场
[2024.06.16 09:27:07 - info ] 金叉4738.9>=4738.643333333331,平空
[2024.06.16 09:27:07 - info ] 金叉4714.9400000000005>=4711.3966666666665,多仓进场
[2024.06.16 09:27:07 - info ] 死叉4697.76<=4700.943333333332,平多
[2024.06.16 09:27:07 - info ] 金叉4685.92>=4683.99,多仓进场
[2024.06.16 09:27:07 - info ] 死叉4735.88<=4738.596666666664,平多
[2024.06.16 09:27:07 - info ] 金叉4611.74>=4610.210000000001,多仓进场
[2024.06.16 09:27:07 - info ] 死叉4807.7<=4808.443333333334,平多
[2024.06.16 09:27:07 - info ] 金叉4815.179999999999>=4814.8899999999985,多仓进场
[2024.06.16 09:27:07 - info ] 死叉4812.4800000000005<=4812.596666666667,平多
[2024.06.16 09:27:07 - info ] 金叉4664.300000000001>=4662.709999999998,多仓进场
[2024.06.16 09:27:07 - info ] 死叉4716.88<=4716.903333333334,平多
[2024.06.16 09:27:07 - info ] 金叉4721.0599999999995>=4718.366666666666,多仓进场
[2024.06.16 09:27:07 - info ] 死叉4740.5599999999995<=4741.2166666666635,平多
[2024.06.16 09:27:07 - info ] 金叉4686.959999999999>=4686.473333333336,多仓进场
[2024.06.16 09:27:07 - info ] 死叉4847.0199999999995<=4848.583333333334,平多
[2024.06.16 09:27:07 - info ] 金叉4809.9>=4806.966666666669,多仓进场
[2024.06.16 09:27:07 - info ] 死叉4812.4<=4814.679999999999,平多
[2024.06.16 09:27:07 - info ] 金叉4817.999999999998>=4814.873333333332,多仓进场
[2024.06.16 09:27:07 - info ] 死叉4814.679999999999<=4817.5333333333365,平多
[2024.06.16 09:27:07 - info ] 金叉4743.660000000001>=4742.883333333334,多仓进场
[2024.06.16 09:27:07 - info ] 死叉4735.82<=4735.863333333334,平多
[2024.06.16 09:27:07 - info ] 死叉4731.9400000000005<=4735.536666666667,空仓进场
[2024.06.16 09:27:07 - info ] 金叉4676.62>=4674.61,平空
[2024.06.16 09:27:07 - info ] 死叉4656.960000000001<=4661.563333333333,空仓进场
[2024.06.16 09:27:07 - info ] 金叉4602.56>=4601.973333333333,平空
[2024.06.16 09:27:07 - info ] 金叉4605.4800000000005>=4603.493333333333,多仓进场
[2024.06.16 09:27:07 - info ] 死叉4602.74<=4605.403333333335,平多
[2024.06.16 09:27:07 - info ] 金叉4591.320000000001>=4590.423333333335,多仓进场
[2024.06.16 09:27:07 - info ] 死叉4623.039999999999<=4623.126666666666,平多
[2024.06.16 09:27:07 - info ] 金叉4629.02>=4628.246666666665,多仓进场
[2024.06.16 09:27:07 - info ] 死叉4662.400000000001<=4663.1466666666665,平多
[2024.06.16 09:27:07 - info ] 死叉4664.9800000000005<=4666.29,空仓进场
[2024.06.16 09:27:07 - info ] 金叉4633.0199999999995>=4631.166666666667,平空
[2024.06.16 09:27:07 - info ] 死叉4625.08<=4625.713333333334,空仓进场
[2024.06.16 09:27:07 - info ] 金叉4624.4400000000005>=4623.883333333334,平空
[2024.06.16 09:27:07 - info ] 金叉4675.14>=4675.100000000001,多仓进场
[2024.06.16 09:27:07 - info ] 死叉4672.04<=4672.846666666666,平多
[2024.06.16 09:27:07 - info ] 死叉4668.9<=4671.0733333333355,空仓进场
[2024.06.16 09:27:07 - info ] 金叉4556.280000000001>=4555.950000000001,平空
[2024.06.16 09:27:07 - info ] 金叉4557.36>=4555.9,多仓进场
[2024.06.16 09:27:07 - info ] 死叉4574.32<=4575.59,平多
[2024.06.16 09:27:07 - info ] 金叉4580.5599999999995>=4580.1033333333335,多仓进场
[2024.06.16 09:27:07 - info ] 死叉4598.38<=4600.92,平多
[2024.06.16 09:27:07 - info ] 金叉4607.000000000001>=4600.496666666667,多仓进场
[2024.06.16 09:27:07 - info ] 死叉4809.539999999999<=4810.816666666668,平多
[2024.06.16 09:27:07 - info ] 死叉4805.099999999999<=4806.003333333333,空仓进场
[2024.06.16 09:27:07 - info ] 金叉4784.76>=4784.009999999999,平空
[2024.06.16 09:27:07 - info ] 死叉4780.619999999999<=4783.279999999999,空仓进场
[2024.06.16 09:27:07 - info ] 金叉4736.159999999999>=4735.843333333333,平空
[2024.06.16 09:27:07 - info ] 死叉4745.5599999999995<=4746.28,空仓进场
[2024.06.16 09:27:07 - info ] 金叉4748.0599999999995>=4747.503333333332,平空
[2024.06.16 09:27:07 - info ] 金叉4751.48>=4748.683333333333,多仓进场
[2024.06.16 09:27:07 - info ] 死叉4744.08<=4745.006666666668,平多
[2024.06.16 09:27:07 - info ] 金叉4735.420000000001>=4735.319999999998,多仓进场
[2024.06.16 09:27:07 - info ] 死叉4753.219999999999<=4754.849999999999,平多
[2024.06.16 09:27:07 - info ] 死叉4668.26<=4668.7733333333335,空仓进场
[2024.06.16 09:27:07 - info ] 金叉4665.960000000001>=4665.956666666667,平空
[2024.06.16 09:27:07 - info ] 死叉4700.219999999999<=4702.466666666668,空仓进场
[2024.06.16 09:27:07 - info ] 金叉4701.76>=4701.729999999999,平空
[2024.06.16 09:27:07 - info ] 金叉4703.86>=4703.486666666664,多仓进场
[2024.06.16 09:27:08 - info ] 死叉4847.180000000001<=4848.026666666668,平多
[2024.06.16 09:27:08 - info ] 金叉4847.9800000000005>=4846.849999999997,多仓进场
[2024.06.16 09:27:08 - info ] 死叉4957.28<=4958.353333333334,平多
[2024.06.16 09:27:08 - info ] 金叉4833.9400000000005>=4830.989999999999,多仓进场
[2024.06.16 09:27:08 - info ] 死叉4863.78<=4864.3600000000015,平多
[2024.06.16 09:27:08 - info ] 金叉4872.08>=4868.729999999998,多仓进场
[2024.06.16 09:27:08 - info ] 死叉4877.300000000001<=4879.513333333333,平多
[2024.06.16 09:27:08 - info ] 金叉4884.88>=4883.353333333333,多仓进场
[2024.06.16 09:27:08 - info ] 死叉4979.08<=4981.183333333336,平多
[2024.06.16 09:27:08 - info ] 死叉4974.780000000001<=4975.129999999999,空仓进场
[2024.06.16 09:27:08 - info ] 金叉5012.74>=5010.790000000002,平空
[2024.06.16 09:27:08 - info ] 死叉5056.8600000000015<=5057.493333333332,空仓进场
[2024.06.16 09:27:08 - info ] 金叉5059.4>=5059.093333333332,平空
[2024.06.16 09:27:08 - info ] 金叉5060.98>=5059.356666666665,多仓进场
[2024.06.16 09:27:08 - info ] 死叉5052.960000000001<=5053.130000000002,平多
[2024.06.16 09:27:08 - info ] 金叉5049.219999999999>=5047.559999999997,多仓进场
[2024.06.16 09:27:08 - info ] 死叉5044.4800000000005<=5045.789999999997,平多
[2024.06.16 09:27:08 - info ] 死叉5040.9800000000005<=5042.603333333333,空仓进场
[2024.06.16 09:27:08 - info ] 金叉5034.46>=5033.353333333334,平空
[2024.06.16 09:27:08 - info ] 金叉5029.219999999999>=5029.1933333333345,多仓进场
[2024.06.16 09:27:08 - info ] 死叉5027.140000000001<=5027.603333333336,平多
[2024.06.16 09:27:08 - info ] 死叉4947.4400000000005<=4948.296666666668,空仓进场
[2024.06.16 09:27:08 - info ] 金叉4900.860000000001>=4899.569999999999,平空
[2024.06.16 09:27:08 - info ] 死叉4910.4400000000005<=4911.936666666665,空仓进场
[2024.06.16 09:27:08 - info ] 金叉4915.5599999999995>=4915.020000000002,平空
[2024.06.16 09:27:08 - info ] 死叉4914.9800000000005<=4915.8,空仓进场
[2024.06.16 09:27:08 - info ] 金叉5003.159999999999>=4999.090000000003,平空
[2024.06.16 09:27:08 - info ] 死叉5031.42<=5033.119999999998,空仓进场
[2024.06.16 09:27:08 - info ] 金叉5006.24>=5005.416666666669,平空
[2024.06.16 09:27:08 - info ] 死叉4989.5<=4990.166666666667,空仓进场
[2024.06.16 09:27:08 - info ] 金叉4995.62>=4993.99,平空
[2024.06.16 09:27:08 - info ] 死叉5057.340000000001<=5057.606666666664,空仓进场
[2024.06.16 09:27:08 - info ] 金叉5063.620000000001>=5061.656666666664,平空
[2024.06.16 09:27:08 - info ] 死叉5062.040000000001<=5062.149999999999,空仓进场
[2024.06.16 09:27:08 - info ] 金叉5071.18>=5069.213333333331,平空
[2024.06.16 09:27:08 - info ] 死叉5068.7<=5069.3833333333305,空仓进场
[2024.06.16 09:27:08 - info ] 金叉5480.64>=5479.680000000005,平空
[2024.06.16 09:27:08 - info ] 金叉5482.92>=5481.243333333337,多仓进场
[2024.06.16 09:27:08 - info ] 死叉5574.360000000001<=5578.736666666663,平多
[2024.06.16 09:27:08 - info ] 金叉5463.58>=5461.713333333333,多仓进场
[2024.06.16 09:27:08 - info ] 死叉5459.360000000001<=5461.52666666667,平多
[2024.06.16 09:27:08 - info ] 金叉5461.9>=5458.423333333329,多仓进场
[2024.06.16 09:27:08 - info ] 死叉5495.26<=5495.773333333329,平多
[2024.06.16 09:27:08 - info ] 死叉5493.7<=5495.003333333336,空仓进场
[2024.06.16 09:27:08 - info ] 金叉5467.08>=5464.723333333328,平空
[2024.06.16 09:27:08 - info ] 死叉5460.9800000000005<=5461.2400000000025,空仓进场
[2024.06.16 09:27:08 - info ] 金叉5449.4>=5449.1066666666675,平空
[2024.06.16 09:27:08 - info ] 死叉5531.28<=5531.813333333335,空仓进场
[2024.06.16 09:27:08 - info ] 金叉5527.04>=5526.9433333333345,平空
[2024.06.16 09:27:08 - info ] 金叉5528.92>=5527.433333333333,多仓进场
[2024.06.16 09:27:08 - info ] 死叉5562.3<=5562.963333333336,平多
[2024.06.16 09:27:08 - info ] 死叉5559.42<=5559.916666666667,空仓进场
[2024.06.16 09:27:08 - info ] 金叉5490.74>=5490.043333333335,平空
[2024.06.16 09:27:08 - info ] 死叉5386<=5386.616666666667,空仓进场
[2024.06.16 09:27:08 - info ] 金叉5360.58>=5359.276666666667,平空
[2024.06.16 09:27:08 - info ] 金叉5364.7>=5361.016666666669,多仓进场
[2024.06.16 09:27:08 - info ] 死叉5356.339999999999<=5356.53,平多
[2024.06.16 09:27:08 - info ] 金叉5356.9>=5356.306666666671,多仓进场
[2024.06.16 09:27:08 - info ] 死叉5467.8<=5468.170000000004,平多
[2024.06.16 09:27:08 - info ] 金叉5448.5199999999995>=5446.850000000002,多仓进场
[2024.06.16 09:27:08 - info ] 死叉5484.960000000001<=5486.39,平多
[2024.06.16 09:27:08 - info ] 金叉5500.24>=5496.003333333329,多仓进场
[2024.06.16 09:27:08 - info ] 死叉5787.339999999999<=5790.373333333338,平多
[2024.06.16 09:27:08 - info ] 金叉5726.96>=5725.973333333332,多仓进场
[2024.06.16 09:27:08 - info ] 死叉5709.82<=5714.36,平多
[2024.06.16 09:27:08 - info ] 死叉5608.6799999999985<=5609.513333333331,空仓进场
[2024.06.16 09:27:08 - info ] 金叉5474.26>=5469.263333333334,平空
[2024.06.16 09:27:08 - info ] 死叉5374.62<=5377.420000000004,空仓进场
[2024.06.16 09:27:08 - info ] 金叉5350.139999999999>=5345.3966666666665,平空
[2024.06.16 09:27:08 - info ] 死叉5372.639999999999<=5374.089999999998,空仓进场
[2024.06.16 09:27:08 - info ] 金叉5248>=5246.976666666664,平空
[2024.06.16 09:27:08 - info ] 死叉5241.74<=5244.006666666664,空仓进场
[2024.06.16 09:27:08 - info ] 金叉5240.280000000001>=5239.5599999999995,平空
[2024.06.16 09:27:08 - info ] 金叉5246.120000000001>=5241.36,多仓进场
[2024.06.16 09:27:08 - info ] 死叉5239.139999999999<=5247.630000000001,平多
[2024.06.16 09:27:08 - info ] 金叉5031.159999999999>=5028.713333333333,多仓进场
[2024.06.16 09:27:08 - info ] 死叉5026.04<=5026.053333333331,平多
[2024.06.16 09:27:08 - info ] 死叉5022.900000000001<=5024.270000000001,空仓进场
[2024.06.16 09:27:08 - info ] 金叉5016.38>=5015.7800000000025,平空
[2024.06.16 09:27:08 - info ] 金叉5024.08>=5019.2,多仓进场
[2024.06.16 09:27:08 - info ] 死叉5091.68<=5094.46333333333,平多
[2024.06.16 09:27:08 - info ] 金叉5093.22>=5092.353333333331,多仓进场
[2024.06.16 09:27:08 - info ] 死叉5098.74<=5100.043333333336,平多
[2024.06.16 09:27:08 - info ] 金叉5037.0599999999995>=5035.750000000002,多仓进场
[2024.06.16 09:27:08 - info ] 死叉5043.66<=5046.21333333333,平多
[2024.06.16 09:27:08 - info ] 死叉5057.620000000001<=5058.170000000001,空仓进场
[2024.06.16 09:27:08 - info ] 金叉4976.960000000001>=4971.286666666664,平空
[2024.06.16 09:27:08 - info ] 死叉4987.859999999999<=4989.019999999998,空仓进场
[2024.06.16 09:27:08 - info ] 金叉4968.360000000001>=4966.123333333337,平空
[2024.06.16 09:27:08 - info ] 金叉4969.700000000001>=4968.03,多仓进场
[2024.06.16 09:27:08 - info ] 死叉4959.82<=4961.123333333332,平多
[2024.06.16 09:27:08 - info ] 金叉4921.4800000000005>=4919.673333333331,多仓进场
[2024.06.16 09:27:08 - info ] 死叉4913.719999999999<=4913.796666666663,平多
[2024.06.16 09:27:08 - info ] 死叉4912.6<=4913.216666666668,空仓进场
[2024.06.16 09:27:08 - info ] 金叉4913.26>=4913.046666666664,平空
[2024.06.16 09:27:08 - info ] 死叉5023.1<=5023.8799999999965,空仓进场
[2024.06.16 09:27:08 - info ] 金叉5026.76>=5025.719999999999,平空
[2024.06.16 09:27:08 - info ] 金叉5009.78>=5008.06,多仓进场
[2024.06.16 09:27:08 - info ] 死叉5123.22<=5124.713333333332,平多
[2024.06.16 09:27:08 - info ] 金叉5066.76>=5065.869999999999,多仓进场
[2024.06.16 09:27:08 - info ] 死叉4961.599999999999<=4964.616666666669,平多
[2024.06.16 09:27:08 - info ] 金叉4965.179999999999>=4963.113333333333,多仓进场
[2024.06.16 09:27:08 - info ] 死叉4971.32<=4973.7800000000025,平多
[2024.06.16 09:27:08 - info ] 金叉4938.679999999999>=4938.196666666665,多仓进场
[2024.06.16 09:27:08 - info ] 死叉4924.419999999999<=4925.769999999999,平多
[2024.06.16 09:27:08 - info ] 死叉4918.5<=4923.656666666665,空仓进场
[2024.06.16 09:27:08 - info ] 金叉4923.08>=4921.14,平空
[2024.06.16 09:27:08 - info ] 死叉5074.38<=5074.960000000002,空仓进场
[2024.06.16 09:27:08 - info ] 金叉5068.9>=5068.506666666669,平空
[2024.06.16 09:27:08 - info ] 死叉5060.48<=5060.543333333333,空仓进场
[2024.06.16 09:27:08 - info ] 金叉5060.340000000001>=5058.606666666666,平空
[2024.06.16 09:27:08 - info ] 死叉5122.159999999999<=5124.389999999998,空仓进场
[2024.06.16 09:27:08 - info ] 金叉5066.6>=5065.339999999997,平空
[2024.06.16 09:27:08 - info ] 死叉5059.0199999999995<=5059.759999999999,空仓进场
[2024.06.16 09:27:08 - info ] 金叉4963.04>=4962.670000000001,平空
[2024.06.16 09:27:08 - info ] 死叉5004.64<=5004.813333333333,空仓进场
[2024.06.16 09:27:08 - info ] 金叉5013.58>=5013.323333333331,平空
[2024.06.16 09:27:08 - info ] 死叉5012.8<=5014.286666666669,空仓进场
[2024.06.16 09:27:08 - info ] 金叉4989.12>=4988.210000000001,平空
[2024.06.16 09:27:08 - info ] 金叉5157.000000000001>=5156.786666666669,多仓进场
[2024.06.16 09:27:08 - info ] 死叉5152.76<=5154.316666666665,平多
[2024.06.16 09:27:08 - info ] 金叉5151.84>=5150.750000000001,多仓进场
[2024.06.16 09:27:08 - info ] 死叉5152.719999999999<=5154.25666666667,平多
[2024.06.16 09:27:08 - info ] 死叉5160.319999999999<=5161.706666666668,空仓进场
[2024.06.16 09:27:08 - info ] 金叉5112.34>=5111.456666666664,平空
[2024.06.16 09:27:08 - info ] 金叉5317.44>=5316.656666666666,多仓进场
[2024.06.16 09:27:08 - info ] 死叉5317.38<=5318.373333333332,平多
[2024.06.16 09:27:08 - info ] 金叉5323.4>=5316.9766666666665,多仓进场
[2024.06.16 09:27:08 - info ] 死叉5316.92<=5318.116666666666,平多
[2024.06.16 09:27:08 - info ] 金叉5319.76>=5318.433333333336,多仓进场
[2024.06.16 09:27:08 - info ] 死叉5323.0199999999995<=5325.249999999998,平多
[2024.06.16 09:27:08 - info ] 金叉5295.54>=5294.8866666666645,多仓进场
[2024.06.16 09:27:08 - info ] 死叉5299.58<=5300.373333333336,平多
[2024.06.16 09:27:08 - info ] 死叉5293.34<=5295.689999999999,空仓进场
[2024.06.16 09:27:08 - info ] 金叉5277.92>=5275.84333333333,平空
[2024.06.16 09:27:08 - info ] 死叉5273.04<=5274.749999999998,空仓进场
[2024.06.16 09:27:08 - info ] 金叉5259.12>=5257.6466666666665,平空
[2024.06.16 09:27:08 - info ] 死叉5254.78<=5256.990000000001,空仓进场
[2024.06.16 09:27:08 - info ] 金叉5252.0599999999995>=5251.150000000003,平空
[2024.06.16 09:27:08 - info ] 金叉5253.159999999999>=5252.879999999999,多仓进场
[2024.06.16 09:27:08 - info ] 死叉5250.040000000001<=5251.666666666667,平多
[2024.06.16 09:27:08 - info ] 金叉5222.76>=5222.596666666664,多仓进场
[2024.06.16 09:27:08 - info ] 死叉5090.46<=5090.506666666668,平多
[2024.06.16 09:27:08 - info ] 死叉5091.26<=5092.5633333333335,空仓进场
[2024.06.16 09:27:08 - info ] 金叉5070.9400000000005>=5069.713333333336,平空
[2024.06.16 09:27:08 - info ] 死叉5061.499999999999<=5063.3966666666665,空仓进场
[2024.06.16 09:27:08 - info ] 金叉5062.24>=5059.150000000003,平空
[2024.06.16 09:27:08 - info ] 死叉5053.839999999999<=5054.393333333331,空仓进场
[2024.06.16 09:27:08 - info ] 金叉5057.5199999999995>=5055.1333333333305,平空
[2024.06.16 09:27:08 - info ] 死叉5061.000000000001<=5062.4500000000035,空仓进场
[2024.06.16 09:27:08 - info ] 金叉5067.699999999999>=5066.766666666665,平空
[2024.06.16 09:27:08 - info ] 死叉5110.92<=5112.540000000003,空仓进场
[2024.06.16 09:27:08 - info ] 金叉5115.64>=5114.660000000003,平空
[2024.06.16 09:27:08 - info ] 金叉5117.24>=5116.103333333332,多仓进场
[2024.06.16 09:27:08 - info ] 死叉5188<=5188.953333333333,平多
[2024.06.16 09:27:08 - info ] 金叉5184.86>=5184.383333333336,多仓进场
[2024.06.16 09:27:08 - info ] 死叉5176.299999999999<=5180.69666666667,平多
[2024.06.16 09:27:08 - info ] 金叉5049.7>=5049.073333333335,多仓进场
[2024.06.16 09:27:08 - info ] 死叉5105.72<=5106.2699999999995,平多
[2024.06.16 09:27:08 - info ] 金叉5051.3>=5051.166666666667,多仓进场
[2024.06.16 09:27:08 - info ] 死叉5125.02<=5126.303333333333,平多
[2024.06.16 09:27:08 - info ] 死叉5122.280000000001<=5124.293333333331,空仓进场
[2024.06.16 09:27:08 - info ] 金叉5123.58>=5123.056666666669,平空
[2024.06.16 09:27:08 - info ] 死叉5081.32<=5081.77,空仓进场
[2024.06.16 09:27:08 - info ] 金叉5087.160000000001>=5084.896666666665,平空
[2024.06.16 09:27:08 - info ] 死叉5109.6<=5110.369999999998,空仓进场
[2024.06.16 09:27:08 - info ] 金叉5069.86>=5068.230000000001,平空
[2024.06.16 09:27:08 - info ] 金叉5082.26>=5081.023333333332,多仓进场
[2024.06.16 09:27:08 - info ] 死叉5129.28<=5129.743333333335,平多
[2024.06.16 09:27:08 - info ] 死叉5127.82<=5128.106666666664,空仓进场
[2024.06.16 09:27:08 - info ] 金叉4773.4400000000005>=4773.003333333332,平空
[2024.06.16 09:27:08 - info ] 死叉4756.8<=4758.623333333334,空仓进场
[2024.06.16 09:27:08 - info ] 金叉4764.839999999999>=4764.729999999999,平空
[2024.06.16 09:27:08 - info ] 金叉4772.9400000000005>=4768.2,多仓进场
[2024.06.16 09:27:08 - info ] 死叉4918.78<=4918.850000000001,平多
[2024.06.16 09:27:08 - info ] 金叉4927.24>=4926.970000000001,多仓进场
[2024.06.16 09:27:08 - info ] 死叉4920.86<=4922.3033333333315,平多
[2024.06.16 09:27:08 - info ] 金叉4922.5599999999995>=4922.400000000002,多仓进场
[2024.06.16 09:27:08 - info ] 死叉4921.480000000001<=4921.6200000000035,平多
[2024.06.16 09:27:08 - info ] 金叉4883.58>=4882.090000000001,多仓进场
[2024.06.16 09:27:08 - info ] 死叉4933.3<=4935.053333333335,平多
[2024.06.16 09:27:08 - info ] 金叉4947.62>=4942.620000000002,多仓进场
[2024.06.16 09:27:08 - info ] 死叉4907.02<=4909.2400000000025,平多
[2024.06.16 09:27:08 - info ] 金叉4833.74>=4829.4433333333345,多仓进场
[2024.06.16 09:27:08 - info ] 死叉4833.4800000000005<=4835.936666666667,平多
[2024.06.16 09:27:08 - info ] 金叉4736.2>=4734.850000000003,多仓进场
[2024.06.16 09:27:08 - info ] 死叉4847.2<=4847.656666666664,平多
[2024.06.16 09:27:08 - info ] 死叉4845.0199999999995<=4846.920000000001,空仓进场
[2024.06.16 09:27:08 - info ] 金叉4847.299999999999>=4846.54,平空
[2024.06.16 09:27:08 - info ] 死叉4844.860000000001<=4845.339999999999,空仓进场
[2024.06.16 09:27:08 - info ] 金叉4797.5>=4793.850000000002,平空
[2024.06.16 09:27:08 - info ] 金叉4751.280000000001>=4750.506666666665,多仓进场
[2024.06.16 09:27:08 - info ] 死叉4847.339999999999<=4848.333333333332,平多
[2024.06.16 09:27:08 - info ] 金叉4850.48>=4849.026666666668,多仓进场
[2024.06.16 09:27:08 - info ] 死叉4848.54<=4849.469999999998,平多
[2024.06.16 09:27:08 - info ] 金叉4912.14>=4911.796666666665,多仓进场
[2024.06.16 09:27:08 - info ] 死叉4971.16<=4971.3600000000015,平多
[2024.06.16 09:27:08 - info ] 金叉4947.460000000001>=4947.319999999999,多仓进场
[2024.06.16 09:27:08 - info ] 死叉4974.78<=4975.613333333333,平多
[2024.06.16 09:27:08 - info ] 金叉4823.46>=4821.216666666664,多仓进场
[2024.06.16 09:27:08 - info ] 死叉4815.400000000001<=4818.500000000001,平多
[2024.06.16 09:27:08 - info ] 金叉4818.1>=4815.473333333332,多仓进场
[2024.06.16 09:27:08 - info ] 死叉4831.9800000000005<=4832.633333333333,平多
[2024.06.16 09:27:08 - info ] 金叉4836.5199999999995>=4835.9733333333315,多仓进场
[2024.06.16 09:27:08 - info ] 死叉4862.82<=4864.243333333333,平多
[2024.06.16 09:27:08 - info ] 金叉4877.42>=4873.630000000001,多仓进场
[2024.06.16 09:27:08 - info ] 死叉4874.02<=4878.446666666666,平多
[2024.06.16 09:27:08 - info ] 金叉4880.319999999999>=4879.106666666665,多仓进场
[2024.06.16 09:27:08 - info ] 死叉4879.699999999999<=4879.946666666666,平多
[2024.06.16 09:27:08 - info ] 死叉4878.519999999999<=4878.896666666664,空仓进场
[2024.06.16 09:27:08 - info ] 金叉4883.619999999999>=4881.536666666667,平空
[2024.06.16 09:27:08 - info ] 死叉4883.360000000001<=4884.033333333335,空仓进场
[2024.06.16 09:27:08 - info ] 金叉4855.36>=4854.8200000000015,平空
[2024.06.16 09:27:08 - info ] 金叉4862.5599999999995>=4861.859999999998,多仓进场
[2024.06.16 09:27:08 - info ] 死叉4860.7<=4862.343333333332,平多
[2024.06.16 09:27:08 - info ] 死叉4858.139999999999<=4859.446666666669,空仓进场
[2024.06.16 09:27:08 - info ] 金叉4869.08>=4863.5599999999995,平空
[2024.06.16 09:27:08 - info ] 死叉4950.9400000000005<=4951.463333333332,空仓进场
[2024.06.16 09:27:08 - info ] 金叉4883.320000000001>=4883.290000000003,平空
[2024.06.16 09:27:08 - info ] 死叉4916.18<=4917.219999999998,空仓进场
[2024.06.16 09:27:08 - info ] 金叉4915.300000000001>=4913.860000000003,平空
[2024.06.16 09:27:08 - info ] 死叉4893.42<=4894.880000000003,空仓进场
[2024.06.16 09:27:08 - info ] 金叉4901.1>=4900.719999999999,平空
[2024.06.16 09:27:08 - info ] 死叉4899.360000000001<=4899.530000000001,空仓进场
[2024.06.16 09:27:08 - info ] 金叉4894.9>=4893.900000000001,平空
[2024.06.16 09:27:08 - info ] 死叉4898.959999999999<=4899.066666666668,空仓进场
[2024.06.16 09:27:08 - info ] 金叉4899.58>=4899.046666666665,平空
[2024.06.16 09:27:08 - info ] 金叉4953.620000000001>=4952.709999999997,多仓进场
[2024.06.16 09:27:08 - info ] 死叉4965.679999999999<=4966.206666666665,平多
[2024.06.16 09:27:08 - info ] 金叉4875.94>=4875.543333333334,多仓进场
[2024.06.16 09:27:08 - info ] 死叉4873.8<=4874.060000000001,平多
[2024.06.16 09:27:08 - info ] 金叉4871.219999999999>=4870.496666666669,多仓进场
[2024.06.16 09:27:08 - info ] 死叉4882.24<=4883.126666666668,平多
[2024.06.16 09:27:08 - info ] 金叉4888.14>=4887.806666666667,多仓进场
[2024.06.16 09:27:08 - info ] 死叉4892.54<=4892.8033333333315,平多
[2024.06.16 09:27:08 - info ] 金叉4892.539999999999>=4891.653333333332,多仓进场
[2024.06.16 09:27:08 - info ] 死叉4894.68<=4897.649999999998,平多
[2024.06.16 09:27:08 - info ] 金叉4833.959999999999>=4833.660000000002,多仓进场
[2024.06.16 09:27:08 - info ] 死叉4867.38<=4867.873333333335,平多
[2024.06.16 09:27:08 - info ] 金叉4856.960000000001>=4855.169999999998,多仓进场
[2024.06.16 09:27:08 - info ] 死叉4848.74<=4849.156666666664,平多
[2024.06.16 09:27:08 - info ] 死叉4848.3<=4849.9733333333315,空仓进场
[2024.06.16 09:27:08 - info ] 金叉4846.86>=4845.633333333335,平空
[2024.06.16 09:27:08 - info ] 死叉4841.8<=4841.903333333334,空仓进场
[2024.06.16 09:27:08 - info ] 金叉4798.379999999999>=4796.053333333334,平空
[2024.06.16 09:27:08 - info ] 金叉4886.78>=4885.5633333333335,多仓进场
[2024.06.16 09:27:08 - info ] 死叉4886.719999999999<=4887.853333333335,平多
[2024.06.16 09:27:08 - info ] 金叉4887.5>=4886.643333333336,多仓进场
[2024.06.16 09:27:08 - info ] 死叉4886.900000000001<=4887.333333333331,平多
[2024.06.16 09:27:08 - info ] 死叉4884.92<=4886.136666666666,空仓进场
[2024.06.16 09:27:08 - info ] 金叉4887.0599999999995>=4886.993333333335,平空
[2024.06.16 09:27:08 - info ] 死叉4896.780000000001<=4897.3600000000015,空仓进场
[2024.06.16 09:27:08 - info ] 金叉4839.26>=4837.850000000001,平空
[2024.06.16 09:27:08 - info ] 金叉4846.4400000000005>=4843.04,多仓进场
[2024.06.16 09:27:08 - info ] 死叉4908.6<=4909.9,平多
[2024.06.16 09:27:08 - info ] 死叉4910.86<=4912.199999999999,空仓进场
[2024.06.16 09:27:08 - info ] 金叉4848.88>=4848.526666666668,平空
[2024.06.16 09:27:08 - info ] 金叉4850.66>=4849.956666666666,多仓进场
[2024.06.16 09:27:08 - info ] 死叉4845.54<=4847.720000000002,平多
[2024.06.16 09:27:08 - info ] 死叉4859.1<=4859.376666666664,空仓进场
[2024.06.16 09:27:08 - info ] 金叉4859.84>=4859.649999999998,平空
[2024.06.16 09:27:08 - info ] 死叉4914.66<=4915.650000000003,空仓进场
[2024.06.16 09:27:08 - info ] 金叉4912.8>=4912.513333333333,平空
[2024.06.16 09:27:08 - info ] 金叉4917.4800000000005>=4916.439999999999,多仓进场
[2024.06.16 09:27:08 - info ] 死叉5080.280000000001<=5081.113333333329,平多
[2024.06.16 09:27:08 - info ] 金叉5077.16>=5072.979999999997,多仓进场
[2024.06.16 09:27:08 - info ] 死叉5099.86<=5102.28333333333,平多
[2024.06.16 09:27:08 - info ] 金叉5019.16>=5018.696666666666,多仓进场
[2024.06.16 09:27:08 - info ] 死叉4925.82<=4925.880000000003,平多
[2024.06.16 09:27:08 - info ] 死叉4924.74<=4925.440000000002,空仓进场
[2024.06.16 09:27:08 - info ] 金叉4932.18>=4931.833333333331,平空
[2024.06.16 09:27:08 - info ] 死叉4940.92<=4942.006666666667,空仓进场
[2024.06.16 09:27:08 - info ] 金叉4941.5>=4941.063333333331,平空
[2024.06.16 09:27:08 - info ] 金叉4945.099999999999>=4942.85,多仓进场
[2024.06.16 09:27:08 - info ] 死叉4946.740000000001<=4947.2699999999995,平多
[2024.06.16 09:27:08 - info ] 金叉4922.4>=4921.033333333335,多仓进场
[2024.06.16 09:27:08 - info ] 死叉4902.699999999999<=4904.01,平多
[2024.06.16 09:27:08 - info ] 死叉4901.219999999999<=4902.786666666669,空仓进场
[2024.06.16 09:27:08 - info ] 金叉4907.98>=4907.8166666666675,平空
[2024.06.16 09:27:08 - info ] 死叉4910.66<=4910.726666666669,空仓进场
[2024.06.16 09:27:08 - info ] 金叉4840.1>=4838.369999999997,平空
[2024.06.16 09:27:08 - info ] 死叉4839.88<=4841.1,空仓进场
[2024.06.16 09:27:08 - info ] 金叉4825.14>=4823.506666666668,平空
[2024.06.16 09:27:08 - info ] 金叉4828.06>=4826.019999999999,多仓进场
[2024.06.16 09:27:08 - info ] 死叉4837.66<=4837.929999999999,平多
[2024.06.16 09:27:08 - info ] 金叉4751.379999999999>=4748.673333333336,多仓进场
[2024.06.16 09:27:08 - info ] 死叉4796.52<=4796.843333333335,平多
[2024.06.16 09:27:08 - info ] 死叉4794.38<=4795.966666666668,空仓进场
[2024.06.16 09:27:08 - info ] 金叉4711.84>=4710.066666666665,平空
[2024.06.16 09:27:08 - info ] 死叉4707.0199999999995<=4708.313333333334,空仓进场
[2024.06.16 09:27:08 - info ] 金叉4615.039999999999>=4613.366666666665,平空
[2024.06.16 09:27:08 - info ] 金叉4620.96>=4619.229999999998,多仓进场
[2024.06.16 09:27:08 - info ] 死叉4632<=4632.353333333332,平多
[2024.06.16 09:27:08 - info ] 金叉4631.24>=4631.13,多仓进场
[2024.06.16 09:27:08 - info ] 死叉4628.22<=4631.236666666667,平多
[2024.06.16 09:27:08 - info ] 金叉4568.3>=4565.843333333334,多仓进场
[2024.06.16 09:27:08 - info ] 死叉4611.5<=4611.6433333333325,平多
[2024.06.16 09:27:08 - info ] 死叉4627.08<=4627.366666666667,空仓进场
[2024.06.16 09:27:08 - info ] 金叉4627.1>=4625.779999999998,平空
[2024.06.16 09:27:08 - info ] 金叉4559.56>=4558.563333333336,多仓进场
[2024.06.16 09:27:08 - info ] 死叉4569.92<=4570.743333333332,平多
[2024.06.16 09:27:08 - info ] 死叉4596.38<=4597.246666666668,空仓进场
[2024.06.16 09:27:08 - info ] 金叉4579.9400000000005>=4578.9400000000005,平空
[2024.06.16 09:27:08 - info ] 死叉4568.74<=4570.536666666664,空仓进场
[2024.06.16 09:27:08 - info ] 金叉4226.38>=4223.256666666668,平空
[2024.06.16 09:27:08 - info ] 死叉4266.879999999999<=4269.98,空仓进场
[2024.06.16 09:27:08 - info ] 金叉4241.3>=4231.966666666668,平空
[2024.06.16 09:27:08 - info ] 死叉4223.3<=4225.866666666669,空仓进场
[2024.06.16 09:27:08 - info ] 金叉4036.6>=4022.2833333333315,平空
[2024.06.16 09:27:08 - info ] 死叉4227.82<=4228.053333333333,空仓进场
[2024.06.16 09:27:08 - info ] 金叉4214.92>=4214.71333333333,平空
[2024.06.16 09:27:08 - info ] 死叉4218.3<=4219.233333333334,空仓进场
[2024.06.16 09:27:08 - info ] 金叉4220.42>=4219.590000000001,平空
[2024.06.16 09:27:08 - info ] 金叉4232.5599999999995>=4231.503333333332,多仓进场
[2024.06.16 09:27:08 - info ] Strategy has been scheduled 72624 times, totally taking 254883 us, 3.510 us each time
[2024.06.16 09:27:08 - debug] Notify strategy the end of backtest
