[2024.07.04 19:56:34 - info ] 向下突破3333.8<=3367.8,空仓进场
[2024.07.04 19:56:34 - info ] 向上突破3245.2>=3245.2,空仓出场
[2024.07.04 19:56:34 - info ] 向上突破3245.2>=3245.2,多仓进场
[2024.07.04 19:56:34 - info ] 向下突破3245.2<=3245.2,多仓出场
[2024.07.04 19:56:34 - info ] 向上突破3245.2>=3245.2,多仓进场
[2024.07.04 19:56:34 - info ] 向下突破3245.2<=3245.2,多仓出场
[2024.07.04 19:56:34 - info ] 向上突破3245.2>=3245.2,多仓进场
[2024.07.04 19:56:34 - info ] 向下突破3245.2<=3245.2,多仓出场
[2024.07.04 19:56:34 - info ] 向上突破3245.2>=3245.2,多仓进场
[2024.07.04 19:56:34 - info ] 向下突破3245.2<=3245.2,多仓出场
[2024.07.04 19:56:34 - info ] 向上突破3245.2>=3245.2,多仓进场
[2024.07.04 19:56:34 - info ] 向下突破3245.2<=3245.2,多仓出场
[2024.07.04 19:56:34 - info ] 向上突破3245.2>=3245.2,多仓进场
[2024.07.04 19:56:34 - info ] 向下突破3245.2<=3245.2,多仓出场
[2024.07.04 19:56:34 - info ] 向上突破3371>=3320.4,多仓进场
[2024.07.04 19:56:34 - info ] 向下突破3211<=3211.8799999999997,多仓出场
[2024.07.04 19:56:34 - info ] 向下突破3148<=3150.44,空仓进场
[2024.07.04 19:56:34 - info ] 向上突破3094.8>=3084.92,空仓出场
[2024.07.04 19:56:34 - info ] 向上突破2874>=2872.32,多仓进场
[2024.07.04 19:56:35 - info ] 向下突破2814<=2838.8,多仓出场
[2024.07.04 19:56:35 - info ] 向上突破3024.6>=3023.4,多仓进场
[2024.07.04 19:56:35 - info ] 向下突破3011.4<=3011.56,多仓出场
[2024.07.04 19:56:35 - info ] 向下突破3005<=3005.04,空仓进场
[2024.07.04 19:56:35 - info ] 向上突破3029.2>=3028.56,空仓出场
[2024.07.04 19:56:35 - info ] 向下突破3008.8<=3024.88,空仓进场
[2024.07.04 19:56:35 - info ] 向上突破3054.8>=3044.84,空仓出场
[2024.07.04 19:56:35 - info ] 向下突破2983<=3000.32,空仓进场
[2024.07.04 19:56:35 - info ] 向上突破3048>=3045.4,空仓出场
[2024.07.04 19:56:35 - info ] 向下突破3179.8<=3180.2400000000002,空仓进场
[2024.07.04 19:56:35 - info ] 向上突破3196.4>=3189.6,空仓出场
[2024.07.04 19:56:35 - info ] 向下突破3107.2<=3108.76,空仓进场
[2024.07.04 19:56:36 - info ] 向上突破3167>=3163.36,空仓出场
[2024.07.04 19:56:36 - info ] 向上突破3147>=3145.32,多仓进场
[2024.07.04 19:56:36 - info ] 向下突破3130.4<=3131.2799999999997,多仓出场
[2024.07.04 19:56:36 - info ] 向下突破3112<=3112.56,空仓进场
[2024.07.04 19:56:36 - info ] 向上突破3135>=3134.0800000000004,空仓出场
[2024.07.04 19:56:36 - info ] 向上突破3143.8>=3142.04,多仓进场
[2024.07.04 19:56:36 - info ] 向下突破3111.4<=3120.12,多仓出场
[2024.07.04 19:56:36 - info ] 向上突破3133.4>=3133.08,多仓进场
[2024.07.04 19:56:36 - info ] 向下突破3030.2<=3032.2400000000002,多仓出场
[2024.07.04 19:56:36 - info ] 向下突破3022<=3022.32,空仓进场
[2024.07.04 19:56:36 - info ] 向上突破3094.4>=3091,空仓出场
[2024.07.04 19:56:36 - info ] 向下突破3035<=3045.4,空仓进场
[2024.07.04 19:56:36 - info ] 向上突破3098.8>=3089.6800000000003,空仓出场
[2024.07.04 19:56:36 - info ] 向上突破3064.4>=3051.6,多仓进场
[2024.07.04 19:56:36 - info ] 向下突破3005.2<=3013.8399999999997,多仓出场
[2024.07.04 19:56:36 - info ] 向上突破3115>=3112.56,多仓进场
[2024.07.04 19:56:36 - info ] 向下突破2732.4<=3057.8,多仓出场
[2024.07.04 19:56:36 - info ] 向上突破3142.4>=3142.2799999999997,多仓进场
[2024.07.04 19:56:36 - info ] 向下突破3138<=3138.2,多仓出场
[2024.07.04 19:56:36 - info ] 向上突破3155>=3153.88,多仓进场
[2024.07.04 19:56:37 - info ] 向下突破3144.2<=3152.36,多仓出场
[2024.07.04 19:56:37 - info ] 向下突破3103.4<=3104.48,空仓进场
[2024.07.04 19:56:37 - info ] 向上突破3048.8>=3040.52,空仓出场
[2024.07.04 19:56:37 - info ] 向上突破3095.6>=3090.08,多仓进场
[2024.07.04 19:56:37 - info ] 向下突破2971<=2984.7200000000003,多仓出场
[2024.07.04 19:56:37 - info ] 向上突破3131>=3124.56,多仓进场
[2024.07.04 19:56:37 - info ] 向下突破3156<=3159.96,多仓出场
[2024.07.04 19:56:37 - info ] 向下突破3171.2<=3172.88,空仓进场
[2024.07.04 19:56:37 - info ] 向上突破3187.8>=3187.28,空仓出场
[2024.07.04 19:56:37 - info ] 向上突破3198>=3192.08,多仓进场
[2024.07.04 19:56:37 - info ] 向下突破3230<=3231.6,多仓出场
[2024.07.04 19:56:37 - info ] 向下突破3241.8<=3247.3199999999997,空仓进场
[2024.07.04 19:56:37 - info ] 向上突破3249.4>=3247.12,空仓出场
[2024.07.04 19:56:37 - info ] 向上突破3212.4>=3210.6000000000004,多仓进场
[2024.07.04 19:56:37 - info ] 向下突破3173.2<=3196.7200000000003,多仓出场
[2024.07.04 19:56:37 - info ] 向下突破3170.2<=3171.32,空仓进场
[2024.07.04 19:56:38 - info ] 向上突破3180.8>=3179,空仓出场
[2024.07.04 19:56:38 - info ] 向下突破3153<=3154.64,空仓进场
[2024.07.04 19:56:38 - info ] 向上突破3242.8>=3242.28,空仓出场
[2024.07.04 19:56:38 - info ] 向上突破3263.8>=3250.0800000000004,多仓进场
[2024.07.04 19:56:38 - info ] 向下突破3346<=3353.16,多仓出场
[2024.07.04 19:56:38 - info ] 向上突破3338>=3337.2400000000002,多仓进场
[2024.07.04 19:56:38 - info ] 向下突破3283.2<=3284.72,多仓出场
[2024.07.04 19:56:38 - info ] 向上突破3205>=3202,多仓进场
[2024.07.04 19:56:38 - info ] 向下突破3192<=3193.96,多仓出场
[2024.07.04 19:56:38 - info ] 向上突破3223.6>=3207.7200000000003,多仓进场
[2024.07.04 19:56:38 - info ] 向下突破3229.2<=3235.96,多仓出场
[2024.07.04 19:56:38 - info ] 向上突破3218.6>=3218.44,多仓进场
[2024.07.04 19:56:39 - info ] 向下突破3213.2<=3214.12,多仓出场
[2024.07.04 19:56:39 - info ] 向上突破3235.4>=3232.56,多仓进场
[2024.07.04 19:56:39 - info ] 向下突破3213.6<=3234.8,多仓出场
[2024.07.04 19:56:39 - info ] 向下突破3280.2<=3285.04,空仓进场
[2024.07.04 19:56:39 - info ] 向上突破3307>=3298.08,空仓出场
[2024.07.04 19:56:39 - info ] 向上突破3295.4>=3292.4,多仓进场
[2024.07.04 19:56:39 - info ] 向下突破3273.4<=3273.56,多仓出场
[2024.07.04 19:56:39 - info ] 向下突破3281<=3283.44,空仓进场
[2024.07.04 19:56:39 - info ] 向上突破3289.4>=3288.44,空仓出场
[2024.07.04 19:56:39 - info ] 向上突破3318.8>=3318.36,多仓进场
[2024.07.04 19:56:39 - info ] 向下突破3324.4<=3325.1600000000003,多仓出场
[2024.07.04 19:56:39 - info ] 向上突破3327.2>=3321.6800000000003,多仓进场
[2024.07.04 19:56:39 - info ] 向下突破3292<=3309.24,多仓出场
[2024.07.04 19:56:39 - info ] 向上突破3333.6>=3333.44,多仓进场
[2024.07.04 19:56:39 - info ] 向下突破3382<=3390,多仓出场
[2024.07.04 19:56:39 - info ] 向下突破3396<=3399.0799999999995,空仓进场
[2024.07.04 19:56:40 - info ] 向上突破3580>=3577.4799999999996,空仓出场
[2024.07.04 19:56:40 - info ] 向上突破3476.6>=3473.36,多仓进场
[2024.07.04 19:56:40 - info ] 向下突破3446<=3449.28,多仓出场
[2024.07.04 19:56:40 - info ] 向下突破3449.6<=3451.04,空仓进场
[2024.07.04 19:56:40 - info ] 向上突破3298.2>=3296.3199999999997,空仓出场
[2024.07.04 19:56:40 - info ] 向下突破3270.2<=3270.56,空仓进场
[2024.07.04 19:56:40 - info ] 向上突破3306.8>=3304.68,空仓出场
[2024.07.04 19:56:40 - info ] 向上突破3304.4>=3299.84,多仓进场
[2024.07.04 19:56:40 - info ] 向下突破3327.6<=3329.08,多仓出场
[2024.07.04 19:56:40 - info ] 向下突破3286.4<=3289.4399999999996,空仓进场
[2024.07.04 19:56:41 - info ] 向上突破3363>=3361.56,空仓出场
[2024.07.04 19:56:41 - info ] 向上突破3382>=3379.28,多仓进场
[2024.07.04 19:56:41 - info ] 向下突破3370<=3381.2400000000002,多仓出场
[2024.07.04 19:56:41 - info ] 向上突破3368.6>=3367.7200000000003,多仓进场
[2024.07.04 19:56:41 - info ] 向下突破3457.2<=3457.2,多仓出场
[2024.07.04 19:56:41 - info ] 向上突破3467.6>=3466.32,多仓进场
[2024.07.04 19:56:41 - info ] 向下突破3441<=3441.88,多仓出场
[2024.07.04 19:56:41 - info ] 向上突破3428.6>=3427.2799999999997,多仓进场
[2024.07.04 19:56:41 - info ] 向下突破3395.6<=3395.6000000000004,多仓出场
[2024.07.04 19:56:41 - info ] 向上突破3469>=3442.52,多仓进场
[2024.07.04 19:56:42 - info ] 向下突破3446<=3446.08,多仓出场
[2024.07.04 19:56:42 - info ] 向上突破3499>=3493.64,多仓进场
[2024.07.04 19:56:42 - info ] 向下突破3499<=3499.84,多仓出场
[2024.07.04 19:56:42 - info ] 向下突破3491.6<=3545.2,空仓进场
[2024.07.04 19:56:42 - info ] 向上突破3445.6>=3442.2400000000002,空仓出场
[2024.07.04 19:56:42 - info ] 向下突破3426<=3430.12,空仓进场
[2024.07.04 19:56:42 - info ] 向上突破3424.6>=3424.1600000000003,空仓出场
[2024.07.04 19:56:42 - info ] 向下突破3400.8<=3405.56,空仓进场
[2024.07.04 19:56:42 - info ] 向上突破3414.4>=3412.8,空仓出场
[2024.07.04 19:56:42 - info ] 向下突破3334.2<=3335.5600000000004,空仓进场
[2024.07.04 19:56:42 - info ] 向上突破3388.8>=3384.8799999999997,空仓出场
[2024.07.04 19:56:42 - info ] 向下突破3377.2<=3377.84,空仓进场
[2024.07.04 19:56:42 - info ] 向上突破3394.2>=3382.48,空仓出场
[2024.07.04 19:56:43 - info ] 向上突破3513.6>=3511.88,多仓进场
[2024.07.04 19:56:43 - info ] 向下突破3515.2<=3516.56,多仓出场
[2024.07.04 19:56:43 - info ] 向下突破3521.4<=3532.36,空仓进场
[2024.07.04 19:56:43 - info ] 向上突破3648.8>=3646.76,空仓出场
[2024.07.04 19:56:43 - info ] 向上突破3641.8>=3641.7999999999997,多仓进场
[2024.07.04 19:56:43 - info ] 向下突破3613.2<=3616.52,多仓出场
[2024.07.04 19:56:43 - info ] 向上突破3639.6>=3637.7999999999997,多仓进场
[2024.07.04 19:56:43 - info ] 向下突破3625<=3637.7200000000003,多仓出场
[2024.07.04 19:56:43 - info ] 向下突破3643.4<=3665.2,空仓进场
[2024.07.04 19:56:44 - info ] 向上突破3761.4>=3760.84,空仓出场
[2024.07.04 19:56:44 - info ] 向下突破3661.2<=3666.4799999999996,空仓进场
[2024.07.04 19:56:44 - info ] 向上突破3736.4>=3733.6800000000003,空仓出场
[2024.07.04 19:56:44 - info ] 向下突破3711.2<=3712.44,空仓进场
[2024.07.04 19:56:45 - info ] 向上突破3858>=3857.6,空仓出场
[2024.07.04 19:56:45 - info ] 向上突破3845>=3839.5200000000004,多仓进场
[2024.07.04 19:56:45 - info ] 向下突破3802.6<=3806.44,多仓出场
[2024.07.04 19:56:45 - info ] 向上突破3933.8>=3917.3199999999997,多仓进场
[2024.07.04 19:56:45 - info ] 向下突破3919.2<=3919.96,多仓出场
[2024.07.04 19:56:45 - info ] 向上突破3930.6>=3929.28,多仓进场
[2024.07.04 19:56:46 - info ] 向下突破4076<=4086.0400000000004,多仓出场
[2024.07.04 19:56:46 - info ] 向下突破4061.2<=4069.72,空仓进场
[2024.07.04 19:56:46 - info ] 向上突破3992.4>=3990.76,空仓出场
[2024.07.04 19:56:46 - info ] 向上突破4010>=4008.52,多仓进场
[2024.07.04 19:56:47 - info ] 向下突破4296.8<=4299.360000000001,多仓出场
[2024.07.04 19:56:47 - info ] 向下突破4204.4<=4209.84,空仓进场
[2024.07.04 19:56:47 - info ] 向上突破3914.8>=3913.36,空仓出场
[2024.07.04 19:56:47 - info ] 向下突破4026.8<=4027.44,空仓进场
[2024.07.04 19:56:48 - info ] 向上突破4084.4>=4082.9599999999996,空仓出场
[2024.07.04 19:56:48 - info ] 向上突破4071>=4064.1600000000003,多仓进场
[2024.07.04 19:56:48 - info ] 向下突破4050<=4051.88,多仓出场
[2024.07.04 19:56:48 - info ] 向下突破3829<=3854.2799999999997,空仓进场
[2024.07.04 19:56:48 - info ] 向上突破3907.4>=3897.92,空仓出场
[2024.07.04 19:56:49 - info ] 向上突破3764.4>=3762.44,多仓进场
[2024.07.04 19:56:49 - info ] 向下突破3807.6<=3809.36,多仓出场
[2024.07.04 19:56:49 - info ] 向下突破3791.6<=3795.96,空仓进场
[2024.07.04 19:56:49 - info ] 向上突破3855>=3848.56,空仓出场
[2024.07.04 19:56:49 - info ] 向下突破3874.2<=3876.08,空仓进场
[2024.07.04 19:56:49 - info ] 向上突破3919>=3906.8799999999997,空仓出场
[2024.07.04 19:56:49 - info ] 向下突破3902.2<=3908.5600000000004,空仓进场
[2024.07.04 19:56:49 - info ] 向上突破3920.6>=3919.84,空仓出场
[2024.07.04 19:56:49 - info ] 向上突破3852.8>=3847.84,多仓进场
[2024.07.04 19:56:50 - info ] 向下突破3535.8<=3538.96,多仓出场
[2024.07.04 19:56:50 - info ] 向上突破3423.6>=3422.04,多仓进场
[2024.07.04 19:56:50 - info ] 向下突破3473.2<=3475.28,多仓出场
[2024.07.04 19:56:50 - info ] 向下突破3480<=3482.68,空仓进场
[2024.07.04 19:56:50 - info ] 向上突破3546.8>=3529.5199999999995,空仓出场
[2024.07.04 19:56:50 - info ] 向上突破3529.8>=3528.64,多仓进场
[2024.07.04 19:56:51 - info ] 向下突破3295.2<=3299.68,多仓出场
[2024.07.04 19:56:51 - info ] 向上突破3394.6>=3389.480000000001,多仓进场
[2024.07.04 19:56:51 - info ] 向下突破3215<=3215.2799999999997,多仓出场
[2024.07.04 19:56:51 - info ] 向上突破3216.8>=3215.6400000000003,多仓进场
[2024.07.04 19:56:52 - info ] 向下突破3125.6<=3137.3199999999997,多仓出场
[2024.07.04 19:56:52 - info ] 向上突破3215.8>=3212.52,多仓进场
[2024.07.04 19:56:52 - info ] 向下突破3252.2<=3252.56,多仓出场
[2024.07.04 19:56:53 - info ] 向上突破3173.2>=3170.400000000001,多仓进场
[2024.07.04 19:56:53 - info ] 向下突破2987.6<=2995.4,多仓出场
[2024.07.04 19:56:53 - info ] 向上突破3003.8>=2998.36,多仓进场
[2024.07.04 19:56:53 - info ] 向下突破3070<=3070.52,多仓出场
[2024.07.04 19:56:53 - info ] 向上突破3087.2>=3082.84,多仓进场
[2024.07.04 19:56:53 - info ] 向下突破3124.2<=3125.2799999999997,多仓出场
[2024.07.04 19:56:53 - info ] 向上突破3147.8>=3144.7599999999998,多仓进场
[2024.07.04 19:56:54 - info ] 向下突破3786.8<=3799.52,多仓出场
[2024.07.04 19:56:54 - info ] 向下突破3835<=3838.2,空仓进场
[2024.07.04 19:56:54 - info ] 向上突破3759.2>=3746.12,空仓出场
[2024.07.04 19:56:55 - info ] 向上突破4023.6>=4013.4,多仓进场
[2024.07.04 19:56:55 - info ] 向下突破4076<=4076.2400000000002,多仓出场
[2024.07.04 19:56:55 - info ] 向上突破4140.6>=4115.4,多仓进场
[2024.07.04 19:56:55 - info ] 向下突破3894.4<=3895,多仓出场
[2024.07.04 19:56:55 - info ] 向上突破3808.2>=3795.4,多仓进场
[2024.07.04 19:56:55 - info ] 向下突破3639.4<=3639.4,多仓出场
[2024.07.04 19:56:55 - info ] 向上突破3710>=3708.0800000000004,多仓进场
[2024.07.04 19:56:55 - info ] 向下突破3577.8<=3578.96,多仓出场
[2024.07.04 19:56:55 - info ] 向下突破3573.6<=3575.7599999999998,空仓进场
[2024.07.04 19:56:55 - info ] 向上突破3594>=3589,空仓出场
[2024.07.04 19:56:55 - info ] 向下突破3543.4<=3553.2,空仓进场
[2024.07.04 19:56:55 - info ] 向上突破3580.2>=3572.96,空仓出场
[2024.07.04 19:56:56 - info ] 向上突破3655>=3651.7999999999997,多仓进场
[2024.07.04 19:56:56 - info ] 向下突破3567<=3568.24,多仓出场
[2024.07.04 19:56:56 - info ] 向下突破3658.4<=3662.0800000000004,空仓进场
[2024.07.04 19:56:56 - info ] 向上突破3782>=3776.12,空仓出场
[2024.07.04 19:56:56 - info ] 向上突破3797.6>=3791.2400000000002,多仓进场
[2024.07.04 19:56:56 - info ] 向下突破3873.2<=3889.6800000000003,多仓出场
[2024.07.04 19:56:56 - info ] 向下突破3827.2<=3841.2000000000003,空仓进场
[2024.07.04 19:56:56 - info ] 向上突破3811>=3804.6,空仓出场
[2024.07.04 19:56:56 - info ] 向上突破3804>=3795.1600000000003,多仓进场
[2024.07.04 19:56:56 - info ] 向下突破3739.2<=3765.7599999999998,多仓出场
[2024.07.04 19:56:56 - info ] 向下突破3774.2<=3781.2400000000002,空仓进场
[2024.07.04 19:56:56 - info ] 向上突破3804.4>=3802.8399999999997,空仓出场
[2024.07.04 19:56:56 - info ] 向上突破3799.8>=3796.5200000000004,多仓进场
[2024.07.04 19:56:56 - info ] 向下突破3765<=3784.92,多仓出场
[2024.07.04 19:56:56 - info ] 向上突破3817.8>=3805.0399999999995,多仓进场
[2024.07.04 19:56:57 - info ] 向下突破3767.6<=3768.7200000000003,多仓出场
[2024.07.04 19:56:57 - info ] 向上突破3807>=3790.6400000000003,多仓进场
[2024.07.04 19:56:58 - info ] 向下突破3783<=3785.48,多仓出场
[2024.07.04 19:56:58 - info ] 向上突破3821.8>=3816.84,多仓进场
[2024.07.04 19:56:58 - info ] 向下突破3838<=3840.04,多仓出场
[2024.07.04 19:56:58 - info ] 向下突破3955.2<=3965.8799999999997,空仓进场
[2024.07.04 19:56:58 - info ] 向上突破3879.6>=3878.36,空仓出场
[2024.07.04 19:56:58 - info ] 向上突破3889.6>=3888.8,多仓进场
[2024.07.04 19:56:59 - info ] 向下突破3906.8<=3908.8,多仓出场
[2024.07.04 19:56:59 - info ] 向下突破3879<=3890.56,空仓进场
[2024.07.04 19:56:59 - info ] 向上突破3884.4>=3883.6,空仓出场
[2024.07.04 19:56:59 - info ] 向上突破3998>=3983.3999999999996,多仓进场
[2024.07.04 19:56:59 - info ] 向下突破3984.4<=3985.7200000000003,多仓出场
[2024.07.04 19:56:59 - info ] 向上突破3952.8>=3951.9199999999996,多仓进场
[2024.07.04 19:56:59 - info ] 向下突破3847.8<=3850.8799999999997,多仓出场
[2024.07.04 19:56:59 - info ] 向上突破3945.2>=3938.2799999999997,多仓进场
[2024.07.04 19:56:59 - info ] 向下突破4048<=4048.2000000000003,多仓出场
[2024.07.04 19:57:00 - info ] 向上突破4008.6>=4007.44,多仓进场
[2024.07.04 19:57:00 - info ] 向下突破3990.2<=3991.6800000000003,多仓出场
[2024.07.04 19:57:00 - info ] 向上突破4116.2>=4115.64,多仓进场
[2024.07.04 19:57:00 - info ] 向下突破4084.8<=4092.7600000000007,多仓出场
[2024.07.04 19:57:00 - info ] 向上突破3729.6>=3711.7200000000003,多仓进场
[2024.07.04 19:57:01 - info ] 向下突破4108<=4109.64,多仓出场
[2024.07.04 19:57:01 - info ] 向上突破4017.4>=4011.76,多仓进场
[2024.07.04 19:57:01 - info ] 向下突破4011<=4031.76,多仓出场
[2024.07.04 19:57:01 - info ] 向上突破4051.6>=4037.7200000000003,多仓进场
[2024.07.04 19:57:01 - info ] 向下突破4043<=4046.7999999999997,多仓出场
[2024.07.04 19:57:01 - info ] 向上突破3780>=3777.72,多仓进场
[2024.07.04 19:57:01 - info ] 向下突破3769.6<=3771.72,多仓出场
[2024.07.04 19:57:02 - info ] 向下突破3809.2<=3813.16,空仓进场
[2024.07.04 19:57:02 - info ] 向上突破3807.2>=3795.16,空仓出场
[2024.07.04 19:57:02 - info ] 向下突破3775<=3777.68,空仓进场
[2024.07.04 19:57:02 - info ] 向上突破3842.8>=3842.52,空仓出场
[2024.07.04 19:57:02 - info ] 向上突破3878.8>=3868.3199999999997,多仓进场
[2024.07.04 19:57:02 - info ] 向下突破3896<=3908.3999999999996,多仓出场
[2024.07.04 19:57:02 - info ] 向下突破3893<=3893.56,空仓进场
[2024.07.04 19:57:02 - info ] 向上突破3823.8>=3822.28,空仓出场
[2024.07.04 19:57:02 - info ] 向上突破3905.6>=3880.96,多仓进场
[2024.07.04 19:57:03 - info ] 向下突破3991.2<=3996.72,多仓出场
[2024.07.04 19:57:03 - info ] 向下突破3983<=3985.4399999999996,空仓进场
[2024.07.04 19:57:03 - info ] 向上突破4034>=4029.4399999999996,空仓出场
[2024.07.04 19:57:03 - info ] 向下突破4077<=4084.7200000000003,空仓进场
[2024.07.04 19:57:03 - info ] 向上突破4485.6>=4339.32,空仓出场
[2024.07.04 19:57:03 - info ] 向上突破4759>=4757.88,多仓进场
[2024.07.04 19:57:04 - info ] 向下突破4590<=4601.400000000001,多仓出场
[2024.07.04 19:57:04 - info ] 向上突破4574.8>=4564.24,多仓进场
[2024.07.04 19:57:04 - info ] 向下突破4707.4<=4715.72,多仓出场
[2024.07.04 19:57:04 - info ] 向下突破4716<=4716.4800000000005,空仓进场
[2024.07.04 19:57:04 - info ] 向上突破4764.4>=4748.28,空仓出场
[2024.07.04 19:57:04 - info ] 向上突破4726.8>=4720.76,多仓进场
[2024.07.04 19:57:05 - info ] 向下突破4681.2<=4693.84,多仓出场
[2024.07.04 19:57:05 - info ] 向上突破4666.2>=4658.44,多仓进场
[2024.07.04 19:57:05 - info ] 向下突破4801.6<=4802.160000000001,多仓出场
[2024.07.04 19:57:05 - info ] 向上突破4803.2>=4801.44,多仓进场
[2024.07.04 19:57:05 - info ] 向下突破4762<=4764.32,多仓出场
[2024.07.04 19:57:05 - info ] 向下突破4753.6<=4754.44,空仓进场
[2024.07.04 19:57:06 - info ] 向上突破4800>=4782.5599999999995,空仓出场
[2024.07.04 19:57:06 - info ] 向上突破4868>=4860.400000000001,多仓进场
[2024.07.04 19:57:06 - info ] 向下突破4847<=4851.2,多仓出场
[2024.07.04 19:57:06 - info ] 向上突破4934.4>=4925.92,多仓进场
[2024.07.04 19:57:06 - info ] 向下突破4905<=4905.16,多仓出场
[2024.07.04 19:57:06 - info ] 向下突破4884.6<=4885.96,空仓进场
[2024.07.04 19:57:06 - info ] 向上突破4889.8>=4884.16,空仓出场
[2024.07.04 19:57:06 - info ] 向下突破4847<=4848.8,空仓进场
[2024.07.04 19:57:06 - info ] 向上突破4888.8>=4888.6,空仓出场
[2024.07.04 19:57:06 - info ] 向下突破4866.2<=4867.879999999999,空仓进场
[2024.07.04 19:57:06 - info ] 向上突破5008.6>=5007.48,空仓出场
[2024.07.04 19:57:06 - info ] 向下突破5031.6<=5033.56,空仓进场
[2024.07.04 19:57:06 - info ] 向上突破4921.8>=4920.92,空仓出场
[2024.07.04 19:57:06 - info ] 向上突破4979>=4978.68,多仓进场
[2024.07.04 19:57:06 - info ] 向下突破4985.2<=4991.32,多仓出场
[2024.07.04 19:57:07 - info ] 向上突破5013.6>=5009.4,多仓进场
[2024.07.04 19:57:07 - info ] 向下突破5476.2<=5481.76,多仓出场
[2024.07.04 19:57:07 - info ] 向下突破5453<=5456.96,空仓进场
[2024.07.04 19:57:07 - info ] 向上突破5551.4>=5551.24,空仓出场
[2024.07.04 19:57:07 - info ] 向上突破5515.2>=5514.52,多仓进场
[2024.07.04 19:57:07 - info ] 向下突破5423.2<=5423.48,多仓出场
[2024.07.04 19:57:07 - info ] 向上突破5477>=5471.08,多仓进场
[2024.07.04 19:57:07 - info ] 向下突破5437.2<=5437.8,多仓出场
[2024.07.04 19:57:08 - info ] 向下突破5156.8<=5159.44,空仓进场
[2024.07.04 19:57:08 - info ] 向上突破5073.6>=5069.200000000001,空仓出场
[2024.07.04 19:57:08 - info ] 向下突破5042.2<=5049.32,空仓进场
[2024.07.04 19:57:08 - info ] 向上突破5090>=5081.2,空仓出场
[2024.07.04 19:57:08 - info ] 向上突破5012.4>=5012.28,多仓进场
[2024.07.04 19:57:08 - info ] 向下突破4884.2<=4886.280000000001,多仓出场
[2024.07.04 19:57:08 - info ] 向上突破4911.8>=4910.64,多仓进场
[2024.07.04 19:57:08 - info ] 向下突破4991.6<=4996.360000000001,多仓出场
[2024.07.04 19:57:08 - info ] 向下突破5081<=5095.52,空仓进场
[2024.07.04 19:57:08 - info ] 向上突破5038.6>=5020.959999999999,空仓出场
[2024.07.04 19:57:09 - info ] 向下突破5061.8<=5079.28,空仓进场
[2024.07.04 19:57:09 - info ] 向上突破5116.2>=5114.360000000001,空仓出场
[2024.07.04 19:57:09 - info ] 向下突破4956.4<=4958.88,空仓进场
[2024.07.04 19:57:09 - info ] 向上突破5131.2>=5124.64,空仓出场
[2024.07.04 19:57:09 - info ] 向下突破5159.8<=5161.84,空仓进场
[2024.07.04 19:57:09 - info ] 向上突破5168>=5157.959999999999,空仓出场
[2024.07.04 19:57:09 - info ] 向下突破5134<=5146.120000000001,空仓进场
[2024.07.04 19:57:09 - info ] 向上突破5382.4>=5374.44,空仓出场
[2024.07.04 19:57:09 - info ] 向上突破5358.6>=5357.16,多仓进场
[2024.07.04 19:57:09 - info ] 向下突破5195.4<=5204.08,多仓出场
[2024.07.04 19:57:09 - info ] 向下突破5158.2<=5159.84,空仓进场
[2024.07.04 19:57:10 - info ] 向上突破5156>=5153,空仓出场
[2024.07.04 19:57:10 - info ] 向下突破5194.4<=5196.24,空仓进场
[2024.07.04 19:57:10 - info ] 向上突破5117.6>=5117.6,空仓出场
[2024.07.04 19:57:10 - info ] 向下突破5034<=5037.679999999999,空仓进场
[2024.07.04 19:57:10 - info ] 向上突破5149.6>=5146.16,空仓出场
[2024.07.04 19:57:10 - info ] 向下突破5101.2<=5108.16,空仓进场
[2024.07.04 19:57:10 - info ] 向上突破4784.6>=4780.4,空仓出场
[2024.07.04 19:57:10 - info ] 向上突破4926>=4923.56,多仓进场
[2024.07.04 19:57:10 - info ] 向下突破4879<=4879.959999999999,多仓出场
[2024.07.04 19:57:10 - info ] 向上突破4909.6>=4891.96,多仓进场
[2024.07.04 19:57:11 - info ] 向下突破4943.2<=4943.84,多仓出场
[2024.07.04 19:57:11 - info ] 向下突破4896<=4899.32,空仓进场
[2024.07.04 19:57:11 - info ] 向上突破4929.4>=4927.76,空仓出场
[2024.07.04 19:57:11 - info ] 向下突破4808<=4808.36,空仓进场
[2024.07.04 19:57:11 - info ] 向上突破4884.8>=4884,空仓出场
[2024.07.04 19:57:11 - info ] 向上突破4872.6>=4872.4800000000005,多仓进场
[2024.07.04 19:57:11 - info ] 向下突破4900.2<=4902.68,多仓出场
[2024.07.04 19:57:11 - info ] 向上突破5036>=5029.040000000001,多仓进场
[2024.07.04 19:57:11 - info ] 向下突破4985.2<=4995.24,多仓出场
[2024.07.04 19:57:11 - info ] 向下突破4953.4<=4971.24,空仓进场
[2024.07.04 19:57:11 - info ] 向上突破4805>=4802.52,空仓出场
[2024.07.04 19:57:11 - info ] 向上突破4860.8>=4845.639999999999,多仓进场
[2024.07.04 19:57:11 - info ] 向下突破4827<=4831.04,多仓出场
[2024.07.04 19:57:11 - info ] 向上突破4943.6>=4869.719999999999,多仓进场
[2024.07.04 19:57:11 - info ] 向下突破4937<=4938.6,多仓出场
[2024.07.04 19:57:12 - info ] 向下突破4874<=4881.24,空仓进场
[2024.07.04 19:57:12 - info ] 向上突破4929.2>=4915.96,空仓出场
[2024.07.04 19:57:12 - info ] 向下突破4878.2<=4892.52,空仓进场
[2024.07.04 19:57:12 - info ] 向上突破4869.8>=4864.12,空仓出场
[2024.07.04 19:57:12 - info ] 向上突破4934>=4926.32,多仓进场
[2024.07.04 19:57:12 - info ] 向下突破4857<=4857.28,多仓出场
[2024.07.04 19:57:12 - info ] 向上突破4904.6>=4900.160000000001,多仓进场
[2024.07.04 19:57:12 - info ] 向下突破4825.8<=4828.92,多仓出场
[2024.07.04 19:57:12 - info ] 向下突破4798.4<=4799.160000000001,空仓进场
[2024.07.04 19:57:12 - info ] 向上突破4916>=4912.48,空仓出场
[2024.07.04 19:57:12 - info ] 向下突破4843.6<=4855.4400000000005,空仓进场
[2024.07.04 19:57:12 - info ] 向上突破4890.6>=4882.8,空仓出场
[2024.07.04 19:57:12 - info ] 向上突破4936>=4933.24,多仓进场
[2024.07.04 19:57:12 - info ] 向下突破4866<=4870.920000000001,多仓出场
[2024.07.04 19:57:12 - info ] 向上突破4853.4>=4840.080000000001,多仓进场
[2024.07.04 19:57:12 - info ] 向下突破4826.2<=4830.080000000001,多仓出场
[2024.07.04 19:57:12 - info ] 向上突破4864.6>=4856.5599999999995,多仓进场
[2024.07.04 19:57:13 - info ] 向下突破5100<=5106.32,多仓出场
[2024.07.04 19:57:13 - info ] 向上突破4995.8>=4993.88,多仓进场
[2024.07.04 19:57:13 - info ] 向下突破4929.2<=4944.16,多仓出场
[2024.07.04 19:57:13 - info ] 向上突破4849.4>=4846.8,多仓进场
[2024.07.04 19:57:13 - info ] 向下突破4803<=4805.16,多仓出场
[2024.07.04 19:57:13 - info ] 向下突破4823.2<=4831.88,空仓进场
[2024.07.04 19:57:14 - info ] 向上突破4653>=4648.4800000000005,空仓出场
[2024.07.04 19:57:14 - info ] 向下突破4565<=4579.56,空仓进场
[2024.07.04 19:57:14 - info ] 向上突破4596>=4593.76,空仓出场
[2024.07.04 19:57:14 - info ] 向下突破4546.2<=4558.08,空仓进场
[2024.07.04 19:57:15 - info ] 向上突破4256.8>=4251.5199999999995,空仓出场
[2024.07.04 19:57:15 - info ] Strategy has been scheduled 72624 times, totally taking 18685231 us, 257.287 us each time
[2024.07.04 19:57:15 - debug] Notify strategy the end of backtest
