[2024.07.09 20:53:34 - info ] 0==>current_date =20131018, current_time = 900, left_code = SHFE.rb.HOT, right_code = DCE.i.HOT
[2024.07.09 20:53:34 - info ] 1==>current_date =20131018, current_time = 900, left_code = SHFE.rb.HOT, right_code = DCE.i.HOT
[2024.07.09 20:53:35 - info ] [20141230.35] short opened
[2024.07.09 20:53:35 - info ] [20141230.1455] 收盘平仓
[2024.07.09 20:53:35 - info ] [20150130.1105] long opened
[2024.07.09 20:53:35 - info ] [20150130.1455] 收盘平仓
[2024.07.09 20:53:35 - info ] [20150209.1125] short opened
[2024.07.09 20:53:35 - info ] [20150209.1455] 收盘平仓
[2024.07.09 20:53:35 - info ] [20150216.920] long opened
[2024.07.09 20:53:35 - info ] [20150216.1055] long stop loss
[2024.07.09 20:53:35 - info ] [20150225.910] short opened
[2024.07.09 20:53:35 - info ] [20150225.1035] short stop loss
[2024.07.09 20:53:35 - info ] [20150227.1005] short opened
[2024.07.09 20:53:35 - info ] [20150227.1455] 收盘平仓
[2024.07.09 20:53:35 - info ] [20150307.0] short opened
[2024.07.09 20:53:35 - info ] [20150309.1455] 收盘平仓
[2024.07.09 20:53:35 - info ] [20150323.905] long opened
[2024.07.09 20:53:35 - info ] [20150323.1455] 收盘平仓
[2024.07.09 20:53:35 - info ] [20150330.925] long opened
[2024.07.09 20:53:35 - info ] [20150330.1455] 收盘平仓
[2024.07.09 20:53:35 - info ] [20150331.0] long opened
[2024.07.09 20:53:35 - info ] [20150331.1455] 收盘平仓
[2024.07.09 20:53:35 - info ] [20150407.905] short opened
[2024.07.09 20:53:35 - info ] [20150407.1455] 收盘平仓
[2024.07.09 20:53:35 - info ] [20150413.1040] short opened
[2024.07.09 20:53:35 - info ] [20150413.1455] 收盘平仓
[2024.07.09 20:53:35 - info ] [20150418.0] short opened
[2024.07.09 20:53:35 - info ] [20150420.1455] 收盘平仓
[2024.07.09 20:53:35 - info ] [20150504.1010] long opened
[2024.07.09 20:53:35 - info ] [20150504.1455] 收盘平仓
[2024.07.09 20:53:35 - info ] [20150506.1425] short opened
[2024.07.09 20:53:35 - info ] [20150506.1455] 收盘平仓
[2024.07.09 20:53:35 - info ] [20150512.0] short opened
[2024.07.09 20:53:35 - info ] [20150512.1455] 收盘平仓
[2024.07.09 20:53:36 - info ] [20150715.955] short opened
[2024.07.09 20:53:36 - info ] [20150715.1455] 收盘平仓
[2024.07.09 20:53:36 - info ] [20150803.915] long opened
[2024.07.09 20:53:36 - info ] [20150803.1050] long stop loss
[2024.07.09 20:53:36 - info ] [20150807.0] short opened
[2024.07.09 20:53:36 - info ] [20150807.1455] 收盘平仓
[2024.07.09 20:53:36 - info ] [20150831.920] short opened
[2024.07.09 20:53:36 - info ] [20150831.1455] 收盘平仓
[2024.07.09 20:53:36 - info ] [20150907.905] short opened
[2024.07.09 20:53:36 - info ] [20150907.1455] 收盘平仓
[2024.07.09 20:53:36 - info ] [20150923.0] long opened
[2024.07.09 20:53:36 - info ] [20150923.1455] 收盘平仓
[2024.07.09 20:53:36 - info ] [20151028.1015] short opened
[2024.07.09 20:53:36 - info ] [20151028.1455] 收盘平仓
[2024.07.09 20:53:36 - info ] [20151030.55] short opened
[2024.07.09 20:53:36 - info ] [20151030.1455] 收盘平仓
[2024.07.09 20:53:36 - info ] [20151106.905] long opened
[2024.07.09 20:53:36 - info ] [20151106.1455] 收盘平仓
[2024.07.09 20:53:37 - info ] [20151215.25] long opened
[2024.07.09 20:53:37 - info ] [20151215.1110] long stop loss
[2024.07.09 20:53:37 - info ] [20151223.50] short opened
[2024.07.09 20:53:37 - info ] [20151223.1455] 收盘平仓
[2024.07.09 20:53:37 - info ] [20151228.1425] long opened
[2024.07.09 20:53:37 - info ] [20151228.1455] 收盘平仓
[2024.07.09 20:53:37 - info ] [20151230.0] short opened
[2024.07.09 20:53:37 - info ] [20151230.1455] 收盘平仓
[2024.07.09 20:53:37 - info ] [20160109.20] short opened
[2024.07.09 20:53:37 - info ] [20160111.955] short stop loss
[2024.07.09 20:53:37 - info ] [20160115.0] long opened
[2024.07.09 20:53:37 - info ] [20160115.1455] 收盘平仓
[2024.07.09 20:53:37 - info ] [20160128.1345] short opened
[2024.07.09 20:53:37 - info ] [20160128.1455] 收盘平仓
[2024.07.09 20:53:37 - info ] [20160216.0] long opened
[2024.07.09 20:53:37 - info ] [20160216.1455] 收盘平仓
[2024.07.09 20:53:37 - info ] [20160223.0] short opened
[2024.07.09 20:53:37 - info ] [20160223.1455] 收盘平仓
[2024.07.09 20:53:37 - info ] [20160309.0] short opened
[2024.07.09 20:53:37 - info ] [20160309.1455] 收盘平仓
[2024.07.09 20:53:37 - info ] [20160324.0] short opened
[2024.07.09 20:53:37 - info ] [20160324.1455] 收盘平仓
[2024.07.09 20:53:37 - info ] [20160405.905] long opened
[2024.07.09 20:53:37 - info ] [20160405.1455] 收盘平仓
[2024.07.09 20:53:37 - info ] [20160409.0] long opened
[2024.07.09 20:53:37 - info ] [20160411.1455] 收盘平仓
[2024.07.09 20:53:38 - info ] [20160503.1420] short opened
[2024.07.09 20:53:38 - info ] [20160503.1455] 收盘平仓
[2024.07.09 20:53:38 - info ] [20160518.1035] short opened
[2024.07.09 20:53:38 - info ] [20160518.1455] 收盘平仓
[2024.07.09 20:53:38 - info ] [20160523.905] short opened
[2024.07.09 20:53:38 - info ] [20160523.1455] 收盘平仓
[2024.07.09 20:53:38 - info ] [20160608.1400] long opened
[2024.07.09 20:53:38 - info ] [20160608.1455] 收盘平仓
[2024.07.09 20:53:38 - info ] [20160629.1355] short opened
[2024.07.09 20:53:38 - info ] [20160629.1455] 收盘平仓
[2024.07.09 20:53:38 - info ] [20160630.1335] long opened
[2024.07.09 20:53:38 - info ] [20160630.1455] 收盘平仓
[2024.07.09 20:53:38 - info ] [20160701.905] long opened
[2024.07.09 20:53:38 - info ] [20160701.1455] 收盘平仓
[2024.07.09 20:53:38 - info ] [20160718.905] short opened
[2024.07.09 20:53:38 - info ] [20160718.1455] 收盘平仓
[2024.07.09 20:53:38 - info ] [20160719.905] short opened
[2024.07.09 20:53:38 - info ] [20160719.1455] 收盘平仓
[2024.07.09 20:53:38 - info ] [20160722.905] short opened
[2024.07.09 20:53:38 - info ] [20160722.1455] 收盘平仓
[2024.07.09 20:53:38 - info ] [20160727.930] long opened
[2024.07.09 20:53:38 - info ] [20160727.1455] 收盘平仓
[2024.07.09 20:53:38 - info ] [20160728.920] long opened
[2024.07.09 20:53:38 - info ] [20160728.1455] 收盘平仓
[2024.07.09 20:53:38 - info ] [20160810.1115] long opened
[2024.07.09 20:53:38 - info ] [20160810.1455] 收盘平仓
[2024.07.09 20:53:38 - info ] [20160818.940] short opened
[2024.07.09 20:53:38 - info ] [20160818.1455] 收盘平仓
[2024.07.09 20:53:38 - info ] [20160829.905] short opened
[2024.07.09 20:53:38 - info ] [20160829.1455] 收盘平仓
[2024.07.09 20:53:38 - info ] [20160830.1100] short opened
[2024.07.09 20:53:38 - info ] [20160830.1455] 收盘平仓
[2024.07.09 20:53:38 - info ] [20160901.1015] short opened
[2024.07.09 20:53:38 - info ] [20160901.1455] 收盘平仓
[2024.07.09 20:53:38 - info ] [20160902.905] short opened
[2024.07.09 20:53:38 - info ] [20160902.1455] 收盘平仓
[2024.07.09 20:53:38 - info ] [20160926.905] long opened
[2024.07.09 20:53:38 - info ] [20160926.1455] 收盘平仓
[2024.07.09 20:53:38 - info ] [20161018.905] long opened
[2024.07.09 20:53:38 - info ] [20161018.1455] 收盘平仓
[2024.07.09 20:53:38 - info ] [20161019.905] long opened
[2024.07.09 20:53:38 - info ] [20161019.1455] 收盘平仓
[2024.07.09 20:53:39 - info ] [20161027.1100] short opened
[2024.07.09 20:53:39 - info ] [20161027.1455] 收盘平仓
[2024.07.09 20:53:39 - info ] [20161101.1340] long opened
[2024.07.09 20:53:39 - info ] [20161101.1455] 收盘平仓
[2024.07.09 20:53:39 - info ] [20161102.905] long opened
[2024.07.09 20:53:39 - info ] [20161102.1455] 收盘平仓
[2024.07.09 20:53:39 - info ] [20161109.905] short opened
[2024.07.09 20:53:39 - info ] [20161109.1455] 收盘平仓
[2024.07.09 20:53:39 - info ] [20161111.905] short opened
[2024.07.09 20:53:39 - info ] [20161111.1455] 收盘平仓
[2024.07.09 20:53:39 - info ] [20161114.925] short opened
[2024.07.09 20:53:39 - info ] [20161114.1455] 收盘平仓
[2024.07.09 20:53:39 - info ] [20161125.1100] long opened
[2024.07.09 20:53:39 - info ] [20161125.1455] 收盘平仓
[2024.07.09 20:53:39 - info ] [20161207.1035] long opened
[2024.07.09 20:53:39 - info ] [20161207.1455] 收盘平仓
[2024.07.09 20:53:39 - info ] [20161219.1100] short opened
[2024.07.09 20:53:39 - info ] [20161219.1455] 收盘平仓
[2024.07.09 20:53:39 - info ] [20161220.905] short opened
[2024.07.09 20:53:39 - info ] [20161220.1455] 收盘平仓
[2024.07.09 20:53:39 - info ] [20161226.910] short opened
[2024.07.09 20:53:39 - info ] [20161226.1455] 收盘平仓
[2024.07.09 20:53:39 - info ] [20161227.920] short opened
[2024.07.09 20:53:39 - info ] [20161227.1455] 收盘平仓
[2024.07.09 20:53:39 - info ] [20170110.1040] long opened
[2024.07.09 20:53:39 - info ] [20170110.1455] 收盘平仓
[2024.07.09 20:53:39 - info ] [20170116.920] short opened
[2024.07.09 20:53:39 - info ] [20170116.1455] 收盘平仓
[2024.07.09 20:53:39 - info ] [20170203.930] short opened
[2024.07.09 20:53:39 - info ] [20170203.1455] 收盘平仓
[2024.07.09 20:53:39 - info ] [20170208.905] short opened
[2024.07.09 20:53:39 - info ] [20170208.1455] 收盘平仓
[2024.07.09 20:53:39 - info ] [20170216.1130] long opened
[2024.07.09 20:53:39 - info ] [20170216.1455] 收盘平仓
[2024.07.09 20:53:39 - info ] [20170217.1000] long opened
[2024.07.09 20:53:39 - info ] [20170217.1455] 收盘平仓
[2024.07.09 20:53:39 - info ] [20170220.910] long opened
[2024.07.09 20:53:39 - info ] [20170220.1455] 收盘平仓
[2024.07.09 20:53:39 - info ] [20170227.905] long opened
[2024.07.09 20:53:39 - info ] [20170227.1455] 收盘平仓
[2024.07.09 20:53:39 - info ] [20170228.905] long opened
[2024.07.09 20:53:39 - info ] [20170228.1455] 收盘平仓
[2024.07.09 20:53:39 - info ] [20170308.1100] short opened
[2024.07.09 20:53:39 - info ] [20170308.1455] 收盘平仓
[2024.07.09 20:53:39 - info ] [20170309.905] short opened
[2024.07.09 20:53:39 - info ] [20170309.1455] 收盘平仓
[2024.07.09 20:53:39 - info ] [20170315.905] short opened
[2024.07.09 20:53:39 - info ] [20170315.1455] 收盘平仓
[2024.07.09 20:53:39 - info ] [20170323.905] long opened
[2024.07.09 20:53:39 - info ] [20170323.1455] 收盘平仓
[2024.07.09 20:53:39 - info ] [20170331.905] long opened
[2024.07.09 20:53:39 - info ] [20170331.1455] 收盘平仓
[2024.07.09 20:53:40 - info ] [20170417.1105] long opened
[2024.07.09 20:53:40 - info ] [20170417.1455] 收盘平仓
[2024.07.09 20:53:40 - info ] [20170425.1335] long opened
[2024.07.09 20:53:40 - info ] [20170425.1455] 收盘平仓
[2024.07.09 20:53:40 - info ] [20170504.905] long opened
[2024.07.09 20:53:40 - info ] [20170504.1455] 收盘平仓
[2024.07.09 20:53:40 - info ] [20170508.1355] long opened
[2024.07.09 20:53:40 - info ] [20170508.1455] 收盘平仓
[2024.07.09 20:53:40 - info ] [20170509.920] long opened
[2024.07.09 20:53:40 - info ] [20170509.1455] 收盘平仓
[2024.07.09 20:53:40 - info ] [20170518.1340] long opened
[2024.07.09 20:53:40 - info ] [20170518.1455] 收盘平仓
[2024.07.09 20:53:40 - info ] [20170601.905] short opened
[2024.07.09 20:53:40 - info ] [20170601.1455] 收盘平仓
[2024.07.09 20:53:40 - info ] [20170602.920] short opened
[2024.07.09 20:53:40 - info ] [20170602.1455] 收盘平仓
[2024.07.09 20:53:40 - info ] [20170608.910] short opened
[2024.07.09 20:53:40 - info ] [20170608.1120] short stop loss
[2024.07.09 20:53:40 - info ] [20170629.950] short opened
[2024.07.09 20:53:40 - info ] [20170629.1455] 收盘平仓
[2024.07.09 20:53:40 - info ] [20170703.905] long opened
[2024.07.09 20:53:40 - info ] [20170703.1455] 收盘平仓
[2024.07.09 20:53:40 - info ] [20170720.1335] short opened
[2024.07.09 20:53:40 - info ] [20170720.1455] 收盘平仓
[2024.07.09 20:53:40 - info ] [20170808.1105] long opened
[2024.07.09 20:53:40 - info ] [20170808.1455] 收盘平仓
[2024.07.09 20:53:40 - info ] [20170817.920] short opened
[2024.07.09 20:53:40 - info ] [20170817.1455] 收盘平仓
[2024.07.09 20:53:40 - info ] [20170823.905] short opened
[2024.07.09 20:53:40 - info ] [20170823.1455] 收盘平仓
[2024.07.09 20:53:40 - info ] [20170828.905] long opened
[2024.07.09 20:53:40 - info ] [20170828.1455] 收盘平仓
[2024.07.09 20:53:40 - info ] [20170901.1115] long opened
[2024.07.09 20:53:40 - info ] [20170901.1455] 收盘平仓
[2024.07.09 20:53:40 - info ] [20170918.1120] short opened
[2024.07.09 20:53:40 - info ] [20170918.1455] 收盘平仓
[2024.07.09 20:53:40 - info ] [20170922.905] short opened
[2024.07.09 20:53:40 - info ] [20170922.1455] 收盘平仓
[2024.07.09 20:53:41 - info ] [20171018.1100] short opened
[2024.07.09 20:53:41 - info ] [20171018.1455] 收盘平仓
[2024.07.09 20:53:41 - info ] [20171031.1335] long opened
[2024.07.09 20:53:41 - info ] [20171031.1455] 收盘平仓
[2024.07.09 20:53:41 - info ] [20171109.905] long opened
[2024.07.09 20:53:41 - info ] [20171109.1455] 收盘平仓
[2024.07.09 20:53:41 - info ] [20171116.1035] short opened
[2024.07.09 20:53:41 - info ] [20171116.1455] 收盘平仓
[2024.07.09 20:53:41 - info ] [20171128.1355] long opened
[2024.07.09 20:53:41 - info ] [20171128.1455] 收盘平仓
[2024.07.09 20:53:41 - info ] [20171222.905] long opened
[2024.07.09 20:53:41 - info ] [20171222.1455] 收盘平仓
[2024.07.09 20:53:41 - info ] [20171229.905] short opened
[2024.07.09 20:53:41 - info ] [20171229.1455] 收盘平仓
[2024.07.09 20:53:41 - info ] [20180111.920] long opened
[2024.07.09 20:53:41 - info ] [20180111.1455] 收盘平仓
[2024.07.09 20:53:41 - info ] [20180201.905] long opened
[2024.07.09 20:53:41 - info ] [20180201.1455] 收盘平仓
[2024.07.09 20:53:41 - info ] [20180307.1350] short opened
[2024.07.09 20:53:41 - info ] [20180307.1455] 收盘平仓
[2024.07.09 20:53:41 - info ] [20180308.905] short opened
[2024.07.09 20:53:41 - info ] [20180308.1455] 收盘平仓
[2024.07.09 20:53:41 - info ] [20180312.910] long opened
[2024.07.09 20:53:41 - info ] [20180312.1455] 收盘平仓
[2024.07.09 20:53:41 - info ] [20180314.1100] short opened
[2024.07.09 20:53:41 - info ] [20180314.1455] 收盘平仓
[2024.07.09 20:53:41 - info ] [20180319.925] short opened
[2024.07.09 20:53:41 - info ] [20180319.1455] 收盘平仓
[2024.07.09 20:53:42 - info ] [20180416.930] long opened
[2024.07.09 20:53:42 - info ] [20180416.1455] 收盘平仓
[2024.07.09 20:53:42 - info ] [20180417.1120] long opened
[2024.07.09 20:53:42 - info ] [20180417.1455] 收盘平仓
[2024.07.09 20:53:42 - info ] [20180418.905] long opened
[2024.07.09 20:53:42 - info ] [20180418.1455] 收盘平仓
[2024.07.09 20:53:42 - info ] [20180424.910] long opened
[2024.07.09 20:53:42 - info ] [20180424.1455] 收盘平仓
[2024.07.09 20:53:42 - info ] [20180521.1350] short opened
[2024.07.09 20:53:42 - info ] [20180521.1455] 收盘平仓
[2024.07.09 20:53:42 - info ] [20180523.945] short opened
[2024.07.09 20:53:42 - info ] [20180523.1455] 收盘平仓
[2024.07.09 20:53:42 - info ] [20180524.910] short opened
[2024.07.09 20:53:42 - info ] [20180524.1455] 收盘平仓
[2024.07.09 20:53:42 - info ] [20180528.940] long opened
[2024.07.09 20:53:42 - info ] [20180528.1455] 收盘平仓
[2024.07.09 20:53:42 - info ] [20180601.905] long opened
[2024.07.09 20:53:42 - info ] [20180601.1455] 收盘平仓
[2024.07.09 20:53:42 - info ] [20180622.915] short opened
[2024.07.09 20:53:42 - info ] [20180622.1455] 收盘平仓
[2024.07.09 20:53:42 - info ] [20180702.905] long opened
[2024.07.09 20:53:42 - info ] [20180702.1455] 收盘平仓
[2024.07.09 20:53:42 - info ] [20180727.935] long opened
[2024.07.09 20:53:42 - info ] [20180727.1455] 收盘平仓
[2024.07.09 20:53:42 - info ] [20180730.905] long opened
[2024.07.09 20:53:42 - info ] [20180730.1455] 收盘平仓
[2024.07.09 20:53:42 - info ] [20180813.910] long opened
[2024.07.09 20:53:42 - info ] [20180813.1455] 收盘平仓
[2024.07.09 20:53:42 - info ] [20180830.905] short opened
[2024.07.09 20:53:42 - info ] [20180830.1455] 收盘平仓
[2024.07.09 20:53:42 - info ] [20180906.910] long opened
[2024.07.09 20:53:42 - info ] [20180906.1455] 收盘平仓
[2024.07.09 20:53:42 - info ] [20180907.905] long opened
[2024.07.09 20:53:43 - info ] [20180907.1455] 收盘平仓
[2024.07.09 20:53:43 - info ] [20180920.905] long opened
[2024.07.09 20:53:43 - info ] [20180920.1455] 收盘平仓
[2024.07.09 20:53:43 - info ] [20181012.1345] long opened
[2024.07.09 20:53:43 - info ] [20181012.1455] 收盘平仓
[2024.07.09 20:53:43 - info ] [20181015.905] long opened
[2024.07.09 20:53:43 - info ] [20181015.1455] 收盘平仓
[2024.07.09 20:53:43 - info ] [20181029.950] short opened
[2024.07.09 20:53:43 - info ] [20181029.1455] 收盘平仓
[2024.07.09 20:53:43 - info ] [20181102.940] long opened
[2024.07.09 20:53:43 - info ] [20181102.1455] 收盘平仓
[2024.07.09 20:53:43 - info ] [20181106.925] short opened
[2024.07.09 20:53:43 - info ] [20181106.1455] 收盘平仓
[2024.07.09 20:53:43 - info ] [20181128.1335] long opened
[2024.07.09 20:53:43 - info ] [20181128.1455] 收盘平仓
[2024.07.09 20:53:43 - info ] [20181129.905] short opened
[2024.07.09 20:53:43 - info ] [20181129.1455] 收盘平仓
[2024.07.09 20:53:43 - info ] [20181221.905] long opened
[2024.07.09 20:53:43 - info ] [20181221.1455] 收盘平仓
[2024.07.09 20:53:43 - info ] [20181225.1015] short opened
[2024.07.09 20:53:43 - info ] [20181225.1455] 收盘平仓
[2024.07.09 20:53:43 - info ] [20181226.1400] short opened
[2024.07.09 20:53:43 - info ] [20181226.1455] 收盘平仓
[2024.07.09 20:53:43 - info ] [20190107.915] long opened
[2024.07.09 20:53:43 - info ] [20190107.1455] 收盘平仓
[2024.07.09 20:53:43 - info ] [20190109.1335] long opened
[2024.07.09 20:53:43 - info ] [20190109.1455] 收盘平仓
[2024.07.09 20:53:43 - info ] [20190110.905] long opened
[2024.07.09 20:53:43 - info ] [20190110.1455] 收盘平仓
[2024.07.09 20:53:43 - info ] [20190213.1350] short opened
[2024.07.09 20:53:43 - info ] [20190213.1455] 收盘平仓
[2024.07.09 20:53:43 - info ] [20190304.1335] long opened
[2024.07.09 20:53:43 - info ] [20190304.1455] 收盘平仓
[2024.07.09 20:53:44 - info ] [20190402.945] long opened
[2024.07.09 20:53:44 - info ] [20190402.1455] 收盘平仓
[2024.07.09 20:53:44 - info ] [20190430.905] long opened
[2024.07.09 20:53:44 - info ] [20190430.1455] 收盘平仓
[2024.07.09 20:53:44 - info ] [20190521.905] long opened
[2024.07.09 20:53:44 - info ] [20190521.1455] 收盘平仓
[2024.07.09 20:53:44 - info ] [20190529.905] short opened
[2024.07.09 20:53:44 - info ] [20190529.1455] 收盘平仓
[2024.07.09 20:53:44 - info ] [20190606.1415] long opened
[2024.07.09 20:53:44 - info ] [20190606.1455] 收盘平仓
[2024.07.09 20:53:44 - info ] [20190711.905] short opened
[2024.07.09 20:53:44 - info ] [20190711.1410] short stop loss
[2024.07.09 20:53:44 - info ] [20190729.905] short opened
[2024.07.09 20:53:44 - info ] [20190729.1455] 收盘平仓
[2024.07.09 20:53:44 - info ] [20190904.910] long opened
[2024.07.09 20:53:44 - info ] [20190904.1455] 收盘平仓
[2024.07.09 20:53:44 - info ] [20190905.1045] long opened
[2024.07.09 20:53:44 - info ] [20190905.1455] 收盘平仓
[2024.07.09 20:53:45 - info ] [20191023.905] long opened
[2024.07.09 20:53:45 - info ] [20191023.1335] long stop loss
[2024.07.09 20:53:45 - info ] [20191024.905] short opened
[2024.07.09 20:53:45 - info ] [20191024.1455] 收盘平仓
[2024.07.09 20:53:45 - info ] [20191119.905] long opened
[2024.07.09 20:53:45 - info ] [20191119.1455] 收盘平仓
[2024.07.09 20:53:45 - info ] [20200508.910] short opened
[2024.07.09 20:53:45 - info ] [20200508.1455] 收盘平仓
[2024.07.09 20:53:45 - info ] [20200513.910] short opened
[2024.07.09 20:53:45 - info ] [20200513.1455] 收盘平仓
[2024.07.09 20:53:45 - info ] [20200602.905] long opened
[2024.07.09 20:53:45 - info ] [20200602.1455] 收盘平仓
[2024.07.09 20:53:45 - info ] [20200615.1055] short opened
[2024.07.09 20:53:45 - info ] [20200615.1455] 收盘平仓
[2024.07.09 20:53:46 - info ] [20200723.1055] long opened
[2024.07.09 20:53:46 - info ] [20200723.1455] 收盘平仓
[2024.07.09 20:53:46 - info ] [20200724.905] long opened
[2024.07.09 20:53:46 - info ] [20200724.1455] 收盘平仓
[2024.07.09 20:53:46 - info ] [20200729.905] short opened
[2024.07.09 20:53:46 - info ] [20200729.1455] 收盘平仓
[2024.07.09 20:53:46 - info ] [20200803.910] long opened
[2024.07.09 20:53:46 - info ] [20200803.1455] 收盘平仓
[2024.07.09 20:53:46 - info ] [20200804.910] short opened
[2024.07.09 20:53:46 - info ] [20200804.1455] 收盘平仓
[2024.07.09 20:53:46 - info ] [20200811.905] long opened
[2024.07.09 20:53:46 - info ] [20200811.1455] 收盘平仓
[2024.07.09 20:53:46 - info ] [20200813.1335] short opened
[2024.07.09 20:53:46 - info ] [20200813.1455] 收盘平仓
[2024.07.09 20:53:46 - info ] [20200903.1120] short opened
[2024.07.09 20:53:46 - info ] [20200903.1455] 收盘平仓
[2024.07.09 20:53:46 - info ] [20200904.905] short opened
[2024.07.09 20:53:46 - info ] [20200904.1455] 收盘平仓
[2024.07.09 20:53:46 - info ] [20200914.905] short opened
[2024.07.09 20:53:46 - info ] [20200914.1455] 收盘平仓
[2024.07.09 20:53:46 - info ] [20200924.1050] long opened
[2024.07.09 20:53:46 - info ] [20200924.1455] 收盘平仓
[2024.07.09 20:53:46 - info ] [20200929.905] short opened
[2024.07.09 20:53:46 - info ] [20200929.1455] 收盘平仓
[2024.07.09 20:53:46 - info ] [20201009.1010] long opened
[2024.07.09 20:53:46 - info ] [20201009.1455] 收盘平仓
[2024.07.09 20:53:46 - info ] [20201013.1425] long opened
[2024.07.09 20:53:46 - info ] [20201013.1455] 收盘平仓
[2024.07.09 20:53:46 - info ] [20201019.905] long opened
[2024.07.09 20:53:46 - info ] [20201019.1455] 收盘平仓
[2024.07.09 20:53:46 - info ] [20201023.905] long opened
[2024.07.09 20:53:46 - info ] [20201023.1455] 收盘平仓
[2024.07.09 20:53:46 - info ] [20201103.905] long opened
[2024.07.09 20:53:46 - info ] [20201103.1455] 收盘平仓
[2024.07.09 20:53:46 - info ] [20201104.910] long opened
[2024.07.09 20:53:46 - info ] [20201104.1455] 收盘平仓
[2024.07.09 20:53:46 - info ] [20201117.905] long opened
[2024.07.09 20:53:46 - info ] [20201117.1455] 收盘平仓
[2024.07.09 20:53:46 - info ] [20201207.905] short opened
[2024.07.09 20:53:46 - info ] [20201207.935] short stop loss
[2024.07.09 20:53:46 - info ] [20201209.1340] long opened
[2024.07.09 20:53:46 - info ] [20201209.1455] 收盘平仓
[2024.07.09 20:53:46 - info ] [20201222.905] long opened
[2024.07.09 20:53:46 - info ] [20201222.1455] 收盘平仓
[2024.07.09 20:53:47 - info ] [20210111.1350] short opened
[2024.07.09 20:53:47 - info ] [20210111.1455] 收盘平仓
[2024.07.09 20:53:47 - info ] [20210208.1050] long opened
[2024.07.09 20:53:47 - info ] [20210208.1455] 收盘平仓
[2024.07.09 20:53:47 - info ] [20210222.905] long opened
[2024.07.09 20:53:47 - info ] [20210222.1455] 收盘平仓
[2024.07.09 20:53:47 - info ] [20210223.905] long opened
[2024.07.09 20:53:47 - info ] [20210223.1455] 收盘平仓
[2024.07.09 20:53:47 - info ] [20210330.1045] long opened
[2024.07.09 20:53:47 - info ] [20210330.1455] 收盘平仓
[2024.07.09 20:53:47 - info ] [20210429.905] long opened
[2024.07.09 20:53:47 - info ] [20210429.1455] 收盘平仓
[2024.07.09 20:53:47 - info ] [20210625.1120] long opened
[2024.07.09 20:53:47 - info ] [20210625.1455] 收盘平仓
[2024.07.09 20:53:47 - info ] [20210706.905] long opened
[2024.07.09 20:53:47 - info ] [20210706.1455] 收盘平仓
[2024.07.09 20:53:48 - info ] [20210730.905] long opened
[2024.07.09 20:53:48 - info ] [20210730.1455] 收盘平仓
[2024.07.09 20:53:48 - info ] [20210823.1010] long opened
[2024.07.09 20:53:48 - info ] [20210823.1455] 收盘平仓
[2024.07.09 20:53:48 - info ] [20210909.1335] long opened
[2024.07.09 20:53:48 - info ] [20210909.1455] 收盘平仓
[2024.07.09 20:53:48 - info ] [20211119.1410] short opened
[2024.07.09 20:53:48 - info ] [20211119.1455] 收盘平仓
[2024.07.09 20:53:48 - info ] [20211122.905] short opened
[2024.07.09 20:53:48 - info ] [20211122.1455] 收盘平仓
[2024.07.09 20:53:48 - info ] [20211215.1045] long opened
[2024.07.09 20:53:48 - info ] [20211215.1455] 收盘平仓
[2024.07.09 20:53:49 - info ] [20220119.905] long opened
[2024.07.09 20:53:49 - info ] [20220119.1455] 收盘平仓
[2024.07.09 20:53:49 - info ] [20220121.905] short opened
[2024.07.09 20:53:49 - info ] [20220121.1455] 收盘平仓
[2024.07.09 20:53:49 - info ] [20220208.1010] long opened
[2024.07.09 20:53:49 - info ] [20220208.1455] 收盘平仓
[2024.07.09 20:53:49 - info ] [20220216.905] long opened
[2024.07.09 20:53:49 - info ] [20220216.1455] 收盘平仓
[2024.07.09 20:53:49 - info ] [20220218.1035] long opened
[2024.07.09 20:53:49 - info ] [20220218.1455] 收盘平仓
[2024.07.09 20:53:49 - info ] [20220401.1015] long opened
[2024.07.09 20:53:49 - info ] [20220401.1455] 收盘平仓
[2024.07.09 20:53:49 - info ] [20220408.905] short opened
[2024.07.09 20:53:49 - info ] [20220408.1455] 收盘平仓
[2024.07.09 20:53:49 - info ] [20220419.1125] long opened
[2024.07.09 20:53:49 - info ] [20220419.1455] 收盘平仓
[2024.07.09 20:53:49 - info ] [20220511.1335] short opened
[2024.07.09 20:53:49 - info ] [20220511.1455] 收盘平仓
[2024.07.09 20:53:49 - info ] [20220512.905] short opened
[2024.07.09 20:53:49 - info ] [20220512.1455] 收盘平仓
[2024.07.09 20:53:49 - info ] [20220513.910] short opened
[2024.07.09 20:53:49 - info ] [20220513.1455] 收盘平仓
[2024.07.09 20:53:49 - info ] [20220516.910] short opened
[2024.07.09 20:53:49 - info ] [20220516.1455] 收盘平仓
[2024.07.09 20:53:50 - info ] [20220629.1350] long opened
[2024.07.09 20:53:50 - info ] [20220629.1455] 收盘平仓
[2024.07.09 20:53:50 - info ] [20220630.915] long opened
[2024.07.09 20:53:50 - info ] [20220630.1455] 收盘平仓
[2024.07.09 20:53:50 - info ] [20220715.930] long opened
[2024.07.09 20:53:50 - info ] [20220715.1455] 收盘平仓
[2024.07.09 20:53:50 - info ] [20220727.920] short opened
[2024.07.09 20:53:50 - info ] [20220727.1130] short stop loss
[2024.07.09 20:53:50 - info ] [20220728.905] long opened
[2024.07.09 20:53:50 - info ] [20220728.1455] 收盘平仓
[2024.07.09 20:53:50 - info ] [20220908.920] long opened
[2024.07.09 20:53:50 - info ] [20220908.1410] long stop loss
[2024.07.09 20:53:50 - info ] [20220914.905] short opened
[2024.07.09 20:53:50 - info ] [20220914.1455] 收盘平仓
[2024.07.09 20:53:50 - info ] [20220921.905] long opened
[2024.07.09 20:53:50 - info ] [20220921.1455] 收盘平仓
[2024.07.09 20:53:50 - info ] [20221011.905] short opened
[2024.07.09 20:53:50 - info ] [20221011.1455] 收盘平仓
[2024.07.09 20:53:50 - info ] [20221107.905] short opened
[2024.07.09 20:53:50 - info ] [20221107.1455] 收盘平仓
[2024.07.09 20:53:50 - info ] [20221116.905] long opened
[2024.07.09 20:53:50 - info ] [20221116.1455] 收盘平仓
[2024.07.09 20:53:50 - info ] [20221207.1005] long opened
[2024.07.09 20:53:50 - info ] [20221207.1455] 收盘平仓
[2024.07.09 20:53:51 - info ] [20221220.930] short opened
[2024.07.09 20:53:51 - info ] [20221220.1455] 收盘平仓
[2024.07.09 20:53:51 - info ] [20221221.935] short opened
[2024.07.09 20:53:51 - info ] [20221221.1455] 收盘平仓
[2024.07.09 20:53:51 - info ] [20221227.905] long opened
[2024.07.09 20:53:51 - info ] [20221227.1455] 收盘平仓
[2024.07.09 20:53:51 - info ] [20221229.905] short opened
[2024.07.09 20:53:51 - info ] [20221229.1455] 收盘平仓
[2024.07.09 20:53:51 - info ] [20230208.1130] long opened
[2024.07.09 20:53:51 - info ] [20230208.1455] 收盘平仓
[2024.07.09 20:53:51 - info ] [20230210.930] short opened
[2024.07.09 20:53:51 - info ] [20230210.1455] 收盘平仓
[2024.07.09 20:53:51 - info ] [20230223.905] long opened
[2024.07.09 20:53:51 - info ] [20230223.1420] long stop loss
[2024.07.09 20:53:51 - info ] [20230303.1035] long opened
[2024.07.09 20:53:51 - info ] [20230303.1455] 收盘平仓
[2024.07.09 20:53:51 - info ] [20230320.945] long opened
[2024.07.09 20:53:51 - info ] [20230320.1455] 收盘平仓
[2024.07.09 20:53:51 - info ] [20230323.1355] short opened
[2024.07.09 20:53:51 - info ] [20230323.1455] 收盘平仓
[2024.07.09 20:53:51 - info ] [20230403.905] short opened
[2024.07.09 20:53:51 - info ] [20230403.1455] 收盘平仓
[2024.07.09 20:53:51 - info ] Strategy has been scheduled 156693 times, totally taking 13849848 us, 88.388 us each time
[2024.07.09 20:53:51 - debug] Notify strategy the end of backtest
